05-24  16:48:53.054  INFO  -||- [com.alibaba.nacos.client.config.impl.LocalConfigInfoProcessor] [main] => LOCAL_SNAPSHOT_PATH:C:\Users\2797\nacos\config
05-24  16:48:53.079  INFO  -||- [com.alibaba.nacos.client.config.impl.Limiter] [main] => limitTime:5.0
05-24  16:48:53.094  WARN  -||- [com.alibaba.cloud.nacos.client.NacosPropertySourceBuilder] [main] => Ignore the empty nacos configuration and get it based on dataId[cc] & group[TEST_GROUP]
05-24  16:48:53.096  WARN  -||- [com.alibaba.cloud.nacos.client.NacosPropertySourceBuilder] [main] => Ignore the empty nacos configuration and get it based on dataId[cc.yaml] & group[TEST_GROUP]
05-24  16:48:53.099  INFO  -||- [com.alibaba.nacos.client.config.utils.JVMUtil] [main] => isMultiInstance:false
05-24  16:48:53.107  INFO  -||- [org.springframework.cloud.bootstrap.config.PropertySourceBootstrapConfiguration] [main] => Located property source: [BootstrapPropertySource {name='bootstrapProperties-cc-test.yaml,TEST_GROUP'}, BootstrapPropertySource {name='bootstrapProperties-cc.yaml,TEST_GROUP'}, BootstrapPropertySource {name='bootstrapProperties-cc,TEST_GROUP'}]
05-24  16:48:53.159  INFO  -||- [com.chenfan.finance.FinanceApplication] [main] => The following profiles are active: test
05-24  16:48:54.509  WARN  -||- [org.springframework.boot.actuate.endpoint.EndpointId] [main] => Endpoint ID 'nacos-config' contains invalid characters, please migrate to a valid format.
05-24  16:48:54.514  WARN  -||- [org.springframework.boot.actuate.endpoint.EndpointId] [main] => Endpoint ID 'nacos-discovery' contains invalid characters, please migrate to a valid format.
05-24  16:48:54.805  INFO  -||- [org.springframework.data.repository.config.RepositoryConfigurationDelegate] [main] => Multiple Spring Data modules found, entering strict repository configuration mode!
05-24  16:48:54.805  INFO  -||- [org.springframework.data.repository.config.RepositoryConfigurationDelegate] [main] => Bootstrapping Spring Data JPA repositories in DEFAULT mode.
05-24  16:48:54.852  INFO  -||- [org.springframework.data.repository.config.RepositoryConfigurationDelegate] [main] => Finished Spring Data repository scanning in 40ms. Found 0 JPA repository interfaces.
05-24  16:48:54.857  INFO  -||- [org.springframework.data.repository.config.RepositoryConfigurationDelegate] [main] => Multiple Spring Data modules found, entering strict repository configuration mode!
05-24  16:48:54.858  INFO  -||- [org.springframework.data.repository.config.RepositoryConfigurationDelegate] [main] => Bootstrapping Spring Data MongoDB repositories in DEFAULT mode.
05-24  16:48:54.878  INFO  -||- [org.springframework.data.repository.config.RepositoryConfigurationDelegate] [main] => Finished Spring Data repository scanning in 20ms. Found 0 MongoDB repository interfaces.
05-24  16:48:54.890  INFO  -||- [org.springframework.data.repository.config.RepositoryConfigurationDelegate] [main] => Multiple Spring Data modules found, entering strict repository configuration mode!
05-24  16:48:54.891  INFO  -||- [org.springframework.data.repository.config.RepositoryConfigurationDelegate] [main] => Bootstrapping Spring Data Redis repositories in DEFAULT mode.
05-24  16:48:54.922  INFO  -||- [org.springframework.data.repository.config.RepositoryConfigurationDelegate] [main] => Finished Spring Data repository scanning in 21ms. Found 0 Redis repository interfaces.
05-24  16:48:54.992  WARN  -||- [org.springframework.boot.actuate.endpoint.EndpointId] [main] => Endpoint ID 'service-registry' contains invalid characters, please migrate to a valid format.
05-24  16:48:55.171  INFO  -||- [org.springframework.context.annotation.ConfigurationClassPostProcessor] [main] => Cannot enhance @Configuration bean definition 'com.chenfan.ccp.autoconfigure.GlobalMqMessageConfigure' since its singleton instance has been created too early. The typical cause is a non-static @Bean method with a BeanDefinitionRegistryPostProcessor return type: Consider declaring such methods as 'static'.
05-24  16:48:55.262  INFO  -||- [org.springframework.cloud.context.scope.GenericScope] [main] => BeanFactory id=c4b1dc0d-1832-3a38-b8da-0981fa8e7db1
05-24  16:48:55.304  INFO  -||- [org.springframework.context.support.PostProcessorRegistrationDelegate$BeanPostProcessorChecker] [main] => Bean 'com.chenfan.finance.server.BaseInfoRemoteServer' of type [org.springframework.cloud.openfeign.FeignClientFactoryBean] is not eligible for getting processed by all BeanPostProcessors (for example: not eligible for auto-proxying)
05-24  16:48:55.305  INFO  -||- [org.springframework.context.support.PostProcessorRegistrationDelegate$BeanPostProcessorChecker] [main] => Bean 'com.chenfan.finance.server.BaseRemoteServer' of type [org.springframework.cloud.openfeign.FeignClientFactoryBean] is not eligible for getting processed by all BeanPostProcessors (for example: not eligible for auto-proxying)
05-24  16:48:55.306  INFO  -||- [org.springframework.context.support.PostProcessorRegistrationDelegate$BeanPostProcessorChecker] [main] => Bean 'com.chenfan.finance.server.McnRemoteServer' of type [org.springframework.cloud.openfeign.FeignClientFactoryBean] is not eligible for getting processed by all BeanPostProcessors (for example: not eligible for auto-proxying)
05-24  16:48:55.307  INFO  -||- [org.springframework.context.support.PostProcessorRegistrationDelegate$BeanPostProcessorChecker] [main] => Bean 'com.chenfan.finance.server.PrivilegeUserServer' of type [org.springframework.cloud.openfeign.FeignClientFactoryBean] is not eligible for getting processed by all BeanPostProcessors (for example: not eligible for auto-proxying)
05-24  16:48:55.308  INFO  -||- [org.springframework.context.support.PostProcessorRegistrationDelegate$BeanPostProcessorChecker] [main] => Bean 'com.chenfan.finance.server.PurchaseRemoteServer' of type [org.springframework.cloud.openfeign.FeignClientFactoryBean] is not eligible for getting processed by all BeanPostProcessors (for example: not eligible for auto-proxying)
05-24  16:48:55.309  INFO  -||- [org.springframework.context.support.PostProcessorRegistrationDelegate$BeanPostProcessorChecker] [main] => Bean 'com.chenfan.finance.server.TaskRemoteServer' of type [org.springframework.cloud.openfeign.FeignClientFactoryBean] is not eligible for getting processed by all BeanPostProcessors (for example: not eligible for auto-proxying)
05-24  16:48:55.310  INFO  -||- [org.springframework.context.support.PostProcessorRegistrationDelegate$BeanPostProcessorChecker] [main] => Bean 'com.chenfan.finance.server.VendorCenterServer' of type [org.springframework.cloud.openfeign.FeignClientFactoryBean] is not eligible for getting processed by all BeanPostProcessors (for example: not eligible for auto-proxying)
05-24  16:48:55.311  INFO  -||- [org.springframework.context.support.PostProcessorRegistrationDelegate$BeanPostProcessorChecker] [main] => Bean 'com.chenfan.process.client.ProcessClient' of type [org.springframework.cloud.openfeign.FeignClientFactoryBean] is not eligible for getting processed by all BeanPostProcessors (for example: not eligible for auto-proxying)
05-24  16:48:55.313  INFO  -||- [org.springframework.context.support.PostProcessorRegistrationDelegate$BeanPostProcessorChecker] [main] => Bean 'com.chenfan.code.generate.CodeGenerateClient' of type [org.springframework.cloud.openfeign.FeignClientFactoryBean] is not eligible for getting processed by all BeanPostProcessors (for example: not eligible for auto-proxying)
05-24  16:48:55.876  INFO  -||- [org.springframework.boot.web.embedded.tomcat.TomcatWebServer] [main] => Tomcat initialized with port(s): 8092 (http)
05-24  16:48:55.886  INFO  -||- [org.apache.catalina.core.StandardService] [main] => Starting service [Tomcat]
05-24  16:48:55.886  INFO  -||- [org.apache.catalina.core.StandardEngine] [main] => Starting Servlet engine: [Apache Tomcat/9.0.37]
05-24  16:48:56.052  INFO  -||- [org.apache.catalina.core.ContainerBase.[Tomcat].[localhost].[/]] [main] => Initializing Spring embedded WebApplicationContext
05-24  16:48:56.052  INFO  -||- [org.springframework.boot.web.servlet.context.ServletWebServerApplicationContext] [main] => Root WebApplicationContext: initialization completed in 2869 ms
05-24  16:48:56.387  INFO  -||- [org.redisson.Version] [main] => Redisson 3.14.0
05-24  16:48:56.742  INFO  -||- [org.redisson.connection.pool.MasterPubSubConnectionPool] [redisson-netty-2-19] => 1 connections initialized for /10.228.81.233:6379
05-24  16:48:56.759  INFO  -||- [org.redisson.connection.pool.MasterConnectionPool] [redisson-netty-2-14] => 24 connections initialized for /10.228.81.233:6379
05-24  16:48:57.281  INFO  -||- [com.alibaba.druid.spring.boot.autoconfigure.DruidDataSourceAutoConfigure] [main] => Init DruidDataSource
05-24  16:48:57.389  WARN  -||- [com.alibaba.druid.pool.DruidDataSource] [main] => removeAbandoned is true, not use in production.
05-24  16:48:57.513  INFO  -||- [com.alibaba.druid.pool.DruidDataSource] [main] => {dataSource-1} inited
05-24  16:48:57.689  INFO  -||- [org.hibernate.jpa.internal.util.LogHelper] [main] => HHH000204: Processing PersistenceUnitInfo [name: default]
05-24  16:48:57.751  INFO  -||- [org.hibernate.Version] [main] => HHH000412: Hibernate ORM core version 5.4.18.Final
05-24  16:48:57.876  INFO  -||- [org.hibernate.annotations.common.Version] [main] => HCANN000001: Hibernate Commons Annotations {5.1.0.Final}
05-24  16:48:58.005  INFO  -||- [org.hibernate.dialect.Dialect] [main] => HHH000400: Using dialect: org.hibernate.dialect.MySQL57Dialect
05-24  16:48:58.220  INFO  -||- [org.hibernate.engine.transaction.jta.platform.internal.JtaPlatformInitiator] [main] => HHH000490: Using JtaPlatform implementation: [org.hibernate.engine.transaction.jta.platform.internal.NoJtaPlatform]
05-24  16:48:58.229  INFO  -||- [org.springframework.orm.jpa.LocalContainerEntityManagerFactoryBean] [main] => Initialized JPA EntityManagerFactory for persistence unit 'default'
05-24  16:48:58.707  WARN  -||- [com.baomidou.mybatisplus.core.injector.AbstractMethod] [main] => [com.chenfan.finance.dao.CfBankAndCashMapper.delete] Has been loaded by XML or SqlProvider or Mybatis's Annotation, so ignoring this injection for [class com.baomidou.mybatisplus.core.injector.methods.Delete]
05-24  16:48:59.344  WARN  -||- [com.baomidou.mybatisplus.core.injector.AbstractMethod] [main] => [com.chenfan.finance.dao.RuleBillingDetailMapper.insert] Has been loaded by XML or SqlProvider or Mybatis's Annotation, so ignoring this injection for [class com.baomidou.mybatisplus.core.injector.methods.Insert]
05-24  16:48:59.348  WARN  -||- [com.baomidou.mybatisplus.core.injector.AbstractMethod] [main] => [com.chenfan.finance.dao.RuleBillingDetailMapper.updateById] Has been loaded by XML or SqlProvider or Mybatis's Annotation, so ignoring this injection for [class com.baomidou.mybatisplus.core.injector.methods.UpdateById]
05-24  16:48:59.365  WARN  -||- [com.baomidou.mybatisplus.core.injector.AbstractMethod] [main] => [com.chenfan.finance.dao.RuleBillingHeaderMapper.insert] Has been loaded by XML or SqlProvider or Mybatis's Annotation, so ignoring this injection for [class com.baomidou.mybatisplus.core.injector.methods.Insert]
05-24  16:48:59.371  WARN  -||- [com.baomidou.mybatisplus.core.injector.AbstractMethod] [main] => [com.chenfan.finance.dao.RuleBillingHeaderMapper.selectById] Has been loaded by XML or SqlProvider or Mybatis's Annotation, so ignoring this injection for [class com.baomidou.mybatisplus.core.injector.methods.SelectById]
05-24  16:48:59.624  WARN  -||- [org.springframework.boot.autoconfigure.orm.jpa.JpaBaseConfiguration$JpaWebConfiguration] [main] => spring.jpa.open-in-view is enabled by default. Therefore, database queries may be performed during view rendering. Explicitly configure spring.jpa.open-in-view to disable this warning
05-24  16:49:01.937  INFO  -||- [com.alibaba.nacos.client.naming] [main] => initializer namespace from System Property :null
05-24  16:49:01.939  INFO  -||- [com.alibaba.nacos.client.naming] [main] => initializer namespace from System Environment :null
05-24  16:49:01.940  INFO  -||- [com.alibaba.nacos.client.naming] [main] => initializer namespace from System Property :null
05-24  16:49:02.059  INFO  -||- [org.mongodb.driver.cluster] [main] => Cluster created with settings {hosts=[10.228.86.202:27017], mode=SINGLE, requiredClusterType=UNKNOWN, serverSelectionTimeout='30000 ms', maxWaitQueueSize=500}
05-24  16:49:02.482  INFO  -||- [org.springframework.boot.actuate.endpoint.web.EndpointLinksResolver] [main] => Exposing 0 endpoint(s) beneath base path '/actuator'
05-24  16:49:02.684  INFO  -||- [org.springframework.scheduling.concurrent.ThreadPoolTaskScheduler] [main] => Initializing ExecutorService 'sheduleClearMemory'
05-24  16:49:02.696  INFO  -||- [com.chenfan.finance.config.XxlJobConfig] [main] => >>>>>>>>>>> xxl-job config init.
05-24  16:49:02.749  WARN  -||- [com.netflix.config.sources.URLConfigurationSource] [main] => No URLs will be polled as dynamic configuration sources.
05-24  16:49:02.750  INFO  -||- [com.netflix.config.sources.URLConfigurationSource] [main] => To enable URLs as dynamic configuration sources, define System property archaius.configurationSource.additionalUrls or make config.properties available on classpath.
05-24  16:49:02.754  WARN  -||- [com.netflix.config.sources.URLConfigurationSource] [main] => No URLs will be polled as dynamic configuration sources.
05-24  16:49:02.754  INFO  -||- [com.netflix.config.sources.URLConfigurationSource] [main] => To enable URLs as dynamic configuration sources, define System property archaius.configurationSource.additionalUrls or make config.properties available on classpath.
05-24  16:49:03.109  INFO  -||- [org.mongodb.driver.cluster] [cluster-ClusterId{value='60ab687ec671b45519c37876', description='null'}-10.228.86.202:27017] => Exception in monitor thread while connecting to server 10.228.86.202:27017
com.mongodb.MongoSocketOpenException: Exception opening socket
	at com.mongodb.internal.connection.SocketStream.open(SocketStream.java:70)
	at com.mongodb.internal.connection.InternalStreamConnection.open(InternalStreamConnection.java:128)
	at com.mongodb.internal.connection.DefaultServerMonitor$ServerMonitorRunnable.run(DefaultServerMonitor.java:117)
	at java.lang.Thread.run(Thread.java:748)
Caused by: java.net.ConnectException: Connection refused: connect
	at java.net.DualStackPlainSocketImpl.waitForConnect(Native Method)
	at java.net.DualStackPlainSocketImpl.socketConnect(DualStackPlainSocketImpl.java:81)
	at java.net.AbstractPlainSocketImpl.doConnect(AbstractPlainSocketImpl.java:476)
	at java.net.AbstractPlainSocketImpl.connectToAddress(AbstractPlainSocketImpl.java:218)
	at java.net.AbstractPlainSocketImpl.connect(AbstractPlainSocketImpl.java:200)
	at java.net.PlainSocketImpl.connect(PlainSocketImpl.java:162)
	at java.net.SocksSocketImpl.connect(SocksSocketImpl.java:394)
	at java.net.Socket.connect(Socket.java:606)
	at com.mongodb.internal.connection.SocketStreamHelper.initialize(SocketStreamHelper.java:64)
	at com.mongodb.internal.connection.SocketStream.initializeSocket(SocketStream.java:79)
	at com.mongodb.internal.connection.SocketStream.open(SocketStream.java:65)
	... 3 common frames omitted
05-24  16:49:03.891  INFO  -||- [com.xxl.job.core.executor.XxlJobExecutor] [main] => >>>>>>>>>>> xxl-job register jobhandler success, name:cfWdtRdCalculateTaskJob, jobHandler:com.xxl.job.core.handler.impl.MethodJobHandler@59c9df97[class com.chenfan.finance.job.FinanceJob#cfWdtRdCalculateTaskJob]
05-24  16:49:03.891  INFO  -||- [com.xxl.job.core.executor.XxlJobExecutor] [main] => >>>>>>>>>>> xxl-job register jobhandler success, name:cfRdCalculateTaskJob, jobHandler:com.xxl.job.core.handler.impl.MethodJobHandler@2dacf052[class com.chenfan.finance.job.FinanceJob#cfRdCalculateTaskJob]
05-24  16:49:03.891  INFO  -||- [com.xxl.job.core.executor.XxlJobExecutor] [main] => >>>>>>>>>>> xxl-job register jobhandler success, name:qcTaskJob, jobHandler:com.xxl.job.core.handler.impl.MethodJobHandler@35590f53[class com.chenfan.finance.job.FinanceJob#qcTaskJob]
05-24  16:49:03.891  INFO  -||- [com.xxl.job.core.executor.XxlJobExecutor] [main] => >>>>>>>>>>> xxl-job register jobhandler success, name:monitoringTask, jobHandler:com.xxl.job.core.handler.impl.MethodJobHandler@1d8ab0dc[class com.chenfan.finance.job.FinanceJob#monitoringTask]
05-24  16:49:04.014  INFO  -||- [com.xxl.job.core.server.EmbedServer] [Thread-82] => >>>>>>>>>>> xxl-job remoting server start success, nettype = class com.xxl.job.core.server.EmbedServer, port = 9999
05-24  16:49:05.439  INFO  -||- [org.springframework.boot.web.embedded.tomcat.TomcatWebServer] [main] => Tomcat started on port(s): 8092 (http) with context path ''
05-24  16:49:05.441  INFO  -||- [com.alibaba.nacos.client.naming] [main] => [BEAT] adding beat: {"cluster":"DEFAULT","ip":"10.228.84.57","metadata":{"preserved.register.source":"SPRING_CLOUD"},"period":5000,"port":8092,"scheduled":false,"serviceName":"TEST_GROUP@@chenfan-cloud-finance","stopped":false,"weight":1.0} to beat map.
05-24  16:49:05.452  INFO  -||- [com.alibaba.nacos.client.naming] [main] => [REGISTER-SERVICE] test registering service TEST_GROUP@@chenfan-cloud-finance with instance: {"clusterName":"DEFAULT","enabled":true,"ephemeral":true,"healthy":true,"instanceHeartBeatInterval":5000,"instanceHeartBeatTimeOut":15000,"ip":"10.228.84.57","ipDeleteTimeout":30000,"metadata":{"preserved.register.source":"SPRING_CLOUD"},"port":8092,"weight":1.0}
05-24  16:49:05.458  INFO  -||- [com.alibaba.cloud.nacos.registry.NacosServiceRegistry] [main] => nacos registry, TEST_GROUP chenfan-cloud-finance 10.228.84.57:8092 register finished
05-24  16:49:05.522  INFO  -||- [com.chenfan.finance.FinanceApplication] [main] => Started FinanceApplication in 13.565 seconds (JVM running for 14.97)
05-24  16:49:05.527  INFO  -||- [com.chenfan.finance.commons.base.FinanceProjectInitRunner] [main] => ====================== init start =======================
05-24  16:49:05.542  INFO  -||- [com.chenfan.finance.commons.base.FinanceProjectInitRunner] [main] =>  finance_project_key : fccf9a98-1fa0-45d9-b8f2-fe6fba9a2f95 
05-24  16:49:05.542  INFO  -||- [com.chenfan.finance.commons.base.FinanceProjectInitRunner] [main] => ====================== init end =======================
05-24  16:49:05.545  INFO  -||- [com.alibaba.nacos.client.config.impl.ClientWorker] [main] => [fixed-10.228.81.30_3848-test] [subscribe] cc-test.yaml+TEST_GROUP+test
05-24  16:49:05.547  INFO  -||- [com.alibaba.nacos.client.config.impl.CacheData] [main] => [fixed-10.228.81.30_3848-test] [add-listener] ok, tenant=test, dataId=cc-test.yaml, group=TEST_GROUP, cnt=1
05-24  16:49:05.547  INFO  -||- [com.alibaba.nacos.client.config.impl.ClientWorker] [main] => [fixed-10.228.81.30_3848-test] [subscribe] cc.yaml+TEST_GROUP+test
05-24  16:49:05.547  INFO  -||- [com.alibaba.nacos.client.config.impl.CacheData] [main] => [fixed-10.228.81.30_3848-test] [add-listener] ok, tenant=test, dataId=cc.yaml, group=TEST_GROUP, cnt=1
05-24  16:49:05.547  INFO  -||- [com.alibaba.nacos.client.config.impl.ClientWorker] [main] => [fixed-10.228.81.30_3848-test] [subscribe] cc+TEST_GROUP+test
05-24  16:49:05.547  INFO  -||- [com.alibaba.nacos.client.config.impl.CacheData] [main] => [fixed-10.228.81.30_3848-test] [add-listener] ok, tenant=test, dataId=cc, group=TEST_GROUP, cnt=1
05-24  16:49:05.549  INFO  -||- [com.chenfan.ccp.util.start.ApplicationContextUtil] [main] => ======================================================================================
05-24  16:49:05.549  INFO  -||- [com.chenfan.ccp.util.start.ApplicationContextUtil] [main] =>                                                                                       
05-24  16:49:05.549  INFO  -||- [com.chenfan.ccp.util.start.ApplicationContextUtil] [main] => ................................服务启动成功,端口为8092................................
05-24  16:49:05.549  INFO  -||- [com.chenfan.ccp.util.start.ApplicationContextUtil] [main] => ................................日志保存路径为: ./log/................................
05-24  16:49:05.549  INFO  -||- [com.chenfan.ccp.util.start.ApplicationContextUtil] [main] =>                                                                                       
05-24  16:49:05.549  INFO  -||- [com.chenfan.ccp.util.start.ApplicationContextUtil] [main] => ======================================================================================
05-24  16:49:05.557  INFO  -||- [com.alibaba.nacos.client.config.impl.ClientWorker] [com.alibaba.nacos.client.Worker.longPolling.fixed-10.228.81.30_3848-test] => get changedGroupKeys:[]
05-24  16:49:06.103  INFO  -||- [org.apache.catalina.core.ContainerBase.[Tomcat].[localhost].[/]] [RMI TCP Connection(3)-10.228.84.57] => Initializing Spring DispatcherServlet 'dispatcherServlet'
05-24  16:49:06.103  INFO  -||- [org.springframework.web.servlet.DispatcherServlet] [RMI TCP Connection(3)-10.228.84.57] => Initializing Servlet 'dispatcherServlet'
05-24  16:49:06.125  INFO  -||- [org.springframework.web.servlet.DispatcherServlet] [RMI TCP Connection(3)-10.228.84.57] => Completed initialization in 22 ms
05-24  16:49:06.177  INFO  -||- [org.mongodb.driver.cluster] [RMI TCP Connection(2)-10.228.84.57] => Cluster description not yet available. Waiting for 30000 ms before timing out
05-24  16:49:35.257  INFO  -||- [com.alibaba.nacos.client.config.impl.ClientWorker] [com.alibaba.nacos.client.Worker.longPolling.fixed-10.228.81.30_3848-test] => get changedGroupKeys:[]
05-24  16:49:36.212  WARN  -||- [org.springframework.boot.actuate.mongo.MongoHealthIndicator] [RMI TCP Connection(2)-10.228.84.57] => MongoDB health check failed
org.springframework.dao.DataAccessResourceFailureException: Timed out after 30000 ms while waiting to connect. Client view of cluster state is {type=UNKNOWN, servers=[{address=10.228.86.202:27017, type=UNKNOWN, state=CONNECTING, exception={com.mongodb.MongoSocketOpenException: Exception opening socket}, caused by {java.net.ConnectException: Connection refused: connect}}]; nested exception is com.mongodb.MongoTimeoutException: Timed out after 30000 ms while waiting to connect. Client view of cluster state is {type=UNKNOWN, servers=[{address=10.228.86.202:27017, type=UNKNOWN, state=CONNECTING, exception={com.mongodb.MongoSocketOpenException: Exception opening socket}, caused by {java.net.ConnectException: Connection refused: connect}}]
	at org.springframework.data.mongodb.core.MongoExceptionTranslator.translateExceptionIfPossible(MongoExceptionTranslator.java:90)
	at org.springframework.data.mongodb.core.MongoTemplate.potentiallyConvertRuntimeException(MongoTemplate.java:2902)
	at org.springframework.data.mongodb.core.MongoTemplate.execute(MongoTemplate.java:560)
	at org.springframework.data.mongodb.core.MongoTemplate.executeCommand(MongoTemplate.java:476)
	at org.springframework.boot.actuate.mongo.MongoHealthIndicator.doHealthCheck(MongoHealthIndicator.java:46)
	at org.springframework.boot.actuate.health.AbstractHealthIndicator.health(AbstractHealthIndicator.java:82)
	at org.springframework.boot.actuate.health.HealthIndicator.getHealth(HealthIndicator.java:37)
	at org.springframework.boot.actuate.health.HealthEndpoint.getHealth(HealthEndpoint.java:81)
	at org.springframework.boot.actuate.health.HealthEndpoint.getHealth(HealthEndpoint.java:38)
	at org.springframework.boot.actuate.health.HealthEndpointSupport.getContribution(HealthEndpointSupport.java:108)
	at org.springframework.boot.actuate.health.HealthEndpointSupport.getAggregateHealth(HealthEndpointSupport.java:119)
	at org.springframework.boot.actuate.health.HealthEndpointSupport.getContribution(HealthEndpointSupport.java:105)
	at org.springframework.boot.actuate.health.HealthEndpointSupport.getHealth(HealthEndpointSupport.java:83)
	at org.springframework.boot.actuate.health.HealthEndpointSupport.getHealth(HealthEndpointSupport.java:70)
	at org.springframework.boot.actuate.health.HealthEndpoint.health(HealthEndpoint.java:75)
	at org.springframework.boot.actuate.health.HealthEndpoint.health(HealthEndpoint.java:65)
	at sun.reflect.NativeMethodAccessorImpl.invoke0(Native Method)
	at sun.reflect.NativeMethodAccessorImpl.invoke(NativeMethodAccessorImpl.java:62)
	at sun.reflect.DelegatingMethodAccessorImpl.invoke(DelegatingMethodAccessorImpl.java:43)
	at java.lang.reflect.Method.invoke(Method.java:498)
	at org.springframework.util.ReflectionUtils.invokeMethod(ReflectionUtils.java:282)
	at org.springframework.boot.actuate.endpoint.invoke.reflect.ReflectiveOperationInvoker.invoke(ReflectiveOperationInvoker.java:77)
	at org.springframework.boot.actuate.endpoint.annotation.AbstractDiscoveredOperation.invoke(AbstractDiscoveredOperation.java:60)
	at org.springframework.boot.actuate.endpoint.jmx.EndpointMBean.invoke(EndpointMBean.java:121)
	at org.springframework.boot.actuate.endpoint.jmx.EndpointMBean.invoke(EndpointMBean.java:96)
	at com.sun.jmx.interceptor.DefaultMBeanServerInterceptor.invoke(DefaultMBeanServerInterceptor.java:819)
	at com.sun.jmx.mbeanserver.JmxMBeanServer.invoke(JmxMBeanServer.java:801)
	at javax.management.remote.rmi.RMIConnectionImpl.doOperation(RMIConnectionImpl.java:1468)
	at javax.management.remote.rmi.RMIConnectionImpl.access$300(RMIConnectionImpl.java:76)
	at javax.management.remote.rmi.RMIConnectionImpl$PrivilegedOperation.run(RMIConnectionImpl.java:1309)
	at javax.management.remote.rmi.RMIConnectionImpl.doPrivilegedOperation(RMIConnectionImpl.java:1401)
	at javax.management.remote.rmi.RMIConnectionImpl.invoke(RMIConnectionImpl.java:829)
	at sun.reflect.GeneratedMethodAccessor181.invoke(Unknown Source)
	at sun.reflect.DelegatingMethodAccessorImpl.invoke(DelegatingMethodAccessorImpl.java:43)
	at java.lang.reflect.Method.invoke(Method.java:498)
	at sun.rmi.server.UnicastServerRef.dispatch(UnicastServerRef.java:357)
	at sun.rmi.transport.Transport$1.run(Transport.java:200)
	at sun.rmi.transport.Transport$1.run(Transport.java:197)
	at java.security.AccessController.doPrivileged(Native Method)
	at sun.rmi.transport.Transport.serviceCall(Transport.java:196)
	at sun.rmi.transport.tcp.TCPTransport.handleMessages(TCPTransport.java:573)
	at sun.rmi.transport.tcp.TCPTransport$ConnectionHandler.run0(TCPTransport.java:834)
	at sun.rmi.transport.tcp.TCPTransport$ConnectionHandler.lambda$run$0(TCPTransport.java:688)
	at java.security.AccessController.doPrivileged(Native Method)
	at sun.rmi.transport.tcp.TCPTransport$ConnectionHandler.run(TCPTransport.java:687)
	at java.util.concurrent.ThreadPoolExecutor.runWorker(ThreadPoolExecutor.java:1149)
	at java.util.concurrent.ThreadPoolExecutor$Worker.run(ThreadPoolExecutor.java:624)
	at java.lang.Thread.run(Thread.java:748)
Caused by: com.mongodb.MongoTimeoutException: Timed out after 30000 ms while waiting to connect. Client view of cluster state is {type=UNKNOWN, servers=[{address=10.228.86.202:27017, type=UNKNOWN, state=CONNECTING, exception={com.mongodb.MongoSocketOpenException: Exception opening socket}, caused by {java.net.ConnectException: Connection refused: connect}}]
	at com.mongodb.internal.connection.BaseCluster.getDescription(BaseCluster.java:182)
	at com.mongodb.internal.connection.SingleServerCluster.getDescription(SingleServerCluster.java:41)
	at com.mongodb.client.internal.MongoClientDelegate.getConnectedClusterDescription(MongoClientDelegate.java:145)
	at com.mongodb.client.internal.MongoClientDelegate.createClientSession(MongoClientDelegate.java:100)
	at com.mongodb.client.internal.MongoClientDelegate$DelegateOperationExecutor.getClientSession(MongoClientDelegate.java:277)
	at com.mongodb.client.internal.MongoClientDelegate$DelegateOperationExecutor.execute(MongoClientDelegate.java:181)
	at com.mongodb.client.internal.MongoDatabaseImpl.executeCommand(MongoDatabaseImpl.java:186)
	at com.mongodb.client.internal.MongoDatabaseImpl.runCommand(MongoDatabaseImpl.java:155)
	at com.mongodb.client.internal.MongoDatabaseImpl.runCommand(MongoDatabaseImpl.java:150)
	at org.springframework.data.mongodb.core.MongoTemplate.lambda$executeCommand$2(MongoTemplate.java:476)
	at org.springframework.data.mongodb.core.MongoTemplate.execute(MongoTemplate.java:558)
	... 45 common frames omitted
05-24  16:49:42.801  INFO  -|bQFJ3afgWHEoP2gs|- [HTTP_LOG] [http-nio-8092-exec-1] => ========================\\                      
05-24  16:49:42.802  INFO  -|bQFJ3afgWHEoP2gs|- [HTTP_LOG] [http-nio-8092-exec-1] =>                          \\                     
05-24  16:49:42.802  INFO  -|bQFJ3afgWHEoP2gs|- [HTTP_LOG] [http-nio-8092-exec-1] =>                           \\                    
05-24  16:49:42.802  INFO  -|bQFJ3afgWHEoP2gs|- [HTTP_LOG] [http-nio-8092-exec-1] => RequestURI:        /tax/invoice/fields/balance
05-24  16:49:43.002  INFO  -|bQFJ3afgWHEoP2gs|- [HTTP_LOG] [http-nio-8092-exec-1] => RequestParams:     
05-24  16:49:43.002  INFO  -|bQFJ3afgWHEoP2gs|- [HTTP_LOG] [http-nio-8092-exec-1] => Total:             201ms
05-24  16:49:43.002  INFO  -|bQFJ3afgWHEoP2gs|- [HTTP_LOG] [http-nio-8092-exec-1] =>                           //                      
05-24  16:49:43.002  INFO  -|bQFJ3afgWHEoP2gs|- [HTTP_LOG] [http-nio-8092-exec-1] =>                          //                       
05-24  16:49:43.003  INFO  -|bQFJ3afgWHEoP2gs|- [HTTP_LOG] [http-nio-8092-exec-1] => ========================//                        



05-24  16:49:48.005  INFO  -|bQFJ3afgWHEoP2Pc|- [HTTP_LOG] [http-nio-8092-exec-2] => ========================\\                      
05-24  16:49:48.005  INFO  -|bQFJ3afgWHEoP2Pc|- [HTTP_LOG] [http-nio-8092-exec-2] =>                          \\                     
05-24  16:49:48.006  INFO  -|bQFJ3afgWHEoP2Pc|- [HTTP_LOG] [http-nio-8092-exec-2] =>                           \\                    
05-24  16:49:48.006  INFO  -|bQFJ3afgWHEoP2Pc|- [HTTP_LOG] [http-nio-8092-exec-2] => RequestURI:        /tax/invoice/detail
05-24  16:49:48.066  DEBUG -|bQFJ3afgWHEoP2Pc|- [com.chenfan.finance.dao.CfTaxInvoiceHeaderMapper.selectById] [http-nio-8092-exec-2] => ==>  Preparing: SELECT tax_invoice_id,tax_invoice_no,tax_invoice_status,tax_invoice_type,tax_invoice_way,job_type,brand_id,invoice_title,invoice_title_type,taxpayer_identification_number,billing_address,billing_account,billing_tel,billing_bank,invoicel_debit,billing_content,remark,invoice_no,invoice_date,payment_days,invoice_remark,clear_status,create_by,create_date,create_name,update_by,update_date,update_name,company_id,tenant_id,flow_id FROM cf_tax_invoice_header WHERE tax_invoice_id=?
05-24  16:49:48.118  DEBUG -|bQFJ3afgWHEoP2Pc|- [com.chenfan.finance.dao.CfTaxInvoiceHeaderMapper.selectById] [http-nio-8092-exec-2] => ==> Parameters: 179(Long)
05-24  16:49:48.137  DEBUG -|bQFJ3afgWHEoP2Pc|- [com.chenfan.finance.dao.CfTaxInvoiceHeaderMapper.selectById] [http-nio-8092-exec-2] => <==      Total: 1
05-24  16:49:48.138  INFO  -|bQFJ3afgWHEoP2Pc|- [com.chenfan.ccp.plug.log.handler.DynamicDataSourceInterceptor] [http-nio-8092-exec-2] =>     [sql]: ==> select * from cf_tax_invoice_header where tax_invoice_id=179  <==   |   [time]: ==> 28 ms <==   |   [size]: ==> 1 <==   |   [result]: ==> [CfTaxInvoiceHeader( ...  <==
05-24  16:49:48.205  DEBUG -|bQFJ3afgWHEoP2Pc|- [com.chenfan.finance.dao.CfTaxInvoiceDetailMapper.selectList] [http-nio-8092-exec-2] => ==>  Preparing: SELECT tax_invoice_detail_id,tax_invoice_id,charge_id,charge_code,balance,charge_type,arap_type,exchange_rate,price_pp,invoice_qty,currency_code,invoice_debit,finance_entity,charge_source_type,charge_source_code,remark,create_by,create_name,create_date,update_by,update_date FROM cf_tax_invoice_detail WHERE (tax_invoice_id = ?)
05-24  16:49:48.208  DEBUG -|bQFJ3afgWHEoP2Pc|- [com.chenfan.finance.dao.CfTaxInvoiceDetailMapper.selectList] [http-nio-8092-exec-2] => ==> Parameters: 179(Long)
05-24  16:49:48.211  DEBUG -|bQFJ3afgWHEoP2Pc|- [com.chenfan.finance.dao.CfTaxInvoiceDetailMapper.selectList] [http-nio-8092-exec-2] => <==      Total: 1
05-24  16:49:48.213  INFO  -|bQFJ3afgWHEoP2Pc|- [com.chenfan.ccp.plug.log.handler.DynamicDataSourceInterceptor] [http-nio-8092-exec-2] =>     [sql]: ==> select * from cf_tax_invoice_detail where (tax_invoice_id = 179) <==   |   [time]: ==> 6 ms <==   |   [size]: ==> 1 <==   |   [result]: ==> [CfTaxInvoiceDetail( ...  <==
05-24  16:49:48.228  DEBUG -|bQFJ3afgWHEoP2Pc|- [com.chenfan.finance.dao.CfClearHeaderMapper.selectOne] [http-nio-8092-exec-2] => ==>  Preparing: SELECT clear_id,clear_no,invoice_no,clear_method,clear_status,job_type,actual_ar_ap_date,brand_id,balance,fi_user,bank,bank_no,bank_amount,check_no,currency_code,exchange_rate,clear_date,clear_by,clear_debit,clear_credit,clear_type,clear_balance,now_clear_debit,now_clear_credit,now_clear_type,now_clear_balance,last_balance_debit,last_balance_credit,last_balance_type,last_balance_balance,now_balance_debit,now_balance_credit,now_balance_type,now_balance_balance,remark,company_id,create_by,create_name,create_date,update_by,update_name,update_date FROM cf_clear_header WHERE (clear_status <> ? AND invoice_no = ?)
05-24  16:49:48.238  DEBUG -|bQFJ3afgWHEoP2Pc|- [com.chenfan.finance.dao.CfClearHeaderMapper.selectOne] [http-nio-8092-exec-2] => ==> Parameters: 0(Integer), FP202105210001(String)
05-24  16:49:48.244  DEBUG -|bQFJ3afgWHEoP2Pc|- [com.chenfan.finance.dao.CfClearHeaderMapper.selectOne] [http-nio-8092-exec-2] => <==      Total: 0
05-24  16:49:48.244  INFO  -|bQFJ3afgWHEoP2Pc|- [com.chenfan.ccp.plug.log.handler.DynamicDataSourceInterceptor] [http-nio-8092-exec-2] =>     [sql]: ==> select * from cf_clear_header where (clear_status <> 0 and invoice_no = 'fp202105210001') <==   |   [time]: ==> 13 ms <==   |   [size]: ==> 0 <==   |   [result]: ==> []  <==
05-24  16:49:48.254  DEBUG -|bQFJ3afgWHEoP2Pc|- [com.chenfan.finance.dao.ApprovalFlowMapper.selectList] [http-nio-8092-exec-2] => ==>  Preparing: SELECT id,src_id,process_id,approval_id,active_status,create_date FROM approval_flow WHERE (src_id = ? AND process_id = ?) ORDER BY id DESC
05-24  16:49:48.257  DEBUG -|bQFJ3afgWHEoP2Pc|- [com.chenfan.finance.dao.ApprovalFlowMapper.selectList] [http-nio-8092-exec-2] => ==> Parameters: 179(Long), 1366992970401710080(Long)
05-24  16:49:48.259  DEBUG -|bQFJ3afgWHEoP2Pc|- [com.chenfan.finance.dao.ApprovalFlowMapper.selectList] [http-nio-8092-exec-2] => <==      Total: 1
05-24  16:49:48.260  INFO  -|bQFJ3afgWHEoP2Pc|- [com.chenfan.ccp.plug.log.handler.DynamicDataSourceInterceptor] [http-nio-8092-exec-2] =>     [sql]: ==> select * from approval_flow where (src_id = 179 and process_id = 1366992970401710080) order by id desc <==   |   [time]: ==> 5 ms <==   |   [size]: ==> 1 <==   |   [result]: ==> [ApprovalFlow(id=127 ...  <==
05-24  16:49:48.291  DEBUG -|bQFJ3afgWHEoP2Pc|- [com.chenfan.finance.dao.CfChargeCommonMapper.selectOne] [http-nio-8092-exec-2] => ==>  Preparing: SELECT charge_id,charge_code,charge_source_type,charge_type,check_status,arap_type,split_type,charge_source_code,charge_source_detail,currency_code,exchange_rate,tax_rate,charge_unit,charge_qty,price_pp,amount_pp,balance,finance_entity,charge_month_belong_to,tax_invoice_no,tax_invoice_date,invoice_no,invoice_title,invoice_title_name,invoice_date,clear_no,actual_amount,actual_date,actual_history_date,remark,charge_date,bill_source_type,invoice_entrance_date,sett_template,create_by,create_name,create_date,company_id,tenant_id,update_by,update_name,update_date,parent_id,split_id,brand_id FROM cf_charge_common WHERE (charge_id = ? AND check_status <> ?)
05-24  16:49:48.293  DEBUG -|bQFJ3afgWHEoP2Pc|- [com.chenfan.finance.dao.CfChargeCommonMapper.selectOne] [http-nio-8092-exec-2] => ==> Parameters: 9180(Long), 0(Integer)
05-24  16:49:48.297  DEBUG -|bQFJ3afgWHEoP2Pc|- [com.chenfan.finance.dao.CfChargeCommonMapper.selectOne] [http-nio-8092-exec-2] => <==      Total: 0
05-24  16:49:48.298  INFO  -|bQFJ3afgWHEoP2Pc|- [com.chenfan.ccp.plug.log.handler.DynamicDataSourceInterceptor] [http-nio-8092-exec-2] =>     [sql]: ==> select * from cf_charge_common where (charge_id = 9180 and check_status <> 0) <==   |   [time]: ==> 6 ms <==   |   [size]: ==> 0 <==   |   [result]: ==> []  <==
05-24  16:49:48.302  ERROR -|bQFJ3afgWHEoP2Pc|- [com.chenfan.common.exception.GlobalDefaultExceptionHandler] [http-nio-8092-exec-2] => [[Exception, ERROR, null]] {}: {}
java.lang.NullPointerException: null
	at com.chenfan.finance.service.common.TaxInvoiceCommonService.detail(TaxInvoiceCommonService.java:203)
	at com.chenfan.finance.service.common.TaxInvoiceCommonService$$FastClassBySpringCGLIB$$c5d77bc8.invoke(<generated>)
	at org.springframework.cglib.proxy.MethodProxy.invoke(MethodProxy.java:218)
	at org.springframework.aop.framework.CglibAopProxy$DynamicAdvisedInterceptor.intercept(CglibAopProxy.java:687)
	at com.chenfan.finance.service.common.TaxInvoiceCommonService$$EnhancerBySpringCGLIB$$4d300158.detail(<generated>)
	at com.chenfan.finance.controller.common.TaxInvoiceCommonController.detail(TaxInvoiceCommonController.java:79)
	at sun.reflect.NativeMethodAccessorImpl.invoke0(Native Method)
	at sun.reflect.NativeMethodAccessorImpl.invoke(NativeMethodAccessorImpl.java:62)
	at sun.reflect.DelegatingMethodAccessorImpl.invoke(DelegatingMethodAccessorImpl.java:43)
	at java.lang.reflect.Method.invoke(Method.java:498)
	at org.springframework.web.method.support.InvocableHandlerMethod.doInvoke(InvocableHandlerMethod.java:190)
	at org.springframework.web.method.support.InvocableHandlerMethod.invokeForRequest(InvocableHandlerMethod.java:138)
	at org.springframework.web.servlet.mvc.method.annotation.ServletInvocableHandlerMethod.invokeAndHandle(ServletInvocableHandlerMethod.java:105)
	at org.springframework.web.servlet.mvc.method.annotation.RequestMappingHandlerAdapter.invokeHandlerMethod(RequestMappingHandlerAdapter.java:878)
	at org.springframework.web.servlet.mvc.method.annotation.RequestMappingHandlerAdapter.handleInternal(RequestMappingHandlerAdapter.java:792)
	at org.springframework.web.servlet.mvc.method.AbstractHandlerMethodAdapter.handle(AbstractHandlerMethodAdapter.java:87)
	at org.springframework.web.servlet.DispatcherServlet.doDispatch(DispatcherServlet.java:1040)
	at org.springframework.web.servlet.DispatcherServlet.doService(DispatcherServlet.java:943)
	at org.springframework.web.servlet.FrameworkServlet.processRequest(FrameworkServlet.java:1006)
	at org.springframework.web.servlet.FrameworkServlet.doGet(FrameworkServlet.java:898)
	at javax.servlet.http.HttpServlet.service(HttpServlet.java:626)
	at org.springframework.web.servlet.FrameworkServlet.service(FrameworkServlet.java:883)
	at javax.servlet.http.HttpServlet.service(HttpServlet.java:733)
	at org.apache.catalina.core.ApplicationFilterChain.internalDoFilter(ApplicationFilterChain.java:231)
	at org.apache.catalina.core.ApplicationFilterChain.doFilter(ApplicationFilterChain.java:166)
	at org.apache.tomcat.websocket.server.WsFilter.doFilter(WsFilter.java:53)
	at org.apache.catalina.core.ApplicationFilterChain.internalDoFilter(ApplicationFilterChain.java:193)
	at org.apache.catalina.core.ApplicationFilterChain.doFilter(ApplicationFilterChain.java:166)
	at com.chenfan.ccp.plug.log.config.FilterConfig$CustomFilter.traceHttp(FilterConfig.java:144)
	at com.chenfan.ccp.plug.log.config.FilterConfig$CustomFilter.doFilter(FilterConfig.java:200)
	at org.apache.catalina.core.ApplicationFilterChain.internalDoFilter(ApplicationFilterChain.java:193)
	at org.apache.catalina.core.ApplicationFilterChain.doFilter(ApplicationFilterChain.java:166)
	at org.springframework.web.filter.RequestContextFilter.doFilterInternal(RequestContextFilter.java:100)
	at org.springframework.web.filter.OncePerRequestFilter.doFilter(OncePerRequestFilter.java:119)
	at org.apache.catalina.core.ApplicationFilterChain.internalDoFilter(ApplicationFilterChain.java:193)
	at org.apache.catalina.core.ApplicationFilterChain.doFilter(ApplicationFilterChain.java:166)
	at org.springframework.web.filter.FormContentFilter.doFilterInternal(FormContentFilter.java:93)
	at org.springframework.web.filter.OncePerRequestFilter.doFilter(OncePerRequestFilter.java:119)
	at org.apache.catalina.core.ApplicationFilterChain.internalDoFilter(ApplicationFilterChain.java:193)
	at org.apache.catalina.core.ApplicationFilterChain.doFilter(ApplicationFilterChain.java:166)
	at org.springframework.session.web.http.SessionRepositoryFilter.doFilterInternal(SessionRepositoryFilter.java:141)
	at org.springframework.session.web.http.OncePerRequestFilter.doFilter(OncePerRequestFilter.java:82)
	at org.apache.catalina.core.ApplicationFilterChain.internalDoFilter(ApplicationFilterChain.java:193)
	at org.apache.catalina.core.ApplicationFilterChain.doFilter(ApplicationFilterChain.java:166)
	at org.springframework.boot.actuate.metrics.web.servlet.WebMvcMetricsFilter.doFilterInternal(WebMvcMetricsFilter.java:109)
	at org.springframework.web.filter.OncePerRequestFilter.doFilter(OncePerRequestFilter.java:119)
	at org.apache.catalina.core.ApplicationFilterChain.internalDoFilter(ApplicationFilterChain.java:193)
	at org.apache.catalina.core.ApplicationFilterChain.doFilter(ApplicationFilterChain.java:166)
	at org.springframework.web.filter.CharacterEncodingFilter.doFilterInternal(CharacterEncodingFilter.java:201)
	at org.springframework.web.filter.OncePerRequestFilter.doFilter(OncePerRequestFilter.java:119)
	at org.apache.catalina.core.ApplicationFilterChain.internalDoFilter(ApplicationFilterChain.java:193)
	at org.apache.catalina.core.ApplicationFilterChain.doFilter(ApplicationFilterChain.java:166)
	at org.apache.catalina.core.StandardWrapperValve.invoke(StandardWrapperValve.java:202)
	at org.apache.catalina.core.StandardContextValve.invoke(StandardContextValve.java:96)
	at org.apache.catalina.authenticator.AuthenticatorBase.invoke(AuthenticatorBase.java:541)
	at org.apache.catalina.core.StandardHostValve.invoke(StandardHostValve.java:139)
	at org.apache.catalina.valves.ErrorReportValve.invoke(ErrorReportValve.java:92)
	at org.apache.catalina.core.StandardEngineValve.invoke(StandardEngineValve.java:74)
	at org.apache.catalina.connector.CoyoteAdapter.service(CoyoteAdapter.java:343)
	at org.apache.coyote.http11.Http11Processor.service(Http11Processor.java:373)
	at org.apache.coyote.AbstractProcessorLight.process(AbstractProcessorLight.java:65)
	at org.apache.coyote.AbstractProtocol$ConnectionHandler.process(AbstractProtocol.java:868)
	at org.apache.tomcat.util.net.NioEndpoint$SocketProcessor.doRun(NioEndpoint.java:1589)
	at org.apache.tomcat.util.net.SocketProcessorBase.run(SocketProcessorBase.java:49)
	at java.util.concurrent.ThreadPoolExecutor.runWorker(ThreadPoolExecutor.java:1149)
	at java.util.concurrent.ThreadPoolExecutor$Worker.run(ThreadPoolExecutor.java:624)
	at org.apache.tomcat.util.threads.TaskThread$WrappingRunnable.run(TaskThread.java:61)
	at java.lang.Thread.run(Thread.java:748)
05-24  16:49:48.315  INFO  -|bQFJ3afgWHEoP2Pc|- [HTTP_LOG] [http-nio-8092-exec-2] => RequestParams:     taxInvoiceId=179
05-24  16:49:48.315  INFO  -|bQFJ3afgWHEoP2Pc|- [HTTP_LOG] [http-nio-8092-exec-2] => Total:             310ms
05-24  16:49:48.315  INFO  -|bQFJ3afgWHEoP2Pc|- [HTTP_LOG] [http-nio-8092-exec-2] =>                           //                      
05-24  16:49:48.315  INFO  -|bQFJ3afgWHEoP2Pc|- [HTTP_LOG] [http-nio-8092-exec-2] =>                          //                       
05-24  16:49:48.316  INFO  -|bQFJ3afgWHEoP2Pc|- [HTTP_LOG] [http-nio-8092-exec-2] => ========================//                        



05-24  16:50:04.759  INFO  -||- [com.alibaba.nacos.client.config.impl.ClientWorker] [com.alibaba.nacos.client.Worker.longPolling.fixed-10.228.81.30_3848-test] => get changedGroupKeys:[]
05-24  16:50:16.690  INFO  -|bQFJ3afgWHEoP2mq|- [HTTP_LOG] [http-nio-8092-exec-3] => ========================\\                      
05-24  16:50:16.691  INFO  -|bQFJ3afgWHEoP2mq|- [HTTP_LOG] [http-nio-8092-exec-3] =>                          \\                     
05-24  16:50:16.691  INFO  -|bQFJ3afgWHEoP2mq|- [HTTP_LOG] [http-nio-8092-exec-3] =>                           \\                    
05-24  16:50:16.691  INFO  -|bQFJ3afgWHEoP2mq|- [HTTP_LOG] [http-nio-8092-exec-3] => RequestURI:        /bank_and_cash/createNameList
05-24  16:50:16.717  INFO  -|bQFJ3afgWHEoP2l6|- [HTTP_LOG] [http-nio-8092-exec-4] => ========================\\                      
05-24  16:50:16.719  INFO  -|bQFJ3afgWHEoP2l6|- [HTTP_LOG] [http-nio-8092-exec-4] =>                          \\                     
05-24  16:50:16.719  INFO  -|bQFJ3afgWHEoP2l6|- [HTTP_LOG] [http-nio-8092-exec-4] =>                           \\                    
05-24  16:50:16.720  INFO  -|bQFJ3afgWHEoP2l6|- [HTTP_LOG] [http-nio-8092-exec-4] => RequestURI:        /charge/common/finance/entity
05-24  16:50:16.732  DEBUG -|bQFJ3afgWHEoP2mq|- [com.chenfan.finance.dao.CfBankAndCashMapper.selectList] [http-nio-8092-exec-3] => ==>  Preparing: SELECT create_by,create_name FROM cf_bank_and_cash GROUP BY create_name
05-24  16:50:16.737  DEBUG -|bQFJ3afgWHEoP2mq|- [com.chenfan.finance.dao.CfBankAndCashMapper.selectList] [http-nio-8092-exec-3] => ==> Parameters: 
05-24  16:50:16.746  DEBUG -|bQFJ3afgWHEoP2mq|- [com.chenfan.finance.dao.CfBankAndCashMapper.selectList] [http-nio-8092-exec-3] => <==      Total: 25
05-24  16:50:16.748  INFO  -|bQFJ3afgWHEoP2mq|- [com.chenfan.ccp.plug.log.handler.DynamicDataSourceInterceptor] [http-nio-8092-exec-3] =>     [sql]: ==> SELECT create_by,create_name FROM cf_bank_and_cash GROUP BY create_name <==   |   [time]: ==> 13 ms <==   |   [size]: ==> 25 <==   |   [result]: ==> [CfBankAndCash(bankA ...  <==
05-24  16:50:16.759  DEBUG -|bQFJ3afgWHEoP2l6|- [com.chenfan.finance.dao.CfChargeCommonMapper.selectList] [http-nio-8092-exec-4] => ==>  Preparing: SELECT finance_entity FROM cf_charge_common GROUP BY finance_entity
05-24  16:50:16.764  DEBUG -|bQFJ3afgWHEoP2l6|- [com.chenfan.finance.dao.CfChargeCommonMapper.selectList] [http-nio-8092-exec-4] => ==> Parameters: 
05-24  16:50:16.771  DEBUG -|bQFJ3afgWHEoP2l6|- [com.chenfan.finance.dao.CfChargeCommonMapper.selectList] [http-nio-8092-exec-4] => <==      Total: 10
05-24  16:50:16.773  INFO  -|bQFJ3afgWHEoP2l6|- [com.chenfan.ccp.plug.log.handler.DynamicDataSourceInterceptor] [http-nio-8092-exec-4] =>     [sql]: ==> SELECT finance_entity FROM cf_charge_common GROUP BY finance_entity <==   |   [time]: ==> 12 ms <==   |   [size]: ==> 10 <==   |   [result]: ==> [CfChargeCommon(char ...  <==
05-24  16:50:16.778  INFO  -|bQFJ3afgWHEoP2mq|- [HTTP_LOG] [http-nio-8092-exec-3] => RequestParams:     
05-24  16:50:16.779  INFO  -|bQFJ3afgWHEoP2mq|- [HTTP_LOG] [http-nio-8092-exec-3] => Total:             89ms
05-24  16:50:16.779  INFO  -|bQFJ3afgWHEoP2mq|- [HTTP_LOG] [http-nio-8092-exec-3] =>                           //                      
05-24  16:50:16.779  INFO  -|bQFJ3afgWHEoP2mq|- [HTTP_LOG] [http-nio-8092-exec-3] =>                          //                       
05-24  16:50:16.779  INFO  -|bQFJ3afgWHEoP2mq|- [HTTP_LOG] [http-nio-8092-exec-3] => ========================//                        



05-24  16:50:16.782  INFO  -|bQFJ3afgWHEoP2l6|- [HTTP_LOG] [http-nio-8092-exec-4] => RequestParams:     entity=
05-24  16:50:16.783  INFO  -|bQFJ3afgWHEoP2l6|- [HTTP_LOG] [http-nio-8092-exec-4] => Total:             66ms
05-24  16:50:16.783  INFO  -|bQFJ3afgWHEoP2l6|- [HTTP_LOG] [http-nio-8092-exec-4] =>                           //                      
05-24  16:50:16.783  INFO  -|bQFJ3afgWHEoP2l6|- [HTTP_LOG] [http-nio-8092-exec-4] =>                          //                       
05-24  16:50:16.783  INFO  -|bQFJ3afgWHEoP2l6|- [HTTP_LOG] [http-nio-8092-exec-4] => ========================//                        



05-24  16:50:17.536  INFO  -|bQFJ3afgWHEoP2KF|- [HTTP_LOG] [http-nio-8092-exec-5] => ========================\\                      
05-24  16:50:17.536  INFO  -|bQFJ3afgWHEoP2KF|- [HTTP_LOG] [http-nio-8092-exec-5] =>                          \\                     
05-24  16:50:17.537  INFO  -|bQFJ3afgWHEoP2KF|- [HTTP_LOG] [http-nio-8092-exec-5] =>                           \\                    
05-24  16:50:17.537  INFO  -|bQFJ3afgWHEoP2KF|- [HTTP_LOG] [http-nio-8092-exec-5] => RequestURI:        /cfClear/clearUsers
05-24  16:50:17.540  INFO  -|bQFJ3afgWHEoP2KF|- [com.chenfan.finance.controller.CfClearController] [http-nio-8092-exec-5] => 进入方法>>>--clearUsers--财务-核销人列表
05-24  16:50:17.548  DEBUG -|bQFJ3afgWHEoP2KF|- [com.chenfan.finance.dao.CfClearHeaderMapper.selectList] [http-nio-8092-exec-5] => ==>  Preparing: SELECT clear_id,clear_no,invoice_no,clear_method,clear_status,job_type,actual_ar_ap_date,brand_id,balance,fi_user,bank,bank_no,bank_amount,check_no,currency_code,exchange_rate,clear_date,clear_by,clear_debit,clear_credit,clear_type,clear_balance,now_clear_debit,now_clear_credit,now_clear_type,now_clear_balance,last_balance_debit,last_balance_credit,last_balance_type,last_balance_balance,now_balance_debit,now_balance_credit,now_balance_type,now_balance_balance,remark,company_id,create_by,create_name,create_date,update_by,update_name,update_date FROM cf_clear_header GROUP BY create_by
05-24  16:50:17.552  DEBUG -|bQFJ3afgWHEoP2KF|- [com.chenfan.finance.dao.CfClearHeaderMapper.selectList] [http-nio-8092-exec-5] => ==> Parameters: 
05-24  16:50:17.557  INFO  -|bQFJ3afgWHEoP2zB|- [HTTP_LOG] [http-nio-8092-exec-6] => ========================\\                      
05-24  16:50:17.558  INFO  -|bQFJ3afgWHEoP2zB|- [HTTP_LOG] [http-nio-8092-exec-6] =>                          \\                     
05-24  16:50:17.559  INFO  -|bQFJ3afgWHEoP2zB|- [HTTP_LOG] [http-nio-8092-exec-6] =>                           \\                    
05-24  16:50:17.559  INFO  -|bQFJ3afgWHEoP2zB|- [HTTP_LOG] [http-nio-8092-exec-6] => RequestURI:        /charge/common/fields/invoiceTitle
05-24  16:50:17.571  INFO  -|bQFJ3afgWHEoP2zB|- [HTTP_LOG] [http-nio-8092-exec-6] => RequestParams:     
05-24  16:50:17.571  INFO  -|bQFJ3afgWHEoP2zB|- [HTTP_LOG] [http-nio-8092-exec-6] => Total:             14ms
05-24  16:50:17.571  INFO  -|bQFJ3afgWHEoP2zB|- [HTTP_LOG] [http-nio-8092-exec-6] =>                           //                      
05-24  16:50:17.571  INFO  -|bQFJ3afgWHEoP2zB|- [HTTP_LOG] [http-nio-8092-exec-6] =>                          //                       
05-24  16:50:17.571  INFO  -|bQFJ3afgWHEoP2zB|- [HTTP_LOG] [http-nio-8092-exec-6] => ========================//                        



05-24  16:50:17.591  DEBUG -|bQFJ3afgWHEoP2KF|- [com.chenfan.finance.dao.CfClearHeaderMapper.selectList] [http-nio-8092-exec-5] => <==      Total: 27
05-24  16:50:17.594  INFO  -|bQFJ3afgWHEoP2rj|- [HTTP_LOG] [http-nio-8092-exec-7] => ========================\\                      
05-24  16:50:17.594  INFO  -|bQFJ3afgWHEoP2rj|- [HTTP_LOG] [http-nio-8092-exec-7] =>                          \\                     
05-24  16:50:17.595  INFO  -|bQFJ3afgWHEoP2rj|- [HTTP_LOG] [http-nio-8092-exec-7] =>                           \\                    
05-24  16:50:17.595  INFO  -|bQFJ3afgWHEoP2rj|- [HTTP_LOG] [http-nio-8092-exec-7] => RequestURI:        /charge/common/fields/invoiceTitle
05-24  16:50:17.595  INFO  -|bQFJ3afgWHEoP2KF|- [com.chenfan.ccp.plug.log.handler.DynamicDataSourceInterceptor] [http-nio-8092-exec-5] =>     [sql]: ==> select * from cf_clear_header group by create_by <==   |   [time]: ==> 44 ms <==   |   [size]: ==> 27 <==   |   [result]: ==> [CfClearHeader(clear ...  <==
05-24  16:50:17.597  INFO  -|bQFJ3afgWHEoP2KF|- [com.chenfan.finance.controller.CfClearController] [http-nio-8092-exec-5] => 退出方法>>>--clearUsers--财务-核销人列表
05-24  16:50:17.605  INFO  -|bQFJ3afgWHEoP2KF|- [HTTP_LOG] [http-nio-8092-exec-5] => RequestParams:     
05-24  16:50:17.605  INFO  -|bQFJ3afgWHEoP2KF|- [HTTP_LOG] [http-nio-8092-exec-5] => Total:             69ms
05-24  16:50:17.605  INFO  -|bQFJ3afgWHEoP2KF|- [HTTP_LOG] [http-nio-8092-exec-5] =>                           //                      
05-24  16:50:17.606  INFO  -|bQFJ3afgWHEoP2KF|- [HTTP_LOG] [http-nio-8092-exec-5] =>                          //                       
05-24  16:50:17.606  INFO  -|bQFJ3afgWHEoP2rj|- [HTTP_LOG] [http-nio-8092-exec-7] => RequestParams:     
05-24  16:50:17.606  INFO  -|bQFJ3afgWHEoP2KF|- [HTTP_LOG] [http-nio-8092-exec-5] => ========================//                        



05-24  16:50:17.606  INFO  -|bQFJ3afgWHEoP2rj|- [HTTP_LOG] [http-nio-8092-exec-7] => Total:             12ms
05-24  16:50:17.606  INFO  -|bQFJ3afgWHEoP2rj|- [HTTP_LOG] [http-nio-8092-exec-7] =>                           //                      
05-24  16:50:17.606  INFO  -|bQFJ3afgWHEoP2rj|- [HTTP_LOG] [http-nio-8092-exec-7] =>                          //                       
05-24  16:50:17.606  INFO  -|bQFJ3afgWHEoP2rj|- [HTTP_LOG] [http-nio-8092-exec-7] => ========================//                        



05-24  16:50:17.715  INFO  -|bQFJ3afgWHEoP24t|- [HTTP_LOG] [http-nio-8092-exec-8] => ========================\\                      
05-24  16:50:17.715  INFO  -|bQFJ3afgWHEoP24t|- [HTTP_LOG] [http-nio-8092-exec-8] =>                          \\                     
05-24  16:50:17.715  INFO  -|bQFJ3afgWHEoP24t|- [HTTP_LOG] [http-nio-8092-exec-8] =>                           \\                    
05-24  16:50:17.716  INFO  -|bQFJ3afgWHEoP24t|- [HTTP_LOG] [http-nio-8092-exec-8] => RequestURI:        /cfClear/list
05-24  16:50:17.762  INFO  -|bQFJ3afgWHEoP24t|- [com.chenfan.finance.controller.CfClearController] [http-nio-8092-exec-8] => 获取的关联的brandIds:[106],companyIds:null,userIds:[1394181273827676162]
05-24  16:50:17.821  INFO  -|bQFJ3afgWHEoP24t|- [RPC_LOG] [http-nio-8092-exec-8] => 开始请求服务=chenfan-cloud-privilege,URI=/users/listUsers
05-24  16:50:17.823  DEBUG -|bQFJ3afgWHEoP24t|- [com.chenfan.finance.server.PrivilegeUserServer] [http-nio-8092-exec-8] => [PrivilegeUserServer#listUsers] ---> GET http://chenfan-cloud-privilege/users/listUsers HTTP/1.1
05-24  16:50:18.112  INFO  -|bQFJ3afgWHEoP24t|- [com.netflix.config.ChainedDynamicProperty] [http-nio-8092-exec-8] => Flipping property: chenfan-cloud-privilege.ribbon.ActiveConnectionsLimit to use NEXT property: niws.loadbalancer.availabilityFilteringRule.activeConnectionsLimit = 2147483647
05-24  16:50:18.130  INFO  -|bQFJ3afgWHEoP24t|- [com.netflix.loadbalancer.BaseLoadBalancer] [http-nio-8092-exec-8] => Client: chenfan-cloud-privilege instantiated a LoadBalancer: DynamicServerListLoadBalancer:{NFLoadBalancer:name=chenfan-cloud-privilege,current list of Servers=[],Load balancer stats=Zone stats: {},Server stats: []}ServerList:null
05-24  16:50:18.136  INFO  -|bQFJ3afgWHEoP24t|- [com.netflix.loadbalancer.DynamicServerListLoadBalancer] [http-nio-8092-exec-8] => Using serverListUpdater PollingServerListUpdater
05-24  16:50:18.156  INFO  -|bQFJ3afgWHEoP24t|- [com.alibaba.nacos.client.naming] [http-nio-8092-exec-8] => new ips(1) service: TEST_GROUP@@chenfan-cloud-privilege -> [{"clusterName":"DEFAULT","enabled":true,"ephemeral":true,"healthy":true,"instanceHeartBeatInterval":5000,"instanceHeartBeatTimeOut":15000,"instanceId":"172.20.0.2#8099#DEFAULT#TEST_GROUP@@chenfan-cloud-privilege","ip":"172.20.0.2","ipDeleteTimeout":30000,"metadata":{"preserved.register.source":"SPRING_CLOUD"},"port":8099,"serviceName":"TEST_GROUP@@chenfan-cloud-privilege","weight":1.0}]
05-24  16:50:18.164  INFO  -|bQFJ3afgWHEoP24t|- [com.alibaba.nacos.client.naming] [http-nio-8092-exec-8] => current ips:(1) service: TEST_GROUP@@chenfan-cloud-privilege -> [{"clusterName":"DEFAULT","enabled":true,"ephemeral":true,"healthy":true,"instanceHeartBeatInterval":5000,"instanceHeartBeatTimeOut":15000,"instanceId":"172.20.0.2#8099#DEFAULT#TEST_GROUP@@chenfan-cloud-privilege","ip":"172.20.0.2","ipDeleteTimeout":30000,"metadata":{"preserved.register.source":"SPRING_CLOUD"},"port":8099,"serviceName":"TEST_GROUP@@chenfan-cloud-privilege","weight":1.0}]
05-24  16:50:18.175  INFO  -|bQFJ3afgWHEoP24t|- [com.netflix.config.ChainedDynamicProperty] [http-nio-8092-exec-8] => Flipping property: chenfan-cloud-privilege.ribbon.ActiveConnectionsLimit to use NEXT property: niws.loadbalancer.availabilityFilteringRule.activeConnectionsLimit = 2147483647
05-24  16:50:18.177  INFO  -|bQFJ3afgWHEoP24t|- [com.netflix.loadbalancer.DynamicServerListLoadBalancer] [http-nio-8092-exec-8] => DynamicServerListLoadBalancer for client chenfan-cloud-privilege initialized: DynamicServerListLoadBalancer:{NFLoadBalancer:name=chenfan-cloud-privilege,current list of Servers=[172.20.0.2:8099],Load balancer stats=Zone stats: {unknown=[Zone:unknown;	Instance count:1;	Active connections count: 0;	Circuit breaker tripped count: 0;	Active connections per server: 0.0;]
},Server stats: [[Server:172.20.0.2:8099;	Zone:UNKNOWN;	Total Requests:0;	Successive connection failure:0;	Total blackout seconds:0;	Last connection made:Thu Jan 01 08:00:00 CST 1970;	First connection made: Thu Jan 01 08:00:00 CST 1970;	Active Connections:0;	total failure count in last (1000) msecs:0;	average resp time:0.0;	90 percentile resp time:0.0;	95 percentile resp time:0.0;	min resp time:0.0;	max resp time:0.0;	stddev resp time:0.0]
]}ServerList:com.alibaba.cloud.nacos.ribbon.NacosServerList@570157fa
05-24  16:50:19.142  INFO  -|bQFJ3afgWHEoP24t|- [com.netflix.config.ChainedDynamicProperty] [PollingServerListUpdater-0] => Flipping property: chenfan-cloud-privilege.ribbon.ActiveConnectionsLimit to use NEXT property: niws.loadbalancer.availabilityFilteringRule.activeConnectionsLimit = 2147483647
05-24  16:50:19.199  INFO  -|bQFJ3afgWHEoP2ZF|- [HTTP_LOG] [http-nio-8092-exec-9] => ========================\\                      
05-24  16:50:19.200  INFO  -|bQFJ3afgWHEoP2ZF|- [HTTP_LOG] [http-nio-8092-exec-9] =>                          \\                     
05-24  16:50:19.201  INFO  -|bQFJ3afgWHEoP2ZF|- [HTTP_LOG] [http-nio-8092-exec-9] =>                           \\                    
05-24  16:50:19.201  INFO  -|bQFJ3afgWHEoP2ZF|- [HTTP_LOG] [http-nio-8092-exec-9] => RequestURI:        /tax/invoice/fields/balance
05-24  16:50:19.215  INFO  -|bQFJ3afgWHEoP2ZF|- [HTTP_LOG] [http-nio-8092-exec-9] => RequestParams:     
05-24  16:50:19.216  INFO  -|bQFJ3afgWHEoP2ZF|- [HTTP_LOG] [http-nio-8092-exec-9] => Total:             17ms
05-24  16:50:19.216  INFO  -|bQFJ3afgWHEoP2ZF|- [HTTP_LOG] [http-nio-8092-exec-9] =>                           //                      
05-24  16:50:19.216  INFO  -|bQFJ3afgWHEoP2ZF|- [HTTP_LOG] [http-nio-8092-exec-9] =>                          //                       
05-24  16:50:19.216  INFO  -|bQFJ3afgWHEoP2ZF|- [HTTP_LOG] [http-nio-8092-exec-9] => ========================//                        



05-24  16:50:22.409  INFO  -|bQFJ3afgWHEoP2Bz|- [HTTP_LOG] [http-nio-8092-exec-10] => ========================\\                      
05-24  16:50:22.410  INFO  -|bQFJ3afgWHEoP2Bz|- [HTTP_LOG] [http-nio-8092-exec-10] =>                          \\                     
05-24  16:50:22.410  INFO  -|bQFJ3afgWHEoP2Bz|- [HTTP_LOG] [http-nio-8092-exec-10] =>                           \\                    
05-24  16:50:22.410  INFO  -|bQFJ3afgWHEoP2Bz|- [HTTP_LOG] [http-nio-8092-exec-10] => RequestURI:        /charge/common/list
05-24  16:50:22.421  INFO  -|bQFJ3afgWHEoP2Bz|- [com.chenfan.finance.controller.common.ChargeCommonController] [http-nio-8092-exec-10] => 获取的关联的brandIds:[106],companyIds:null,userIds:[1394181273827676162]
05-24  16:50:22.486  DEBUG -|bQFJ3afgWHEoP2Bz|- [com.chenfan.finance.dao.CfChargeCommonMapper.selectList_COUNT] [http-nio-8092-exec-10] => ==>  Preparing: SELECT count(0) FROM cf_charge_common WHERE (create_by IN (?) AND brand_id IN (?) AND check_status <> ?)
05-24  16:50:22.489  DEBUG -|bQFJ3afgWHEoP2Bz|- [com.chenfan.finance.dao.CfChargeCommonMapper.selectList_COUNT] [http-nio-8092-exec-10] => ==> Parameters: 1394181273827676162(Long), 106(Integer), 0(Integer)
05-24  16:50:22.492  DEBUG -|bQFJ3afgWHEoP2Bz|- [com.chenfan.finance.dao.CfChargeCommonMapper.selectList_COUNT] [http-nio-8092-exec-10] => <==      Total: 1
05-24  16:50:22.492  INFO  -|bQFJ3afgWHEoP2Bz|- [com.chenfan.ccp.plug.log.handler.DynamicDataSourceInterceptor] [http-nio-8092-exec-10] =>     [sql]: ==> SELECT count(0) FROM cf_charge_common WHERE (create_by IN (1394181273827676162) AND brand_id IN (106) AND check_status <> 0) <==   |   [time]: ==> 5 ms <==   |   [size]: ==> 1 <==   |   [result]: ==> [1]  <==
05-24  16:50:22.494  DEBUG -|bQFJ3afgWHEoP2Bz|- [com.chenfan.finance.dao.CfChargeCommonMapper.selectList] [http-nio-8092-exec-10] => ==>  Preparing: SELECT charge_id,charge_code,charge_source_type,charge_type,check_status,arap_type,split_type,charge_source_code,charge_source_detail,currency_code,exchange_rate,tax_rate,charge_unit,charge_qty,price_pp,amount_pp,balance,finance_entity,charge_month_belong_to,tax_invoice_no,tax_invoice_date,invoice_no,invoice_title,invoice_title_name,invoice_date,clear_no,actual_amount,actual_date,actual_history_date,remark,charge_date,bill_source_type,invoice_entrance_date,sett_template,create_by,create_name,create_date,company_id,tenant_id,update_by,update_name,update_date,parent_id,split_id,brand_id FROM cf_charge_common WHERE (create_by IN (?) AND brand_id IN (?) AND check_status <> ?) ORDER BY create_date DESC LIMIT ?
05-24  16:50:22.498  DEBUG -|bQFJ3afgWHEoP2Bz|- [com.chenfan.finance.dao.CfChargeCommonMapper.selectList] [http-nio-8092-exec-10] => ==> Parameters: 1394181273827676162(Long), 106(Integer), 0(Integer), 30(Integer)
05-24  16:50:22.502  DEBUG -|bQFJ3afgWHEoP2Bz|- [com.chenfan.finance.dao.CfChargeCommonMapper.selectList] [http-nio-8092-exec-10] => <==      Total: 1
05-24  16:50:22.503  INFO  -|bQFJ3afgWHEoP2Bz|- [com.chenfan.ccp.plug.log.handler.DynamicDataSourceInterceptor] [http-nio-8092-exec-10] =>     [sql]: ==> select * from cf_charge_common where (create_by in (1394181273827676162) and brand_id in (106) and check_status <> 0) order by create_date desc limit 30  <==   |   [time]: ==> 8 ms <==   |   [size]: ==> 1 <==   |   [result]: ==> [CfChargeCommon(char ...  <==
05-24  16:50:22.528  INFO  -|bQFJ3afgWHEoP2Bz|- [HTTP_LOG] [http-nio-8092-exec-10] => RequestParams:     
05-24  16:50:22.528  INFO  -|bQFJ3afgWHEoP2Bz|- [HTTP_LOG] [http-nio-8092-exec-10] => Total:             119ms
05-24  16:50:22.529  INFO  -|bQFJ3afgWHEoP2Bz|- [HTTP_LOG] [http-nio-8092-exec-10] =>                           //                      
05-24  16:50:22.529  INFO  -|bQFJ3afgWHEoP2Bz|- [HTTP_LOG] [http-nio-8092-exec-10] =>                          //                       
05-24  16:50:22.529  INFO  -|bQFJ3afgWHEoP2Bz|- [HTTP_LOG] [http-nio-8092-exec-10] => ========================//                        



05-24  16:50:29.683  INFO  -|bQFJ3afgWHEoP24t|- [com.netflix.loadbalancer.PollingServerListUpdater] [Thread-107] => Shutting down the Executor Pool for PollingServerListUpdater
05-24  16:50:29.690  INFO  -||- [org.springframework.scheduling.concurrent.ThreadPoolTaskScheduler] [SpringContextShutdownHook] => Shutting down ExecutorService 'sheduleClearMemory'
05-24  16:50:29.692  INFO  -||- [com.alibaba.cloud.nacos.registry.NacosServiceRegistry] [SpringContextShutdownHook] => De-registering from Nacos Server now...
05-24  16:50:29.692  INFO  -||- [com.alibaba.nacos.client.naming] [SpringContextShutdownHook] => [BEAT] removing beat: TEST_GROUP@@chenfan-cloud-finance:10.228.84.57:8092 from beat map.
05-24  16:50:29.693  INFO  -||- [com.alibaba.nacos.client.naming] [SpringContextShutdownHook] => [DEREGISTER-SERVICE] test deregistering service TEST_GROUP@@chenfan-cloud-finance with instance: {"clusterName":"DEFAULT","enabled":true,"ephemeral":true,"healthy":true,"instanceHeartBeatInterval":5000,"instanceHeartBeatTimeOut":15000,"instanceIdGenerator":"simple","ip":"10.228.84.57","ipDeleteTimeout":30000,"metadata":{},"port":8092,"weight":1.0}
05-24  16:50:29.694  INFO  -||- [com.alibaba.cloud.nacos.registry.NacosServiceRegistry] [SpringContextShutdownHook] => De-registration finished.
05-24  16:50:29.697  INFO  -||- [com.xxl.job.core.server.EmbedServer] [Thread-82] => >>>>>>>>>>> xxl-job remoting server stop.
05-24  16:50:29.730  INFO  -||- [com.xxl.job.core.thread.ExecutorRegistryThread] [xxl-job, executor ExecutorRegistryThread] => >>>>>>>>>>> xxl-job registry-remove success, registryParam:RegistryParam{registryGroup='EXECUTOR', registryKey='chenfan-finance', registryValue='http://10.228.84.57:9999/'}, registryResult:ReturnT [code=200, msg=null, content=null]
05-24  16:50:29.730  INFO  -||- [com.xxl.job.core.thread.ExecutorRegistryThread] [xxl-job, executor ExecutorRegistryThread] => >>>>>>>>>>> xxl-job, executor registry thread destory.
05-24  16:50:29.731  INFO  -||- [com.xxl.job.core.server.EmbedServer] [SpringContextShutdownHook] => >>>>>>>>>>> xxl-job remoting server destroy success.
05-24  16:50:29.731  INFO  -||- [com.xxl.job.core.thread.TriggerCallbackThread] [xxl-job, executor TriggerCallbackThread] => >>>>>>>>>>> xxl-job, executor callback thread destory.
05-24  16:50:29.731  INFO  -||- [com.xxl.job.core.thread.TriggerCallbackThread] [Thread-81] => >>>>>>>>>>> xxl-job, executor retry callback thread destory.
05-24  16:50:29.732  INFO  -||- [org.springframework.scheduling.concurrent.ThreadPoolTaskScheduler] [SpringContextShutdownHook] => Shutting down ExecutorService 'sheduleClearMemory'
05-24  16:50:29.745  INFO  -||- [RocketmqRemoting] [NettyClientSelector_1] => closeChannel: close the connection to remote address[10.228.81.30:9876] result: true
05-24  16:50:29.745  INFO  -||- [RocketmqRemoting] [NettyClientSelector_1] => closeChannel: close the connection to remote address[10.228.81.30:10911] result: true
05-24  16:50:29.745  INFO  -||- [RocketmqRemoting] [NettyClientSelector_1] => closeChannel: close the connection to remote address[10.228.81.30:10909] result: true
05-24  16:50:29.750  INFO  -||- [RocketmqRemoting] [NettyClientSelector_1] => closeChannel: close the connection to remote address[10.228.81.30:9876] result: true
05-24  16:50:29.750  INFO  -||- [RocketmqRemoting] [NettyClientSelector_1] => closeChannel: close the connection to remote address[10.228.81.30:10911] result: true
05-24  16:50:29.751  INFO  -||- [RocketmqRemoting] [NettyClientSelector_1] => closeChannel: close the connection to remote address[10.228.81.30:10909] result: true
05-24  16:50:29.756  INFO  -|bQFJ3afgWHEoP24t|- [org.apache.http.impl.execchain.RetryExec] [http-nio-8092-exec-8] => I/O exception (java.net.SocketException) caught when processing request to {}->http://172.20.0.2:8099: Socket operation on nonsocket: configureBlocking
05-24  16:50:29.757  INFO  -|bQFJ3afgWHEoP24t|- [org.apache.http.impl.execchain.RetryExec] [http-nio-8092-exec-8] => Retrying request to {}->http://172.20.0.2:8099
05-24  16:50:29.759  INFO  -||- [org.springframework.orm.jpa.LocalContainerEntityManagerFactoryBean] [SpringContextShutdownHook] => Closing JPA EntityManagerFactory for persistence unit 'default'
