05-18  15:42:25.707  INFO  -||- [com.alibaba.nacos.client.config.impl.LocalConfigInfoProcessor] [main] => LOCAL_SNAPSHOT_PATH:C:\Users\2797\nacos\config
05-18  15:42:25.730  INFO  -||- [com.alibaba.nacos.client.config.impl.Limiter] [main] => limitTime:5.0
05-18  15:42:25.744  WARN  -||- [com.alibaba.cloud.nacos.client.NacosPropertySourceBuilder] [main] => Ignore the empty nacos configuration and get it based on dataId[cc] & group[TEST_GROUP]
05-18  15:42:25.746  WARN  -||- [com.alibaba.cloud.nacos.client.NacosPropertySourceBuilder] [main] => Ignore the empty nacos configuration and get it based on dataId[cc.yaml] & group[TEST_GROUP]
05-18  15:42:25.748  INFO  -||- [com.alibaba.nacos.client.config.utils.JVMUtil] [main] => isMultiInstance:false
05-18  15:42:25.756  INFO  -||- [org.springframework.cloud.bootstrap.config.PropertySourceBootstrapConfiguration] [main] => Located property source: [BootstrapPropertySource {name='bootstrapProperties-cc-test.yaml,TEST_GROUP'}, BootstrapPropertySource {name='bootstrapProperties-cc.yaml,TEST_GROUP'}, BootstrapPropertySource {name='bootstrapProperties-cc,TEST_GROUP'}]
05-18  15:42:25.805  INFO  -||- [com.chenfan.finance.FinanceApplication] [main] => The following profiles are active: test
05-18  15:42:26.949  WARN  -||- [org.springframework.boot.actuate.endpoint.EndpointId] [main] => Endpoint ID 'nacos-config' contains invalid characters, please migrate to a valid format.
05-18  15:42:26.952  WARN  -||- [org.springframework.boot.actuate.endpoint.EndpointId] [main] => Endpoint ID 'nacos-discovery' contains invalid characters, please migrate to a valid format.
05-18  15:42:27.193  INFO  -||- [org.springframework.data.repository.config.RepositoryConfigurationDelegate] [main] => Multiple Spring Data modules found, entering strict repository configuration mode!
05-18  15:42:27.194  INFO  -||- [org.springframework.data.repository.config.RepositoryConfigurationDelegate] [main] => Bootstrapping Spring Data JPA repositories in DEFAULT mode.
05-18  15:42:27.233  INFO  -||- [org.springframework.data.repository.config.RepositoryConfigurationDelegate] [main] => Finished Spring Data repository scanning in 33ms. Found 0 JPA repository interfaces.
05-18  15:42:27.238  INFO  -||- [org.springframework.data.repository.config.RepositoryConfigurationDelegate] [main] => Multiple Spring Data modules found, entering strict repository configuration mode!
05-18  15:42:27.238  INFO  -||- [org.springframework.data.repository.config.RepositoryConfigurationDelegate] [main] => Bootstrapping Spring Data MongoDB repositories in DEFAULT mode.
05-18  15:42:27.256  INFO  -||- [org.springframework.data.repository.config.RepositoryConfigurationDelegate] [main] => Finished Spring Data repository scanning in 17ms. Found 0 MongoDB repository interfaces.
05-18  15:42:27.265  INFO  -||- [org.springframework.data.repository.config.RepositoryConfigurationDelegate] [main] => Multiple Spring Data modules found, entering strict repository configuration mode!
05-18  15:42:27.266  INFO  -||- [org.springframework.data.repository.config.RepositoryConfigurationDelegate] [main] => Bootstrapping Spring Data Redis repositories in DEFAULT mode.
05-18  15:42:27.290  INFO  -||- [org.springframework.data.repository.config.RepositoryConfigurationDelegate] [main] => Finished Spring Data repository scanning in 17ms. Found 0 Redis repository interfaces.
05-18  15:42:27.349  WARN  -||- [org.springframework.boot.actuate.endpoint.EndpointId] [main] => Endpoint ID 'service-registry' contains invalid characters, please migrate to a valid format.
05-18  15:42:27.480  INFO  -||- [org.springframework.context.annotation.ConfigurationClassPostProcessor] [main] => Cannot enhance @Configuration bean definition 'com.chenfan.ccp.autoconfigure.GlobalMqMessageConfigure' since its singleton instance has been created too early. The typical cause is a non-static @Bean method with a BeanDefinitionRegistryPostProcessor return type: Consider declaring such methods as 'static'.
05-18  15:42:27.559  INFO  -||- [org.springframework.cloud.context.scope.GenericScope] [main] => BeanFactory id=a99f0510-61d8-31da-b49e-dee2168a9b76
05-18  15:42:27.592  INFO  -||- [org.springframework.context.support.PostProcessorRegistrationDelegate$BeanPostProcessorChecker] [main] => Bean 'com.chenfan.finance.server.BaseInfoRemoteServer' of type [org.springframework.cloud.openfeign.FeignClientFactoryBean] is not eligible for getting processed by all BeanPostProcessors (for example: not eligible for auto-proxying)
05-18  15:42:27.593  INFO  -||- [org.springframework.context.support.PostProcessorRegistrationDelegate$BeanPostProcessorChecker] [main] => Bean 'com.chenfan.finance.server.BaseRemoteServer' of type [org.springframework.cloud.openfeign.FeignClientFactoryBean] is not eligible for getting processed by all BeanPostProcessors (for example: not eligible for auto-proxying)
05-18  15:42:27.593  INFO  -||- [org.springframework.context.support.PostProcessorRegistrationDelegate$BeanPostProcessorChecker] [main] => Bean 'com.chenfan.finance.server.McnRemoteServer' of type [org.springframework.cloud.openfeign.FeignClientFactoryBean] is not eligible for getting processed by all BeanPostProcessors (for example: not eligible for auto-proxying)
05-18  15:42:27.594  INFO  -||- [org.springframework.context.support.PostProcessorRegistrationDelegate$BeanPostProcessorChecker] [main] => Bean 'com.chenfan.finance.server.PrivilegeUserServer' of type [org.springframework.cloud.openfeign.FeignClientFactoryBean] is not eligible for getting processed by all BeanPostProcessors (for example: not eligible for auto-proxying)
05-18  15:42:27.595  INFO  -||- [org.springframework.context.support.PostProcessorRegistrationDelegate$BeanPostProcessorChecker] [main] => Bean 'com.chenfan.finance.server.PurchaseRemoteServer' of type [org.springframework.cloud.openfeign.FeignClientFactoryBean] is not eligible for getting processed by all BeanPostProcessors (for example: not eligible for auto-proxying)
05-18  15:42:27.596  INFO  -||- [org.springframework.context.support.PostProcessorRegistrationDelegate$BeanPostProcessorChecker] [main] => Bean 'com.chenfan.finance.server.TaskRemoteServer' of type [org.springframework.cloud.openfeign.FeignClientFactoryBean] is not eligible for getting processed by all BeanPostProcessors (for example: not eligible for auto-proxying)
05-18  15:42:27.597  INFO  -||- [org.springframework.context.support.PostProcessorRegistrationDelegate$BeanPostProcessorChecker] [main] => Bean 'com.chenfan.finance.server.VendorCenterServer' of type [org.springframework.cloud.openfeign.FeignClientFactoryBean] is not eligible for getting processed by all BeanPostProcessors (for example: not eligible for auto-proxying)
05-18  15:42:27.599  INFO  -||- [org.springframework.context.support.PostProcessorRegistrationDelegate$BeanPostProcessorChecker] [main] => Bean 'com.chenfan.process.client.ProcessClient' of type [org.springframework.cloud.openfeign.FeignClientFactoryBean] is not eligible for getting processed by all BeanPostProcessors (for example: not eligible for auto-proxying)
05-18  15:42:27.600  INFO  -||- [org.springframework.context.support.PostProcessorRegistrationDelegate$BeanPostProcessorChecker] [main] => Bean 'com.chenfan.code.generate.CodeGenerateClient' of type [org.springframework.cloud.openfeign.FeignClientFactoryBean] is not eligible for getting processed by all BeanPostProcessors (for example: not eligible for auto-proxying)
05-18  15:42:28.113  INFO  -||- [org.springframework.boot.web.embedded.tomcat.TomcatWebServer] [main] => Tomcat initialized with port(s): 8092 (http)
05-18  15:42:28.121  INFO  -||- [org.apache.catalina.core.StandardService] [main] => Starting service [Tomcat]
05-18  15:42:28.122  INFO  -||- [org.apache.catalina.core.StandardEngine] [main] => Starting Servlet engine: [Apache Tomcat/9.0.37]
05-18  15:42:28.243  INFO  -||- [org.apache.catalina.core.ContainerBase.[Tomcat].[localhost].[/]] [main] => Initializing Spring embedded WebApplicationContext
05-18  15:42:28.243  INFO  -||- [org.springframework.boot.web.servlet.context.ServletWebServerApplicationContext] [main] => Root WebApplicationContext: initialization completed in 2416 ms
05-18  15:42:28.563  INFO  -||- [org.redisson.Version] [main] => Redisson 3.14.0
05-18  15:42:28.909  INFO  -||- [org.redisson.connection.pool.MasterPubSubConnectionPool] [redisson-netty-2-13] => 1 connections initialized for /10.228.81.233:6379
05-18  15:42:28.925  INFO  -||- [org.redisson.connection.pool.MasterConnectionPool] [redisson-netty-2-19] => 24 connections initialized for /10.228.81.233:6379
05-18  15:42:29.400  INFO  -||- [com.alibaba.druid.spring.boot.autoconfigure.DruidDataSourceAutoConfigure] [main] => Init DruidDataSource
05-18  15:42:29.502  WARN  -||- [com.alibaba.druid.pool.DruidDataSource] [main] => removeAbandoned is true, not use in production.
05-18  15:42:29.626  INFO  -||- [com.alibaba.druid.pool.DruidDataSource] [main] => {dataSource-1} inited
05-18  15:42:29.770  INFO  -||- [org.hibernate.jpa.internal.util.LogHelper] [main] => HHH000204: Processing PersistenceUnitInfo [name: default]
05-18  15:42:29.815  INFO  -||- [org.hibernate.Version] [main] => HHH000412: Hibernate ORM core version 5.4.18.Final
05-18  15:42:29.922  INFO  -||- [org.hibernate.annotations.common.Version] [main] => HCANN000001: Hibernate Commons Annotations {5.1.0.Final}
05-18  15:42:30.030  INFO  -||- [org.hibernate.dialect.Dialect] [main] => HHH000400: Using dialect: org.hibernate.dialect.MySQL57Dialect
05-18  15:42:30.210  INFO  -||- [org.hibernate.engine.transaction.jta.platform.internal.JtaPlatformInitiator] [main] => HHH000490: Using JtaPlatform implementation: [org.hibernate.engine.transaction.jta.platform.internal.NoJtaPlatform]
05-18  15:42:30.218  INFO  -||- [org.springframework.orm.jpa.LocalContainerEntityManagerFactoryBean] [main] => Initialized JPA EntityManagerFactory for persistence unit 'default'
05-18  15:42:30.626  WARN  -||- [com.baomidou.mybatisplus.core.injector.AbstractMethod] [main] => [com.chenfan.finance.dao.CfBankAndCashMapper.delete] Has been loaded by XML or SqlProvider or Mybatis's Annotation, so ignoring this injection for [class com.baomidou.mybatisplus.core.injector.methods.Delete]
05-18  15:42:31.180  WARN  -||- [com.baomidou.mybatisplus.core.injector.AbstractMethod] [main] => [com.chenfan.finance.dao.RuleBillingDetailMapper.insert] Has been loaded by XML or SqlProvider or Mybatis's Annotation, so ignoring this injection for [class com.baomidou.mybatisplus.core.injector.methods.Insert]
05-18  15:42:31.184  WARN  -||- [com.baomidou.mybatisplus.core.injector.AbstractMethod] [main] => [com.chenfan.finance.dao.RuleBillingDetailMapper.updateById] Has been loaded by XML or SqlProvider or Mybatis's Annotation, so ignoring this injection for [class com.baomidou.mybatisplus.core.injector.methods.UpdateById]
05-18  15:42:31.198  WARN  -||- [com.baomidou.mybatisplus.core.injector.AbstractMethod] [main] => [com.chenfan.finance.dao.RuleBillingHeaderMapper.insert] Has been loaded by XML or SqlProvider or Mybatis's Annotation, so ignoring this injection for [class com.baomidou.mybatisplus.core.injector.methods.Insert]
05-18  15:42:31.203  WARN  -||- [com.baomidou.mybatisplus.core.injector.AbstractMethod] [main] => [com.chenfan.finance.dao.RuleBillingHeaderMapper.selectById] Has been loaded by XML or SqlProvider or Mybatis's Annotation, so ignoring this injection for [class com.baomidou.mybatisplus.core.injector.methods.SelectById]
05-18  15:42:31.435  WARN  -||- [org.springframework.boot.autoconfigure.orm.jpa.JpaBaseConfiguration$JpaWebConfiguration] [main] => spring.jpa.open-in-view is enabled by default. Therefore, database queries may be performed during view rendering. Explicitly configure spring.jpa.open-in-view to disable this warning
05-18  15:42:33.419  INFO  -||- [com.alibaba.nacos.client.naming] [main] => initializer namespace from System Property :null
05-18  15:42:33.420  INFO  -||- [com.alibaba.nacos.client.naming] [main] => initializer namespace from System Environment :null
05-18  15:42:33.421  INFO  -||- [com.alibaba.nacos.client.naming] [main] => initializer namespace from System Property :null
05-18  15:42:33.523  INFO  -||- [org.mongodb.driver.cluster] [main] => Cluster created with settings {hosts=[10.228.86.202:27017], mode=SINGLE, requiredClusterType=UNKNOWN, serverSelectionTimeout='30000 ms', maxWaitQueueSize=500}
05-18  15:42:33.927  INFO  -||- [org.springframework.boot.actuate.endpoint.web.EndpointLinksResolver] [main] => Exposing 1 endpoint(s) beneath base path '/actuator'
05-18  15:42:34.103  INFO  -||- [org.springframework.scheduling.concurrent.ThreadPoolTaskScheduler] [main] => Initializing ExecutorService 'sheduleClearMemory'
05-18  15:42:34.112  INFO  -||- [com.chenfan.finance.config.XxlJobConfig] [main] => >>>>>>>>>>> xxl-job config init.
05-18  15:42:34.162  WARN  -||- [com.netflix.config.sources.URLConfigurationSource] [main] => No URLs will be polled as dynamic configuration sources.
05-18  15:42:34.162  INFO  -||- [com.netflix.config.sources.URLConfigurationSource] [main] => To enable URLs as dynamic configuration sources, define System property archaius.configurationSource.additionalUrls or make config.properties available on classpath.
05-18  15:42:34.166  WARN  -||- [com.netflix.config.sources.URLConfigurationSource] [main] => No URLs will be polled as dynamic configuration sources.
05-18  15:42:34.166  INFO  -||- [com.netflix.config.sources.URLConfigurationSource] [main] => To enable URLs as dynamic configuration sources, define System property archaius.configurationSource.additionalUrls or make config.properties available on classpath.
05-18  15:42:34.565  INFO  -||- [org.mongodb.driver.cluster] [cluster-ClusterId{value='60a36fe9e92a9727b3f55f5a', description='null'}-10.228.86.202:27017] => Exception in monitor thread while connecting to server 10.228.86.202:27017
com.mongodb.MongoSocketOpenException: Exception opening socket
	at com.mongodb.internal.connection.SocketStream.open(SocketStream.java:70)
	at com.mongodb.internal.connection.InternalStreamConnection.open(InternalStreamConnection.java:128)
	at com.mongodb.internal.connection.DefaultServerMonitor$ServerMonitorRunnable.run(DefaultServerMonitor.java:117)
	at java.lang.Thread.run(Thread.java:748)
Caused by: java.net.ConnectException: Connection refused: connect
	at java.net.DualStackPlainSocketImpl.waitForConnect(Native Method)
	at java.net.DualStackPlainSocketImpl.socketConnect(DualStackPlainSocketImpl.java:81)
	at java.net.AbstractPlainSocketImpl.doConnect(AbstractPlainSocketImpl.java:476)
	at java.net.AbstractPlainSocketImpl.connectToAddress(AbstractPlainSocketImpl.java:218)
	at java.net.AbstractPlainSocketImpl.connect(AbstractPlainSocketImpl.java:200)
	at java.net.PlainSocketImpl.connect(PlainSocketImpl.java:162)
	at java.net.SocksSocketImpl.connect(SocksSocketImpl.java:394)
	at java.net.Socket.connect(Socket.java:606)
	at com.mongodb.internal.connection.SocketStreamHelper.initialize(SocketStreamHelper.java:64)
	at com.mongodb.internal.connection.SocketStream.initializeSocket(SocketStream.java:79)
	at com.mongodb.internal.connection.SocketStream.open(SocketStream.java:65)
	... 3 common frames omitted
05-18  15:42:35.200  INFO  -||- [com.xxl.job.core.executor.XxlJobExecutor] [main] => >>>>>>>>>>> xxl-job register jobhandler success, name:cfRdCalculateTaskJob, jobHandler:com.xxl.job.core.handler.impl.MethodJobHandler@4d500865[class com.chenfan.finance.job.FinanceJob#cfRdCalculateTaskJob]
05-18  15:42:35.201  INFO  -||- [com.xxl.job.core.executor.XxlJobExecutor] [main] => >>>>>>>>>>> xxl-job register jobhandler success, name:cfWdtRdCalculateTaskJob, jobHandler:com.xxl.job.core.handler.impl.MethodJobHandler@fcdad9a[class com.chenfan.finance.job.FinanceJob#cfWdtRdCalculateTaskJob]
05-18  15:42:35.201  INFO  -||- [com.xxl.job.core.executor.XxlJobExecutor] [main] => >>>>>>>>>>> xxl-job register jobhandler success, name:qcTaskJob, jobHandler:com.xxl.job.core.handler.impl.MethodJobHandler@426786ee[class com.chenfan.finance.job.FinanceJob#qcTaskJob]
05-18  15:42:35.201  INFO  -||- [com.xxl.job.core.executor.XxlJobExecutor] [main] => >>>>>>>>>>> xxl-job register jobhandler success, name:monitoringTask, jobHandler:com.xxl.job.core.handler.impl.MethodJobHandler@4d97c12c[class com.chenfan.finance.job.FinanceJob#monitoringTask]
05-18  15:42:35.317  INFO  -||- [com.xxl.job.core.server.EmbedServer] [Thread-79] => >>>>>>>>>>> xxl-job remoting server start success, nettype = class com.xxl.job.core.server.EmbedServer, port = 9999
05-18  15:42:36.576  INFO  -||- [org.springframework.boot.web.embedded.tomcat.TomcatWebServer] [main] => Tomcat started on port(s): 8092 (http) with context path ''
05-18  15:42:36.579  INFO  -||- [com.alibaba.nacos.client.naming] [main] => [BEAT] adding beat: {"cluster":"DEFAULT","ip":"10.228.84.57","metadata":{"preserved.register.source":"SPRING_CLOUD"},"period":5000,"port":8092,"scheduled":false,"serviceName":"TEST_GROUP@@chenfan-cloud-finance","stopped":false,"weight":1.0} to beat map.
05-18  15:42:36.588  INFO  -||- [com.alibaba.nacos.client.naming] [main] => [REGISTER-SERVICE] test registering service TEST_GROUP@@chenfan-cloud-finance with instance: {"clusterName":"DEFAULT","enabled":true,"ephemeral":true,"healthy":true,"instanceHeartBeatInterval":5000,"instanceHeartBeatTimeOut":15000,"ip":"10.228.84.57","ipDeleteTimeout":30000,"metadata":{"preserved.register.source":"SPRING_CLOUD"},"port":8092,"weight":1.0}
05-18  15:42:36.594  INFO  -||- [com.alibaba.cloud.nacos.registry.NacosServiceRegistry] [main] => nacos registry, TEST_GROUP chenfan-cloud-finance 10.228.84.57:8092 register finished
05-18  15:42:36.656  INFO  -||- [com.chenfan.finance.FinanceApplication] [main] => Started FinanceApplication in 11.938 seconds (JVM running for 13.258)
05-18  15:42:36.661  INFO  -||- [com.chenfan.finance.commons.base.FinanceProjectInitRunner] [main] => ====================== init start =======================
05-18  15:42:36.675  INFO  -||- [com.chenfan.finance.commons.base.FinanceProjectInitRunner] [main] =>  finance_project_key : 6893d1b1-b358-418c-a92f-5e92ea483d67 
05-18  15:42:36.675  INFO  -||- [com.chenfan.finance.commons.base.FinanceProjectInitRunner] [main] => ====================== init end =======================
05-18  15:42:36.678  INFO  -||- [com.alibaba.nacos.client.config.impl.ClientWorker] [main] => [fixed-10.228.81.30_3848-test] [subscribe] cc-test.yaml+TEST_GROUP+test
05-18  15:42:36.679  INFO  -||- [com.alibaba.nacos.client.config.impl.CacheData] [main] => [fixed-10.228.81.30_3848-test] [add-listener] ok, tenant=test, dataId=cc-test.yaml, group=TEST_GROUP, cnt=1
05-18  15:42:36.679  INFO  -||- [com.alibaba.nacos.client.config.impl.ClientWorker] [main] => [fixed-10.228.81.30_3848-test] [subscribe] cc.yaml+TEST_GROUP+test
05-18  15:42:36.679  INFO  -||- [com.alibaba.nacos.client.config.impl.CacheData] [main] => [fixed-10.228.81.30_3848-test] [add-listener] ok, tenant=test, dataId=cc.yaml, group=TEST_GROUP, cnt=1
05-18  15:42:36.679  INFO  -||- [com.alibaba.nacos.client.config.impl.ClientWorker] [main] => [fixed-10.228.81.30_3848-test] [subscribe] cc+TEST_GROUP+test
05-18  15:42:36.679  INFO  -||- [com.alibaba.nacos.client.config.impl.CacheData] [main] => [fixed-10.228.81.30_3848-test] [add-listener] ok, tenant=test, dataId=cc, group=TEST_GROUP, cnt=1
05-18  15:42:36.681  INFO  -||- [com.chenfan.ccp.util.start.ApplicationContextUtil] [main] => ======================================================================================
05-18  15:42:36.681  INFO  -||- [com.chenfan.ccp.util.start.ApplicationContextUtil] [main] =>                                                                                       
05-18  15:42:36.681  INFO  -||- [com.chenfan.ccp.util.start.ApplicationContextUtil] [main] => ................................服务启动成功,端口为8092................................
05-18  15:42:36.682  INFO  -||- [com.chenfan.ccp.util.start.ApplicationContextUtil] [main] => ................................日志保存路径为: ./log/................................
05-18  15:42:36.682  INFO  -||- [com.chenfan.ccp.util.start.ApplicationContextUtil] [main] =>                                                                                       
05-18  15:42:36.682  INFO  -||- [com.chenfan.ccp.util.start.ApplicationContextUtil] [main] => ======================================================================================
05-18  15:42:36.684  INFO  -||- [com.alibaba.nacos.client.config.impl.ClientWorker] [com.alibaba.nacos.client.Worker.longPolling.fixed-10.228.81.30_3848-test] => get changedGroupKeys:[]
05-18  15:42:36.874  INFO  -||- [org.apache.catalina.core.ContainerBase.[Tomcat].[localhost].[/]] [RMI TCP Connection(2)-10.228.84.57] => Initializing Spring DispatcherServlet 'dispatcherServlet'
05-18  15:42:36.874  INFO  -||- [org.springframework.web.servlet.DispatcherServlet] [RMI TCP Connection(2)-10.228.84.57] => Initializing Servlet 'dispatcherServlet'
05-18  15:42:36.887  INFO  -||- [org.springframework.web.servlet.DispatcherServlet] [RMI TCP Connection(2)-10.228.84.57] => Completed initialization in 13 ms
05-18  15:42:36.920  INFO  -||- [org.mongodb.driver.cluster] [RMI TCP Connection(3)-10.228.84.57] => Cluster description not yet available. Waiting for 30000 ms before timing out
05-18  15:42:38.715  INFO  -|vqmeQffgWHEoP6Mi|- [HTTP_LOG] [http-nio-8092-exec-1] => ========================\\                      
05-18  15:42:38.715  INFO  -|vqmeQffgWHEoP6Mi|- [HTTP_LOG] [http-nio-8092-exec-1] =>                          \\                     
05-18  15:42:38.716  INFO  -|vqmeQffgWHEoP6Mi|- [HTTP_LOG] [http-nio-8092-exec-1] =>                           \\                    
05-18  15:42:38.716  INFO  -|vqmeQffgWHEoP6Mi|- [HTTP_LOG] [http-nio-8092-exec-1] => RequestURI:        /settlement/invoiceDetailSettlementList/835
05-18  15:42:38.772  INFO  -|vqmeQffgWHEoP6Mi|- [HTTP_LOG] [http-nio-8092-exec-1] => RequestParams:     
05-18  15:42:38.772  INFO  -|vqmeQffgWHEoP6Mi|- [HTTP_LOG] [http-nio-8092-exec-1] => Total:             57ms
05-18  15:42:38.772  INFO  -|vqmeQffgWHEoP6Mi|- [HTTP_LOG] [http-nio-8092-exec-1] =>                           //                      
05-18  15:42:38.773  INFO  -|vqmeQffgWHEoP6Mi|- [HTTP_LOG] [http-nio-8092-exec-1] =>                          //                       
05-18  15:42:38.773  INFO  -|vqmeQffgWHEoP6Mi|- [HTTP_LOG] [http-nio-8092-exec-1] => ========================//                        



05-18  15:43:06.384  INFO  -||- [com.alibaba.nacos.client.config.impl.ClientWorker] [com.alibaba.nacos.client.Worker.longPolling.fixed-10.228.81.30_3848-test] => get changedGroupKeys:[]
05-18  15:43:06.929  WARN  -||- [org.springframework.boot.actuate.mongo.MongoHealthIndicator] [RMI TCP Connection(3)-10.228.84.57] => MongoDB health check failed
org.springframework.dao.DataAccessResourceFailureException: Timed out after 30000 ms while waiting to connect. Client view of cluster state is {type=UNKNOWN, servers=[{address=10.228.86.202:27017, type=UNKNOWN, state=CONNECTING, exception={com.mongodb.MongoSocketOpenException: Exception opening socket}, caused by {java.net.ConnectException: Connection refused: connect}}]; nested exception is com.mongodb.MongoTimeoutException: Timed out after 30000 ms while waiting to connect. Client view of cluster state is {type=UNKNOWN, servers=[{address=10.228.86.202:27017, type=UNKNOWN, state=CONNECTING, exception={com.mongodb.MongoSocketOpenException: Exception opening socket}, caused by {java.net.ConnectException: Connection refused: connect}}]
	at org.springframework.data.mongodb.core.MongoExceptionTranslator.translateExceptionIfPossible(MongoExceptionTranslator.java:90)
	at org.springframework.data.mongodb.core.MongoTemplate.potentiallyConvertRuntimeException(MongoTemplate.java:2902)
	at org.springframework.data.mongodb.core.MongoTemplate.execute(MongoTemplate.java:560)
	at org.springframework.data.mongodb.core.MongoTemplate.executeCommand(MongoTemplate.java:476)
	at org.springframework.boot.actuate.mongo.MongoHealthIndicator.doHealthCheck(MongoHealthIndicator.java:46)
	at org.springframework.boot.actuate.health.AbstractHealthIndicator.health(AbstractHealthIndicator.java:82)
	at org.springframework.boot.actuate.health.HealthIndicator.getHealth(HealthIndicator.java:37)
	at org.springframework.boot.actuate.health.HealthEndpoint.getHealth(HealthEndpoint.java:81)
	at org.springframework.boot.actuate.health.HealthEndpoint.getHealth(HealthEndpoint.java:38)
	at org.springframework.boot.actuate.health.HealthEndpointSupport.getContribution(HealthEndpointSupport.java:108)
	at org.springframework.boot.actuate.health.HealthEndpointSupport.getAggregateHealth(HealthEndpointSupport.java:119)
	at org.springframework.boot.actuate.health.HealthEndpointSupport.getContribution(HealthEndpointSupport.java:105)
	at org.springframework.boot.actuate.health.HealthEndpointSupport.getHealth(HealthEndpointSupport.java:83)
	at org.springframework.boot.actuate.health.HealthEndpointSupport.getHealth(HealthEndpointSupport.java:70)
	at org.springframework.boot.actuate.health.HealthEndpoint.health(HealthEndpoint.java:75)
	at org.springframework.boot.actuate.health.HealthEndpoint.health(HealthEndpoint.java:65)
	at sun.reflect.NativeMethodAccessorImpl.invoke0(Native Method)
	at sun.reflect.NativeMethodAccessorImpl.invoke(NativeMethodAccessorImpl.java:62)
	at sun.reflect.DelegatingMethodAccessorImpl.invoke(DelegatingMethodAccessorImpl.java:43)
	at java.lang.reflect.Method.invoke(Method.java:498)
	at org.springframework.util.ReflectionUtils.invokeMethod(ReflectionUtils.java:282)
	at org.springframework.boot.actuate.endpoint.invoke.reflect.ReflectiveOperationInvoker.invoke(ReflectiveOperationInvoker.java:77)
	at org.springframework.boot.actuate.endpoint.annotation.AbstractDiscoveredOperation.invoke(AbstractDiscoveredOperation.java:60)
	at org.springframework.boot.actuate.endpoint.jmx.EndpointMBean.invoke(EndpointMBean.java:121)
	at org.springframework.boot.actuate.endpoint.jmx.EndpointMBean.invoke(EndpointMBean.java:96)
	at com.sun.jmx.interceptor.DefaultMBeanServerInterceptor.invoke(DefaultMBeanServerInterceptor.java:819)
	at com.sun.jmx.mbeanserver.JmxMBeanServer.invoke(JmxMBeanServer.java:801)
	at javax.management.remote.rmi.RMIConnectionImpl.doOperation(RMIConnectionImpl.java:1468)
	at javax.management.remote.rmi.RMIConnectionImpl.access$300(RMIConnectionImpl.java:76)
	at javax.management.remote.rmi.RMIConnectionImpl$PrivilegedOperation.run(RMIConnectionImpl.java:1309)
	at javax.management.remote.rmi.RMIConnectionImpl.doPrivilegedOperation(RMIConnectionImpl.java:1401)
	at javax.management.remote.rmi.RMIConnectionImpl.invoke(RMIConnectionImpl.java:829)
	at sun.reflect.GeneratedMethodAccessor178.invoke(Unknown Source)
	at sun.reflect.DelegatingMethodAccessorImpl.invoke(DelegatingMethodAccessorImpl.java:43)
	at java.lang.reflect.Method.invoke(Method.java:498)
	at sun.rmi.server.UnicastServerRef.dispatch(UnicastServerRef.java:357)
	at sun.rmi.transport.Transport$1.run(Transport.java:200)
	at sun.rmi.transport.Transport$1.run(Transport.java:197)
	at java.security.AccessController.doPrivileged(Native Method)
	at sun.rmi.transport.Transport.serviceCall(Transport.java:196)
	at sun.rmi.transport.tcp.TCPTransport.handleMessages(TCPTransport.java:573)
	at sun.rmi.transport.tcp.TCPTransport$ConnectionHandler.run0(TCPTransport.java:834)
	at sun.rmi.transport.tcp.TCPTransport$ConnectionHandler.lambda$run$0(TCPTransport.java:688)
	at java.security.AccessController.doPrivileged(Native Method)
	at sun.rmi.transport.tcp.TCPTransport$ConnectionHandler.run(TCPTransport.java:687)
	at java.util.concurrent.ThreadPoolExecutor.runWorker(ThreadPoolExecutor.java:1149)
	at java.util.concurrent.ThreadPoolExecutor$Worker.run(ThreadPoolExecutor.java:624)
	at java.lang.Thread.run(Thread.java:748)
Caused by: com.mongodb.MongoTimeoutException: Timed out after 30000 ms while waiting to connect. Client view of cluster state is {type=UNKNOWN, servers=[{address=10.228.86.202:27017, type=UNKNOWN, state=CONNECTING, exception={com.mongodb.MongoSocketOpenException: Exception opening socket}, caused by {java.net.ConnectException: Connection refused: connect}}]
	at com.mongodb.internal.connection.BaseCluster.getDescription(BaseCluster.java:182)
	at com.mongodb.internal.connection.SingleServerCluster.getDescription(SingleServerCluster.java:41)
	at com.mongodb.client.internal.MongoClientDelegate.getConnectedClusterDescription(MongoClientDelegate.java:145)
	at com.mongodb.client.internal.MongoClientDelegate.createClientSession(MongoClientDelegate.java:100)
	at com.mongodb.client.internal.MongoClientDelegate$DelegateOperationExecutor.getClientSession(MongoClientDelegate.java:277)
	at com.mongodb.client.internal.MongoClientDelegate$DelegateOperationExecutor.execute(MongoClientDelegate.java:181)
	at com.mongodb.client.internal.MongoDatabaseImpl.executeCommand(MongoDatabaseImpl.java:186)
	at com.mongodb.client.internal.MongoDatabaseImpl.runCommand(MongoDatabaseImpl.java:155)
	at com.mongodb.client.internal.MongoDatabaseImpl.runCommand(MongoDatabaseImpl.java:150)
	at org.springframework.data.mongodb.core.MongoTemplate.lambda$executeCommand$2(MongoTemplate.java:476)
	at org.springframework.data.mongodb.core.MongoTemplate.execute(MongoTemplate.java:558)
	... 45 common frames omitted
05-18  15:43:11.308  INFO  -|bQFJ3afgWHEoP2di|- [HTTP_LOG] [http-nio-8092-exec-3] => ========================\\                      
05-18  15:43:11.309  INFO  -|bQFJ3afgWHEoP2di|- [HTTP_LOG] [http-nio-8092-exec-3] =>                          \\                     
05-18  15:43:11.309  INFO  -|bQFJ3afgWHEoP2di|- [HTTP_LOG] [http-nio-8092-exec-3] =>                           \\                    
05-18  15:43:11.309  INFO  -|bQFJ3afgWHEoP2di|- [HTTP_LOG] [http-nio-8092-exec-3] => RequestURI:        /tax/invoice/list
05-18  15:43:11.346  INFO  -|bQFJ3afgWHEoP2di|- [com.chenfan.finance.controller.common.TaxInvoiceCommonController] [http-nio-8092-exec-3] => 获取的关联的brandIds:[2, 4, 8, 21, 22, 23, 24, 26, 27, 28, 29, 30, 31, 32, 35, 36, 39, 42, 52, 62, 63, 64, 65, 67, 68, 69, 71, 72, 73, 74, 75, 76, 77, 78, 79, 80, 81, 82, 83, 84, 85, 86, 87, 88, 89, 90, 91, 92, 93, 94, 95, 96, 97, 98, 99, 100, 101, 103],companyIds:null,userIds:[1336971001799380993, 1347390028526915585, 1351467019446259713, 1351795385214963713, 1355349692174569474]
05-18  15:43:11.454  DEBUG -|bQFJ3afgWHEoP2di|- [com.chenfan.finance.dao.CfTaxInvoiceHeaderMapper.selectList_COUNT] [http-nio-8092-exec-3] => ==>  Preparing: SELECT count(0) FROM cf_tax_invoice_header WHERE (create_by IN (?, ?, ?, ?, ?) AND brand_id IN (?, ?, ?, ?, ?, ?, ?, ?, ?, ?, ?, ?, ?, ?, ?, ?, ?, ?, ?, ?, ?, ?, ?, ?, ?, ?, ?, ?, ?, ?, ?, ?, ?, ?, ?, ?, ?, ?, ?, ?, ?, ?, ?, ?, ?, ?, ?, ?, ?, ?, ?, ?, ?, ?, ?, ?, ?, ?))
05-18  15:43:11.485  DEBUG -|bQFJ3afgWHEoP2di|- [com.chenfan.finance.dao.CfTaxInvoiceHeaderMapper.selectList_COUNT] [http-nio-8092-exec-3] => ==> Parameters: 1336971001799380993(Long), 1347390028526915585(Long), 1351467019446259713(Long), 1351795385214963713(Long), 1355349692174569474(Long), 2(Integer), 4(Integer), 8(Integer), 21(Integer), 22(Integer), 23(Integer), 24(Integer), 26(Integer), 27(Integer), 28(Integer), 29(Integer), 30(Integer), 31(Integer), 32(Integer), 35(Integer), 36(Integer), 39(Integer), 42(Integer), 52(Integer), 62(Integer), 63(Integer), 64(Integer), 65(Integer), 67(Integer), 68(Integer), 69(Integer), 71(Integer), 72(Integer), 73(Integer), 74(Integer), 75(Integer), 76(Integer), 77(Integer), 78(Integer), 79(Integer), 80(Integer), 81(Integer), 82(Integer), 83(Integer), 84(Integer), 85(Integer), 86(Integer), 87(Integer), 88(Integer), 89(Integer), 90(Integer), 91(Integer), 92(Integer), 93(Integer), 94(Integer), 95(Integer), 96(Integer), 97(Integer), 98(Integer), 99(Integer), 100(Integer), 101(Integer), 103(Integer)
05-18  15:43:11.497  DEBUG -|bQFJ3afgWHEoP2di|- [com.chenfan.finance.dao.CfTaxInvoiceHeaderMapper.selectList_COUNT] [http-nio-8092-exec-3] => <==      Total: 1
05-18  15:43:11.498  INFO  -|bQFJ3afgWHEoP2di|- [com.chenfan.ccp.plug.log.handler.DynamicDataSourceInterceptor] [http-nio-8092-exec-3] =>     [sql]: ==> SELECT count(0) FROM cf_tax_invoice_header WHERE (create_by IN (1336971001799380993, 1347390028526915585, 1351467019446259713, 1351795385214963713, 1355349692174569474) AND brand_id IN (2, 4, 8, 21, 22, 23, 24, 26, 27, 28, 29, 30, 31, 32, 35, 36, 39, 42, 52, 62, 63, 64, 65, 67, 68, 69, 71, 72, 73, 74, 75, 76, 77, 78, 79, 80, 81, 82, 83, 84, 85, 86, 87, 88, 89, 90, 91, 92, 93, 94, 95, 96, 97, 98, 99, 100, 101, 103)) <==   |   [time]: ==> 20 ms <==   |   [size]: ==> 1 <==   |   [result]: ==> [0]  <==
05-18  15:43:11.521  INFO  -|bQFJ3afgWHEoP2di|- [HTTP_LOG] [http-nio-8092-exec-3] => RequestParams:     
05-18  15:43:11.522  INFO  -|bQFJ3afgWHEoP2di|- [HTTP_LOG] [http-nio-8092-exec-3] => Total:             214ms
05-18  15:43:11.522  INFO  -|bQFJ3afgWHEoP2di|- [HTTP_LOG] [http-nio-8092-exec-3] =>                           //                      
05-18  15:43:11.522  INFO  -|bQFJ3afgWHEoP2di|- [HTTP_LOG] [http-nio-8092-exec-3] =>                          //                       
05-18  15:43:11.522  INFO  -|bQFJ3afgWHEoP2di|- [HTTP_LOG] [http-nio-8092-exec-3] => ========================//                        



05-18  15:43:14.984  INFO  -|bQFJ3afgWHEoP2xV|- [HTTP_LOG] [http-nio-8092-exec-7] => ========================\\                      
05-18  15:43:14.984  INFO  -|bQFJ3afgWHEoP2xV|- [HTTP_LOG] [http-nio-8092-exec-7] =>                          \\                     
05-18  15:43:14.984  INFO  -|bQFJ3afgWHEoP2xV|- [HTTP_LOG] [http-nio-8092-exec-7] =>                           \\                    
05-18  15:43:14.984  INFO  -|bQFJ3afgWHEoP2xV|- [HTTP_LOG] [http-nio-8092-exec-7] => RequestURI:        /tax/invoice/list
05-18  15:43:14.991  INFO  -|bQFJ3afgWHEoP2xV|- [com.chenfan.finance.controller.common.TaxInvoiceCommonController] [http-nio-8092-exec-7] => 获取的关联的brandIds:[2, 4, 8, 21, 22, 23, 24, 26, 27, 28, 29, 30, 31, 32, 35, 36, 39, 42, 52, 62, 63, 64, 65, 67, 68, 69, 71, 72, 73, 74, 75, 76, 77, 78, 79, 80, 81, 82, 83, 84, 85, 86, 87, 88, 89, 90, 91, 92, 93, 94, 95, 96, 97, 98, 99, 100, 101, 103],companyIds:null,userIds:[1336971001799380993, 1347390028526915585, 1351467019446259713, 1351795385214963713, 1355349692174569474]
05-18  15:43:14.999  DEBUG -|bQFJ3afgWHEoP2xV|- [com.chenfan.finance.dao.CfTaxInvoiceHeaderMapper.selectList_COUNT] [http-nio-8092-exec-7] => ==>  Preparing: SELECT count(0) FROM cf_tax_invoice_header WHERE (create_by IN (?, ?, ?, ?, ?) AND brand_id IN (?, ?, ?, ?, ?, ?, ?, ?, ?, ?, ?, ?, ?, ?, ?, ?, ?, ?, ?, ?, ?, ?, ?, ?, ?, ?, ?, ?, ?, ?, ?, ?, ?, ?, ?, ?, ?, ?, ?, ?, ?, ?, ?, ?, ?, ?, ?, ?, ?, ?, ?, ?, ?, ?, ?, ?, ?, ?))
05-18  15:43:15.003  DEBUG -|bQFJ3afgWHEoP2xV|- [com.chenfan.finance.dao.CfTaxInvoiceHeaderMapper.selectList_COUNT] [http-nio-8092-exec-7] => ==> Parameters: 1336971001799380993(Long), 1347390028526915585(Long), 1351467019446259713(Long), 1351795385214963713(Long), 1355349692174569474(Long), 2(Integer), 4(Integer), 8(Integer), 21(Integer), 22(Integer), 23(Integer), 24(Integer), 26(Integer), 27(Integer), 28(Integer), 29(Integer), 30(Integer), 31(Integer), 32(Integer), 35(Integer), 36(Integer), 39(Integer), 42(Integer), 52(Integer), 62(Integer), 63(Integer), 64(Integer), 65(Integer), 67(Integer), 68(Integer), 69(Integer), 71(Integer), 72(Integer), 73(Integer), 74(Integer), 75(Integer), 76(Integer), 77(Integer), 78(Integer), 79(Integer), 80(Integer), 81(Integer), 82(Integer), 83(Integer), 84(Integer), 85(Integer), 86(Integer), 87(Integer), 88(Integer), 89(Integer), 90(Integer), 91(Integer), 92(Integer), 93(Integer), 94(Integer), 95(Integer), 96(Integer), 97(Integer), 98(Integer), 99(Integer), 100(Integer), 101(Integer), 103(Integer)
05-18  15:43:15.006  DEBUG -|bQFJ3afgWHEoP2xV|- [com.chenfan.finance.dao.CfTaxInvoiceHeaderMapper.selectList_COUNT] [http-nio-8092-exec-7] => <==      Total: 1
05-18  15:43:15.007  INFO  -|bQFJ3afgWHEoP2xV|- [com.chenfan.ccp.plug.log.handler.DynamicDataSourceInterceptor] [http-nio-8092-exec-7] =>     [sql]: ==> SELECT count(0) FROM cf_tax_invoice_header WHERE (create_by IN (1336971001799380993, 1347390028526915585, 1351467019446259713, 1351795385214963713, 1355349692174569474) AND brand_id IN (2, 4, 8, 21, 22, 23, 24, 26, 27, 28, 29, 30, 31, 32, 35, 36, 39, 42, 52, 62, 63, 64, 65, 67, 68, 69, 71, 72, 73, 74, 75, 76, 77, 78, 79, 80, 81, 82, 83, 84, 85, 86, 87, 88, 89, 90, 91, 92, 93, 94, 95, 96, 97, 98, 99, 100, 101, 103)) <==   |   [time]: ==> 5 ms <==   |   [size]: ==> 1 <==   |   [result]: ==> [0]  <==
05-18  15:43:15.046  INFO  -|bQFJ3afgWHEoP2xV|- [HTTP_LOG] [http-nio-8092-exec-7] => RequestParams:     
05-18  15:43:15.047  INFO  -|bQFJ3afgWHEoP2xV|- [HTTP_LOG] [http-nio-8092-exec-7] => Total:             64ms
05-18  15:43:15.048  INFO  -|bQFJ3afgWHEoP2xV|- [HTTP_LOG] [http-nio-8092-exec-7] =>                           //                      
05-18  15:43:15.048  INFO  -|bQFJ3afgWHEoP2xV|- [HTTP_LOG] [http-nio-8092-exec-7] =>                          //                       
05-18  15:43:15.049  INFO  -|bQFJ3afgWHEoP2xV|- [HTTP_LOG] [http-nio-8092-exec-7] => ========================//                        



05-18  15:43:23.958  INFO  -|MvyIBzgQUvMyNjrE|- [HTTP_LOG] [http-nio-8092-exec-6] => ========================\\                      
05-18  15:43:23.959  INFO  -|MvyIBzgQUvMyNjrE|- [HTTP_LOG] [http-nio-8092-exec-6] =>                          \\                     
05-18  15:43:23.959  INFO  -|MvyIBzgQUvMyNjrE|- [HTTP_LOG] [http-nio-8092-exec-6] =>                           \\                    
05-18  15:43:23.960  INFO  -|MvyIBzgQUvMyNjrE|- [HTTP_LOG] [http-nio-8092-exec-6] => RequestURI:        /settlement/invoiceDetailSettlementList/862
05-18  15:43:23.971  INFO  -|MvyIBzgQUvMyNjrE|- [HTTP_LOG] [http-nio-8092-exec-6] => RequestParams:     
05-18  15:43:23.971  INFO  -|MvyIBzgQUvMyNjrE|- [HTTP_LOG] [http-nio-8092-exec-6] => Total:             13ms
05-18  15:43:23.971  INFO  -|MvyIBzgQUvMyNjrE|- [HTTP_LOG] [http-nio-8092-exec-6] =>                           //                      
05-18  15:43:23.971  INFO  -|MvyIBzgQUvMyNjrE|- [HTTP_LOG] [http-nio-8092-exec-6] =>                          //                       
05-18  15:43:23.971  INFO  -|MvyIBzgQUvMyNjrE|- [HTTP_LOG] [http-nio-8092-exec-6] => ========================//                        



05-18  15:43:35.887  INFO  -||- [com.alibaba.nacos.client.config.impl.ClientWorker] [com.alibaba.nacos.client.Worker.longPolling.fixed-10.228.81.30_3848-test] => get changedGroupKeys:[]
05-18  15:43:40.389  INFO  -|MvyIBzgQUvMyNjlK|- [HTTP_LOG] [http-nio-8092-exec-8] => ========================\\                      
05-18  15:43:40.389  INFO  -|MvyIBzgQUvMyNjlK|- [HTTP_LOG] [http-nio-8092-exec-8] =>                          \\                     
05-18  15:43:40.390  INFO  -|MvyIBzgQUvMyNjlK|- [HTTP_LOG] [http-nio-8092-exec-8] =>                           \\                    
05-18  15:43:40.390  INFO  -|MvyIBzgQUvMyNjlK|- [HTTP_LOG] [http-nio-8092-exec-8] => RequestURI:        /settlement/invoiceDetailSettlementList/862
05-18  15:43:40.401  INFO  -|MvyIBzgQUvMyNjlK|- [HTTP_LOG] [http-nio-8092-exec-8] => RequestParams:     
05-18  15:43:40.401  INFO  -|MvyIBzgQUvMyNjlK|- [HTTP_LOG] [http-nio-8092-exec-8] => Total:             12ms
05-18  15:43:40.402  INFO  -|MvyIBzgQUvMyNjlK|- [HTTP_LOG] [http-nio-8092-exec-8] =>                           //                      
05-18  15:43:40.402  INFO  -|MvyIBzgQUvMyNjlK|- [HTTP_LOG] [http-nio-8092-exec-8] =>                          //                       
05-18  15:43:40.402  INFO  -|MvyIBzgQUvMyNjlK|- [HTTP_LOG] [http-nio-8092-exec-8] => ========================//                        



05-18  15:43:58.809  INFO  -||- [org.springframework.scheduling.concurrent.ThreadPoolTaskScheduler] [SpringContextShutdownHook] => Shutting down ExecutorService 'sheduleClearMemory'
05-18  15:43:58.812  INFO  -||- [com.alibaba.cloud.nacos.registry.NacosServiceRegistry] [SpringContextShutdownHook] => De-registering from Nacos Server now...
05-18  15:43:58.812  INFO  -||- [com.alibaba.nacos.client.naming] [SpringContextShutdownHook] => [BEAT] removing beat: TEST_GROUP@@chenfan-cloud-finance:10.228.84.57:8092 from beat map.
05-18  15:43:58.813  INFO  -||- [com.alibaba.nacos.client.naming] [SpringContextShutdownHook] => [DEREGISTER-SERVICE] test deregistering service TEST_GROUP@@chenfan-cloud-finance with instance: {"clusterName":"DEFAULT","enabled":true,"ephemeral":true,"healthy":true,"instanceHeartBeatInterval":5000,"instanceHeartBeatTimeOut":15000,"instanceIdGenerator":"simple","ip":"10.228.84.57","ipDeleteTimeout":30000,"metadata":{},"port":8092,"weight":1.0}
05-18  15:43:58.816  INFO  -||- [com.alibaba.cloud.nacos.registry.NacosServiceRegistry] [SpringContextShutdownHook] => De-registration finished.
05-18  15:43:58.819  INFO  -||- [com.xxl.job.core.server.EmbedServer] [Thread-79] => >>>>>>>>>>> xxl-job remoting server stop.
05-18  15:43:58.827  INFO  -||- [com.xxl.job.core.thread.ExecutorRegistryThread] [xxl-job, executor ExecutorRegistryThread] => >>>>>>>>>>> xxl-job registry-remove success, registryParam:RegistryParam{registryGroup='EXECUTOR', registryKey='chenfan-finance', registryValue='http://10.228.84.57:9999/'}, registryResult:ReturnT [code=200, msg=null, content=null]
05-18  15:43:58.827  INFO  -||- [com.xxl.job.core.thread.ExecutorRegistryThread] [xxl-job, executor ExecutorRegistryThread] => >>>>>>>>>>> xxl-job, executor registry thread destory.
05-18  15:43:58.827  INFO  -||- [com.xxl.job.core.server.EmbedServer] [SpringContextShutdownHook] => >>>>>>>>>>> xxl-job remoting server destroy success.
05-18  15:43:58.828  INFO  -||- [com.xxl.job.core.thread.TriggerCallbackThread] [xxl-job, executor TriggerCallbackThread] => >>>>>>>>>>> xxl-job, executor callback thread destory.
05-18  15:43:58.828  INFO  -||- [com.xxl.job.core.thread.TriggerCallbackThread] [Thread-78] => >>>>>>>>>>> xxl-job, executor retry callback thread destory.
05-18  15:43:58.828  INFO  -||- [org.springframework.scheduling.concurrent.ThreadPoolTaskScheduler] [SpringContextShutdownHook] => Shutting down ExecutorService 'sheduleClearMemory'
05-18  15:43:58.845  INFO  -||- [RocketmqRemoting] [NettyClientSelector_1] => closeChannel: close the connection to remote address[10.228.81.30:9876] result: true
05-18  15:43:58.845  INFO  -||- [RocketmqRemoting] [NettyClientSelector_1] => closeChannel: close the connection to remote address[10.228.81.30:10911] result: true
05-18  15:43:58.846  INFO  -||- [RocketmqRemoting] [NettyClientSelector_1] => closeChannel: close the connection to remote address[10.228.81.30:10909] result: true
05-18  15:43:58.852  INFO  -||- [RocketmqRemoting] [NettyClientSelector_1] => closeChannel: close the connection to remote address[10.228.81.30:9876] result: true
05-18  15:43:58.852  INFO  -||- [RocketmqRemoting] [NettyClientSelector_1] => closeChannel: close the connection to remote address[10.228.81.30:10909] result: true
05-18  15:43:58.852  INFO  -||- [RocketmqRemoting] [NettyClientSelector_1] => closeChannel: close the connection to remote address[10.228.81.30:10911] result: true
05-18  15:43:58.858  INFO  -||- [org.springframework.orm.jpa.LocalContainerEntityManagerFactoryBean] [SpringContextShutdownHook] => Closing JPA EntityManagerFactory for persistence unit 'default'
05-18  15:43:58.861  INFO  -||- [com.alibaba.druid.pool.DruidDataSource] [SpringContextShutdownHook] => {dataSource-1} closing ...
05-18  15:43:58.866  INFO  -||- [com.alibaba.druid.pool.DruidDataSource] [SpringContextShutdownHook] => {dataSource-1} closed
