05-18  11:06:22.541  INFO  -||- [com.alibaba.nacos.client.config.impl.LocalConfigInfoProcessor] [main] => LOCAL_SNAPSHOT_PATH:C:\Users\2797\nacos\config
05-18  11:06:22.564  INFO  -||- [com.alibaba.nacos.client.config.impl.Limiter] [main] => limitTime:5.0
05-18  11:06:22.578  WARN  -||- [com.alibaba.cloud.nacos.client.NacosPropertySourceBuilder] [main] => Ignore the empty nacos configuration and get it based on dataId[cc] & group[TEST_GROUP]
05-18  11:06:22.580  WARN  -||- [com.alibaba.cloud.nacos.client.NacosPropertySourceBuilder] [main] => Ignore the empty nacos configuration and get it based on dataId[cc.yaml] & group[TEST_GROUP]
05-18  11:06:22.582  INFO  -||- [com.alibaba.nacos.client.config.utils.JVMUtil] [main] => isMultiInstance:false
05-18  11:06:22.591  INFO  -||- [org.springframework.cloud.bootstrap.config.PropertySourceBootstrapConfiguration] [main] => Located property source: [BootstrapPropertySource {name='bootstrapProperties-cc-test.yaml,TEST_GROUP'}, BootstrapPropertySource {name='bootstrapProperties-cc.yaml,TEST_GROUP'}, BootstrapPropertySource {name='bootstrapProperties-cc,TEST_GROUP'}]
05-18  11:06:22.640  INFO  -||- [com.chenfan.finance.FinanceApplication] [main] => The following profiles are active: test
05-18  11:06:23.734  WARN  -||- [org.springframework.boot.actuate.endpoint.EndpointId] [main] => Endpoint ID 'nacos-config' contains invalid characters, please migrate to a valid format.
05-18  11:06:23.738  WARN  -||- [org.springframework.boot.actuate.endpoint.EndpointId] [main] => Endpoint ID 'nacos-discovery' contains invalid characters, please migrate to a valid format.
05-18  11:06:24.003  INFO  -||- [org.springframework.data.repository.config.RepositoryConfigurationDelegate] [main] => Multiple Spring Data modules found, entering strict repository configuration mode!
05-18  11:06:24.003  INFO  -||- [org.springframework.data.repository.config.RepositoryConfigurationDelegate] [main] => Bootstrapping Spring Data JPA repositories in DEFAULT mode.
05-18  11:06:24.044  INFO  -||- [org.springframework.data.repository.config.RepositoryConfigurationDelegate] [main] => Finished Spring Data repository scanning in 34ms. Found 0 JPA repository interfaces.
05-18  11:06:24.049  INFO  -||- [org.springframework.data.repository.config.RepositoryConfigurationDelegate] [main] => Multiple Spring Data modules found, entering strict repository configuration mode!
05-18  11:06:24.050  INFO  -||- [org.springframework.data.repository.config.RepositoryConfigurationDelegate] [main] => Bootstrapping Spring Data MongoDB repositories in DEFAULT mode.
05-18  11:06:24.069  INFO  -||- [org.springframework.data.repository.config.RepositoryConfigurationDelegate] [main] => Finished Spring Data repository scanning in 18ms. Found 0 MongoDB repository interfaces.
05-18  11:06:24.078  INFO  -||- [org.springframework.data.repository.config.RepositoryConfigurationDelegate] [main] => Multiple Spring Data modules found, entering strict repository configuration mode!
05-18  11:06:24.079  INFO  -||- [org.springframework.data.repository.config.RepositoryConfigurationDelegate] [main] => Bootstrapping Spring Data Redis repositories in DEFAULT mode.
05-18  11:06:24.102  INFO  -||- [org.springframework.data.repository.config.RepositoryConfigurationDelegate] [main] => Finished Spring Data repository scanning in 17ms. Found 0 Redis repository interfaces.
05-18  11:06:24.156  WARN  -||- [org.springframework.boot.actuate.endpoint.EndpointId] [main] => Endpoint ID 'service-registry' contains invalid characters, please migrate to a valid format.
05-18  11:06:24.269  INFO  -||- [org.springframework.context.annotation.ConfigurationClassPostProcessor] [main] => Cannot enhance @Configuration bean definition 'com.chenfan.ccp.autoconfigure.GlobalMqMessageConfigure' since its singleton instance has been created too early. The typical cause is a non-static @Bean method with a BeanDefinitionRegistryPostProcessor return type: Consider declaring such methods as 'static'.
05-18  11:06:24.347  INFO  -||- [org.springframework.cloud.context.scope.GenericScope] [main] => BeanFactory id=a99f0510-61d8-31da-b49e-dee2168a9b76
05-18  11:06:24.380  INFO  -||- [org.springframework.context.support.PostProcessorRegistrationDelegate$BeanPostProcessorChecker] [main] => Bean 'com.chenfan.finance.server.BaseInfoRemoteServer' of type [org.springframework.cloud.openfeign.FeignClientFactoryBean] is not eligible for getting processed by all BeanPostProcessors (for example: not eligible for auto-proxying)
05-18  11:06:24.381  INFO  -||- [org.springframework.context.support.PostProcessorRegistrationDelegate$BeanPostProcessorChecker] [main] => Bean 'com.chenfan.finance.server.BaseRemoteServer' of type [org.springframework.cloud.openfeign.FeignClientFactoryBean] is not eligible for getting processed by all BeanPostProcessors (for example: not eligible for auto-proxying)
05-18  11:06:24.382  INFO  -||- [org.springframework.context.support.PostProcessorRegistrationDelegate$BeanPostProcessorChecker] [main] => Bean 'com.chenfan.finance.server.McnRemoteServer' of type [org.springframework.cloud.openfeign.FeignClientFactoryBean] is not eligible for getting processed by all BeanPostProcessors (for example: not eligible for auto-proxying)
05-18  11:06:24.383  INFO  -||- [org.springframework.context.support.PostProcessorRegistrationDelegate$BeanPostProcessorChecker] [main] => Bean 'com.chenfan.finance.server.PrivilegeUserServer' of type [org.springframework.cloud.openfeign.FeignClientFactoryBean] is not eligible for getting processed by all BeanPostProcessors (for example: not eligible for auto-proxying)
05-18  11:06:24.383  INFO  -||- [org.springframework.context.support.PostProcessorRegistrationDelegate$BeanPostProcessorChecker] [main] => Bean 'com.chenfan.finance.server.PurchaseRemoteServer' of type [org.springframework.cloud.openfeign.FeignClientFactoryBean] is not eligible for getting processed by all BeanPostProcessors (for example: not eligible for auto-proxying)
05-18  11:06:24.384  INFO  -||- [org.springframework.context.support.PostProcessorRegistrationDelegate$BeanPostProcessorChecker] [main] => Bean 'com.chenfan.finance.server.TaskRemoteServer' of type [org.springframework.cloud.openfeign.FeignClientFactoryBean] is not eligible for getting processed by all BeanPostProcessors (for example: not eligible for auto-proxying)
05-18  11:06:24.386  INFO  -||- [org.springframework.context.support.PostProcessorRegistrationDelegate$BeanPostProcessorChecker] [main] => Bean 'com.chenfan.finance.server.VendorCenterServer' of type [org.springframework.cloud.openfeign.FeignClientFactoryBean] is not eligible for getting processed by all BeanPostProcessors (for example: not eligible for auto-proxying)
05-18  11:06:24.387  INFO  -||- [org.springframework.context.support.PostProcessorRegistrationDelegate$BeanPostProcessorChecker] [main] => Bean 'com.chenfan.process.client.ProcessClient' of type [org.springframework.cloud.openfeign.FeignClientFactoryBean] is not eligible for getting processed by all BeanPostProcessors (for example: not eligible for auto-proxying)
05-18  11:06:24.388  INFO  -||- [org.springframework.context.support.PostProcessorRegistrationDelegate$BeanPostProcessorChecker] [main] => Bean 'com.chenfan.code.generate.CodeGenerateClient' of type [org.springframework.cloud.openfeign.FeignClientFactoryBean] is not eligible for getting processed by all BeanPostProcessors (for example: not eligible for auto-proxying)
05-18  11:06:24.904  INFO  -||- [org.springframework.boot.web.embedded.tomcat.TomcatWebServer] [main] => Tomcat initialized with port(s): 8092 (http)
05-18  11:06:24.912  INFO  -||- [org.apache.catalina.core.StandardService] [main] => Starting service [Tomcat]
05-18  11:06:24.912  INFO  -||- [org.apache.catalina.core.StandardEngine] [main] => Starting Servlet engine: [Apache Tomcat/9.0.37]
05-18  11:06:25.043  INFO  -||- [org.apache.catalina.core.ContainerBase.[Tomcat].[localhost].[/]] [main] => Initializing Spring embedded WebApplicationContext
05-18  11:06:25.043  INFO  -||- [org.springframework.boot.web.servlet.context.ServletWebServerApplicationContext] [main] => Root WebApplicationContext: initialization completed in 2381 ms
05-18  11:06:25.335  INFO  -||- [org.redisson.Version] [main] => Redisson 3.14.0
05-18  11:06:25.680  INFO  -||- [org.redisson.connection.pool.MasterPubSubConnectionPool] [redisson-netty-2-20] => 1 connections initialized for /10.228.81.233:6379
05-18  11:06:25.696  INFO  -||- [org.redisson.connection.pool.MasterConnectionPool] [redisson-netty-2-19] => 24 connections initialized for /10.228.81.233:6379
05-18  11:06:26.172  INFO  -||- [com.alibaba.druid.spring.boot.autoconfigure.DruidDataSourceAutoConfigure] [main] => Init DruidDataSource
05-18  11:06:26.272  WARN  -||- [com.alibaba.druid.pool.DruidDataSource] [main] => removeAbandoned is true, not use in production.
05-18  11:06:26.384  INFO  -||- [com.alibaba.druid.pool.DruidDataSource] [main] => {dataSource-1} inited
05-18  11:06:26.529  INFO  -||- [org.hibernate.jpa.internal.util.LogHelper] [main] => HHH000204: Processing PersistenceUnitInfo [name: default]
05-18  11:06:26.574  INFO  -||- [org.hibernate.Version] [main] => HHH000412: Hibernate ORM core version 5.4.18.Final
05-18  11:06:26.681  INFO  -||- [org.hibernate.annotations.common.Version] [main] => HCANN000001: Hibernate Commons Annotations {5.1.0.Final}
05-18  11:06:26.790  INFO  -||- [org.hibernate.dialect.Dialect] [main] => HHH000400: Using dialect: org.hibernate.dialect.MySQL57Dialect
05-18  11:06:26.949  INFO  -||- [org.hibernate.engine.transaction.jta.platform.internal.JtaPlatformInitiator] [main] => HHH000490: Using JtaPlatform implementation: [org.hibernate.engine.transaction.jta.platform.internal.NoJtaPlatform]
05-18  11:06:26.958  INFO  -||- [org.springframework.orm.jpa.LocalContainerEntityManagerFactoryBean] [main] => Initialized JPA EntityManagerFactory for persistence unit 'default'
05-18  11:06:27.417  WARN  -||- [com.baomidou.mybatisplus.core.injector.AbstractMethod] [main] => [com.chenfan.finance.dao.CfBankAndCashMapper.delete] Has been loaded by XML or SqlProvider or Mybatis's Annotation, so ignoring this injection for [class com.baomidou.mybatisplus.core.injector.methods.Delete]
05-18  11:06:27.984  WARN  -||- [com.baomidou.mybatisplus.core.injector.AbstractMethod] [main] => [com.chenfan.finance.dao.RuleBillingDetailMapper.insert] Has been loaded by XML or SqlProvider or Mybatis's Annotation, so ignoring this injection for [class com.baomidou.mybatisplus.core.injector.methods.Insert]
05-18  11:06:27.989  WARN  -||- [com.baomidou.mybatisplus.core.injector.AbstractMethod] [main] => [com.chenfan.finance.dao.RuleBillingDetailMapper.updateById] Has been loaded by XML or SqlProvider or Mybatis's Annotation, so ignoring this injection for [class com.baomidou.mybatisplus.core.injector.methods.UpdateById]
05-18  11:06:28.003  WARN  -||- [com.baomidou.mybatisplus.core.injector.AbstractMethod] [main] => [com.chenfan.finance.dao.RuleBillingHeaderMapper.insert] Has been loaded by XML or SqlProvider or Mybatis's Annotation, so ignoring this injection for [class com.baomidou.mybatisplus.core.injector.methods.Insert]
05-18  11:06:28.008  WARN  -||- [com.baomidou.mybatisplus.core.injector.AbstractMethod] [main] => [com.chenfan.finance.dao.RuleBillingHeaderMapper.selectById] Has been loaded by XML or SqlProvider or Mybatis's Annotation, so ignoring this injection for [class com.baomidou.mybatisplus.core.injector.methods.SelectById]
05-18  11:06:28.248  WARN  -||- [org.springframework.boot.autoconfigure.orm.jpa.JpaBaseConfiguration$JpaWebConfiguration] [main] => spring.jpa.open-in-view is enabled by default. Therefore, database queries may be performed during view rendering. Explicitly configure spring.jpa.open-in-view to disable this warning
05-18  11:06:30.285  INFO  -||- [com.alibaba.nacos.client.naming] [main] => initializer namespace from System Property :null
05-18  11:06:30.286  INFO  -||- [com.alibaba.nacos.client.naming] [main] => initializer namespace from System Environment :null
05-18  11:06:30.287  INFO  -||- [com.alibaba.nacos.client.naming] [main] => initializer namespace from System Property :null
05-18  11:06:30.391  INFO  -||- [org.mongodb.driver.cluster] [main] => Cluster created with settings {hosts=[10.228.86.202:27017], mode=SINGLE, requiredClusterType=UNKNOWN, serverSelectionTimeout='30000 ms', maxWaitQueueSize=500}
05-18  11:06:30.819  INFO  -||- [org.springframework.boot.actuate.endpoint.web.EndpointLinksResolver] [main] => Exposing 1 endpoint(s) beneath base path '/actuator'
05-18  11:06:31.000  INFO  -||- [org.springframework.scheduling.concurrent.ThreadPoolTaskScheduler] [main] => Initializing ExecutorService 'sheduleClearMemory'
05-18  11:06:31.008  INFO  -||- [com.chenfan.finance.config.XxlJobConfig] [main] => >>>>>>>>>>> xxl-job config init.
05-18  11:06:31.061  WARN  -||- [com.netflix.config.sources.URLConfigurationSource] [main] => No URLs will be polled as dynamic configuration sources.
05-18  11:06:31.061  INFO  -||- [com.netflix.config.sources.URLConfigurationSource] [main] => To enable URLs as dynamic configuration sources, define System property archaius.configurationSource.additionalUrls or make config.properties available on classpath.
05-18  11:06:31.065  WARN  -||- [com.netflix.config.sources.URLConfigurationSource] [main] => No URLs will be polled as dynamic configuration sources.
05-18  11:06:31.065  INFO  -||- [com.netflix.config.sources.URLConfigurationSource] [main] => To enable URLs as dynamic configuration sources, define System property archaius.configurationSource.additionalUrls or make config.properties available on classpath.
05-18  11:06:31.446  INFO  -||- [org.mongodb.driver.cluster] [cluster-ClusterId{value='60a32f36368963730b595b5f', description='null'}-10.228.86.202:27017] => Exception in monitor thread while connecting to server 10.228.86.202:27017
com.mongodb.MongoSocketOpenException: Exception opening socket
	at com.mongodb.internal.connection.SocketStream.open(SocketStream.java:70)
	at com.mongodb.internal.connection.InternalStreamConnection.open(InternalStreamConnection.java:128)
	at com.mongodb.internal.connection.DefaultServerMonitor$ServerMonitorRunnable.run(DefaultServerMonitor.java:117)
	at java.lang.Thread.run(Thread.java:748)
Caused by: java.net.ConnectException: Connection refused: connect
	at java.net.DualStackPlainSocketImpl.waitForConnect(Native Method)
	at java.net.DualStackPlainSocketImpl.socketConnect(DualStackPlainSocketImpl.java:81)
	at java.net.AbstractPlainSocketImpl.doConnect(AbstractPlainSocketImpl.java:476)
	at java.net.AbstractPlainSocketImpl.connectToAddress(AbstractPlainSocketImpl.java:218)
	at java.net.AbstractPlainSocketImpl.connect(AbstractPlainSocketImpl.java:200)
	at java.net.PlainSocketImpl.connect(PlainSocketImpl.java:162)
	at java.net.SocksSocketImpl.connect(SocksSocketImpl.java:394)
	at java.net.Socket.connect(Socket.java:606)
	at com.mongodb.internal.connection.SocketStreamHelper.initialize(SocketStreamHelper.java:64)
	at com.mongodb.internal.connection.SocketStream.initializeSocket(SocketStream.java:79)
	at com.mongodb.internal.connection.SocketStream.open(SocketStream.java:65)
	... 3 common frames omitted
05-18  11:06:32.056  INFO  -||- [com.xxl.job.core.executor.XxlJobExecutor] [main] => >>>>>>>>>>> xxl-job register jobhandler success, name:monitoringTask, jobHandler:com.xxl.job.core.handler.impl.MethodJobHandler@f014ff3[class com.chenfan.finance.job.FinanceJob#monitoringTask]
05-18  11:06:32.056  INFO  -||- [com.xxl.job.core.executor.XxlJobExecutor] [main] => >>>>>>>>>>> xxl-job register jobhandler success, name:qcTaskJob, jobHandler:com.xxl.job.core.handler.impl.MethodJobHandler@3833a045[class com.chenfan.finance.job.FinanceJob#qcTaskJob]
05-18  11:06:32.057  INFO  -||- [com.xxl.job.core.executor.XxlJobExecutor] [main] => >>>>>>>>>>> xxl-job register jobhandler success, name:cfRdCalculateTaskJob, jobHandler:com.xxl.job.core.handler.impl.MethodJobHandler@c7ba58d[class com.chenfan.finance.job.FinanceJob#cfRdCalculateTaskJob]
05-18  11:06:32.057  INFO  -||- [com.xxl.job.core.executor.XxlJobExecutor] [main] => >>>>>>>>>>> xxl-job register jobhandler success, name:cfWdtRdCalculateTaskJob, jobHandler:com.xxl.job.core.handler.impl.MethodJobHandler@2d579733[class com.chenfan.finance.job.FinanceJob#cfWdtRdCalculateTaskJob]
05-18  11:06:32.171  INFO  -||- [com.xxl.job.core.server.EmbedServer] [Thread-79] => >>>>>>>>>>> xxl-job remoting server start success, nettype = class com.xxl.job.core.server.EmbedServer, port = 9999
05-18  11:06:33.468  INFO  -||- [org.springframework.boot.web.embedded.tomcat.TomcatWebServer] [main] => Tomcat started on port(s): 8092 (http) with context path ''
05-18  11:06:33.471  INFO  -||- [com.alibaba.nacos.client.naming] [main] => [BEAT] adding beat: {"cluster":"DEFAULT","ip":"10.228.84.57","metadata":{"preserved.register.source":"SPRING_CLOUD"},"period":5000,"port":8092,"scheduled":false,"serviceName":"TEST_GROUP@@chenfan-cloud-finance","stopped":false,"weight":1.0} to beat map.
05-18  11:06:33.480  INFO  -||- [com.alibaba.nacos.client.naming] [main] => [REGISTER-SERVICE] test registering service TEST_GROUP@@chenfan-cloud-finance with instance: {"clusterName":"DEFAULT","enabled":true,"ephemeral":true,"healthy":true,"instanceHeartBeatInterval":5000,"instanceHeartBeatTimeOut":15000,"ip":"10.228.84.57","ipDeleteTimeout":30000,"metadata":{"preserved.register.source":"SPRING_CLOUD"},"port":8092,"weight":1.0}
05-18  11:06:33.487  INFO  -||- [com.alibaba.cloud.nacos.registry.NacosServiceRegistry] [main] => nacos registry, TEST_GROUP chenfan-cloud-finance 10.228.84.57:8092 register finished
05-18  11:06:33.552  INFO  -||- [com.chenfan.finance.FinanceApplication] [main] => Started FinanceApplication in 11.999 seconds (JVM running for 13.504)
05-18  11:06:33.556  INFO  -||- [com.chenfan.finance.commons.base.FinanceProjectInitRunner] [main] => ====================== init start =======================
05-18  11:06:33.571  INFO  -||- [com.chenfan.finance.commons.base.FinanceProjectInitRunner] [main] =>  finance_project_key : 61e80992-49be-4654-ad1d-b73a9a433140 
05-18  11:06:33.571  INFO  -||- [com.chenfan.finance.commons.base.FinanceProjectInitRunner] [main] => ====================== init end =======================
05-18  11:06:33.573  INFO  -||- [com.alibaba.nacos.client.config.impl.ClientWorker] [main] => [fixed-10.228.81.30_3848-test] [subscribe] cc-test.yaml+TEST_GROUP+test
05-18  11:06:33.575  INFO  -||- [com.alibaba.nacos.client.config.impl.CacheData] [main] => [fixed-10.228.81.30_3848-test] [add-listener] ok, tenant=test, dataId=cc-test.yaml, group=TEST_GROUP, cnt=1
05-18  11:06:33.575  INFO  -||- [com.alibaba.nacos.client.config.impl.ClientWorker] [main] => [fixed-10.228.81.30_3848-test] [subscribe] cc.yaml+TEST_GROUP+test
05-18  11:06:33.575  INFO  -||- [com.alibaba.nacos.client.config.impl.CacheData] [main] => [fixed-10.228.81.30_3848-test] [add-listener] ok, tenant=test, dataId=cc.yaml, group=TEST_GROUP, cnt=1
05-18  11:06:33.576  INFO  -||- [com.alibaba.nacos.client.config.impl.ClientWorker] [main] => [fixed-10.228.81.30_3848-test] [subscribe] cc+TEST_GROUP+test
05-18  11:06:33.576  INFO  -||- [com.alibaba.nacos.client.config.impl.CacheData] [main] => [fixed-10.228.81.30_3848-test] [add-listener] ok, tenant=test, dataId=cc, group=TEST_GROUP, cnt=1
05-18  11:06:33.577  INFO  -||- [com.alibaba.nacos.client.config.impl.ClientWorker] [com.alibaba.nacos.client.Worker.longPolling.fixed-10.228.81.30_3848-test] => get changedGroupKeys:[]
05-18  11:06:33.579  INFO  -||- [com.alibaba.nacos.client.config.impl.ClientWorker] [com.alibaba.nacos.client.Worker.longPolling.fixed-10.228.81.30_3848-test] => get changedGroupKeys:[]
05-18  11:06:33.579  INFO  -||- [com.chenfan.ccp.util.start.ApplicationContextUtil] [main] => ======================================================================================
05-18  11:06:33.579  INFO  -||- [com.chenfan.ccp.util.start.ApplicationContextUtil] [main] =>                                                                                       
05-18  11:06:33.579  INFO  -||- [com.chenfan.ccp.util.start.ApplicationContextUtil] [main] => ................................服务启动成功,端口为8092................................
05-18  11:06:33.579  INFO  -||- [com.chenfan.ccp.util.start.ApplicationContextUtil] [main] => ................................日志保存路径为: ./log/................................
05-18  11:06:33.579  INFO  -||- [com.chenfan.ccp.util.start.ApplicationContextUtil] [main] =>                                                                                       
05-18  11:06:33.579  INFO  -||- [com.chenfan.ccp.util.start.ApplicationContextUtil] [main] => ======================================================================================
05-18  11:06:34.130  INFO  -||- [org.apache.catalina.core.ContainerBase.[Tomcat].[localhost].[/]] [RMI TCP Connection(2)-10.228.84.57] => Initializing Spring DispatcherServlet 'dispatcherServlet'
05-18  11:06:34.131  INFO  -||- [org.springframework.web.servlet.DispatcherServlet] [RMI TCP Connection(2)-10.228.84.57] => Initializing Servlet 'dispatcherServlet'
05-18  11:06:34.145  INFO  -||- [org.springframework.web.servlet.DispatcherServlet] [RMI TCP Connection(2)-10.228.84.57] => Completed initialization in 14 ms
05-18  11:06:34.176  INFO  -||- [org.mongodb.driver.cluster] [RMI TCP Connection(1)-10.228.84.57] => Cluster description not yet available. Waiting for 30000 ms before timing out
05-18  11:07:03.280  INFO  -||- [com.alibaba.nacos.client.config.impl.ClientWorker] [com.alibaba.nacos.client.Worker.longPolling.fixed-10.228.81.30_3848-test] => get changedGroupKeys:[]
05-18  11:07:04.180  WARN  -||- [org.springframework.boot.actuate.mongo.MongoHealthIndicator] [RMI TCP Connection(1)-10.228.84.57] => MongoDB health check failed
org.springframework.dao.DataAccessResourceFailureException: Timed out after 30000 ms while waiting to connect. Client view of cluster state is {type=UNKNOWN, servers=[{address=10.228.86.202:27017, type=UNKNOWN, state=CONNECTING, exception={com.mongodb.MongoSocketOpenException: Exception opening socket}, caused by {java.net.ConnectException: Connection refused: connect}}]; nested exception is com.mongodb.MongoTimeoutException: Timed out after 30000 ms while waiting to connect. Client view of cluster state is {type=UNKNOWN, servers=[{address=10.228.86.202:27017, type=UNKNOWN, state=CONNECTING, exception={com.mongodb.MongoSocketOpenException: Exception opening socket}, caused by {java.net.ConnectException: Connection refused: connect}}]
	at org.springframework.data.mongodb.core.MongoExceptionTranslator.translateExceptionIfPossible(MongoExceptionTranslator.java:90)
	at org.springframework.data.mongodb.core.MongoTemplate.potentiallyConvertRuntimeException(MongoTemplate.java:2902)
	at org.springframework.data.mongodb.core.MongoTemplate.execute(MongoTemplate.java:560)
	at org.springframework.data.mongodb.core.MongoTemplate.executeCommand(MongoTemplate.java:476)
	at org.springframework.boot.actuate.mongo.MongoHealthIndicator.doHealthCheck(MongoHealthIndicator.java:46)
	at org.springframework.boot.actuate.health.AbstractHealthIndicator.health(AbstractHealthIndicator.java:82)
	at org.springframework.boot.actuate.health.HealthIndicator.getHealth(HealthIndicator.java:37)
	at org.springframework.boot.actuate.health.HealthEndpoint.getHealth(HealthEndpoint.java:81)
	at org.springframework.boot.actuate.health.HealthEndpoint.getHealth(HealthEndpoint.java:38)
	at org.springframework.boot.actuate.health.HealthEndpointSupport.getContribution(HealthEndpointSupport.java:108)
	at org.springframework.boot.actuate.health.HealthEndpointSupport.getAggregateHealth(HealthEndpointSupport.java:119)
	at org.springframework.boot.actuate.health.HealthEndpointSupport.getContribution(HealthEndpointSupport.java:105)
	at org.springframework.boot.actuate.health.HealthEndpointSupport.getHealth(HealthEndpointSupport.java:83)
	at org.springframework.boot.actuate.health.HealthEndpointSupport.getHealth(HealthEndpointSupport.java:70)
	at org.springframework.boot.actuate.health.HealthEndpoint.health(HealthEndpoint.java:75)
	at org.springframework.boot.actuate.health.HealthEndpoint.health(HealthEndpoint.java:65)
	at sun.reflect.NativeMethodAccessorImpl.invoke0(Native Method)
	at sun.reflect.NativeMethodAccessorImpl.invoke(NativeMethodAccessorImpl.java:62)
	at sun.reflect.DelegatingMethodAccessorImpl.invoke(DelegatingMethodAccessorImpl.java:43)
	at java.lang.reflect.Method.invoke(Method.java:498)
	at org.springframework.util.ReflectionUtils.invokeMethod(ReflectionUtils.java:282)
	at org.springframework.boot.actuate.endpoint.invoke.reflect.ReflectiveOperationInvoker.invoke(ReflectiveOperationInvoker.java:77)
	at org.springframework.boot.actuate.endpoint.annotation.AbstractDiscoveredOperation.invoke(AbstractDiscoveredOperation.java:60)
	at org.springframework.boot.actuate.endpoint.jmx.EndpointMBean.invoke(EndpointMBean.java:121)
	at org.springframework.boot.actuate.endpoint.jmx.EndpointMBean.invoke(EndpointMBean.java:96)
	at com.sun.jmx.interceptor.DefaultMBeanServerInterceptor.invoke(DefaultMBeanServerInterceptor.java:819)
	at com.sun.jmx.mbeanserver.JmxMBeanServer.invoke(JmxMBeanServer.java:801)
	at javax.management.remote.rmi.RMIConnectionImpl.doOperation(RMIConnectionImpl.java:1468)
	at javax.management.remote.rmi.RMIConnectionImpl.access$300(RMIConnectionImpl.java:76)
	at javax.management.remote.rmi.RMIConnectionImpl$PrivilegedOperation.run(RMIConnectionImpl.java:1309)
	at javax.management.remote.rmi.RMIConnectionImpl.doPrivilegedOperation(RMIConnectionImpl.java:1401)
	at javax.management.remote.rmi.RMIConnectionImpl.invoke(RMIConnectionImpl.java:829)
	at sun.reflect.NativeMethodAccessorImpl.invoke0(Native Method)
	at sun.reflect.NativeMethodAccessorImpl.invoke(NativeMethodAccessorImpl.java:62)
	at sun.reflect.DelegatingMethodAccessorImpl.invoke(DelegatingMethodAccessorImpl.java:43)
	at java.lang.reflect.Method.invoke(Method.java:498)
	at sun.rmi.server.UnicastServerRef.dispatch(UnicastServerRef.java:357)
	at sun.rmi.transport.Transport$1.run(Transport.java:200)
	at sun.rmi.transport.Transport$1.run(Transport.java:197)
	at java.security.AccessController.doPrivileged(Native Method)
	at sun.rmi.transport.Transport.serviceCall(Transport.java:196)
	at sun.rmi.transport.tcp.TCPTransport.handleMessages(TCPTransport.java:573)
	at sun.rmi.transport.tcp.TCPTransport$ConnectionHandler.run0(TCPTransport.java:834)
	at sun.rmi.transport.tcp.TCPTransport$ConnectionHandler.lambda$run$0(TCPTransport.java:688)
	at java.security.AccessController.doPrivileged(Native Method)
	at sun.rmi.transport.tcp.TCPTransport$ConnectionHandler.run(TCPTransport.java:687)
	at java.util.concurrent.ThreadPoolExecutor.runWorker(ThreadPoolExecutor.java:1149)
	at java.util.concurrent.ThreadPoolExecutor$Worker.run(ThreadPoolExecutor.java:624)
	at java.lang.Thread.run(Thread.java:748)
Caused by: com.mongodb.MongoTimeoutException: Timed out after 30000 ms while waiting to connect. Client view of cluster state is {type=UNKNOWN, servers=[{address=10.228.86.202:27017, type=UNKNOWN, state=CONNECTING, exception={com.mongodb.MongoSocketOpenException: Exception opening socket}, caused by {java.net.ConnectException: Connection refused: connect}}]
	at com.mongodb.internal.connection.BaseCluster.getDescription(BaseCluster.java:182)
	at com.mongodb.internal.connection.SingleServerCluster.getDescription(SingleServerCluster.java:41)
	at com.mongodb.client.internal.MongoClientDelegate.getConnectedClusterDescription(MongoClientDelegate.java:145)
	at com.mongodb.client.internal.MongoClientDelegate.createClientSession(MongoClientDelegate.java:100)
	at com.mongodb.client.internal.MongoClientDelegate$DelegateOperationExecutor.getClientSession(MongoClientDelegate.java:277)
	at com.mongodb.client.internal.MongoClientDelegate$DelegateOperationExecutor.execute(MongoClientDelegate.java:181)
	at com.mongodb.client.internal.MongoDatabaseImpl.executeCommand(MongoDatabaseImpl.java:186)
	at com.mongodb.client.internal.MongoDatabaseImpl.runCommand(MongoDatabaseImpl.java:155)
	at com.mongodb.client.internal.MongoDatabaseImpl.runCommand(MongoDatabaseImpl.java:150)
	at org.springframework.data.mongodb.core.MongoTemplate.lambda$executeCommand$2(MongoTemplate.java:476)
	at org.springframework.data.mongodb.core.MongoTemplate.execute(MongoTemplate.java:558)
	... 46 common frames omitted
05-18  11:07:32.784  INFO  -||- [com.alibaba.nacos.client.config.impl.ClientWorker] [com.alibaba.nacos.client.Worker.longPolling.fixed-10.228.81.30_3848-test] => get changedGroupKeys:[]
05-18  11:08:02.291  INFO  -||- [com.alibaba.nacos.client.config.impl.ClientWorker] [com.alibaba.nacos.client.Worker.longPolling.fixed-10.228.81.30_3848-test] => get changedGroupKeys:[]
05-18  11:08:17.158  INFO  -|bQFJ3afgWHEoP2ta|- [HTTP_LOG] [http-nio-8092-exec-1] => ========================\\                      
05-18  11:08:17.158  INFO  -|bQFJ3afgWHEoP2ta|- [HTTP_LOG] [http-nio-8092-exec-1] =>                          \\                     
05-18  11:08:17.159  INFO  -|bQFJ3afgWHEoP2ta|- [HTTP_LOG] [http-nio-8092-exec-1] =>                           \\                    
05-18  11:08:17.159  INFO  -|bQFJ3afgWHEoP2ta|- [HTTP_LOG] [http-nio-8092-exec-1] => RequestURI:        /tax/invoice/list
05-18  11:08:17.250  INFO  -|bQFJ3afgWHEoP2ta|- [com.chenfan.finance.controller.common.TaxInvoiceCommonController] [http-nio-8092-exec-1] => 获取的关联的brandIds:[2, 3, 4, 8, 21, 22, 23, 24, 26, 27, 28, 29, 30, 31, 32, 35, 36, 39, 42, 52, 62, 63, 64, 65, 67, 68, 69, 71, 72, 73, 74, 75, 76, 77, 78, 79, 80, 81, 82, 83, 84, 85, 86, 87, 88, 89, 90, 91, 92, 93, 94, 95, 96, 97, 98, 99, 100, 101, 103],companyIds:null,userIds:[1336971001799380993]
05-18  11:08:22.544  DEBUG -|bQFJ3afgWHEoP2ta|- [com.chenfan.finance.dao.CfTaxInvoiceHeaderMapper.selectList_COUNT] [http-nio-8092-exec-1] => ==>  Preparing: SELECT count(0) FROM cf_tax_invoice_header WHERE (create_by IN (?) AND brand_id IN (?, ?, ?, ?, ?, ?, ?, ?, ?, ?, ?, ?, ?, ?, ?, ?, ?, ?, ?, ?, ?, ?, ?, ?, ?, ?, ?, ?, ?, ?, ?, ?, ?, ?, ?, ?, ?, ?, ?, ?, ?, ?, ?, ?, ?, ?, ?, ?, ?, ?, ?, ?, ?, ?, ?, ?, ?, ?, ?))
05-18  11:08:22.573  DEBUG -|bQFJ3afgWHEoP2ta|- [com.chenfan.finance.dao.CfTaxInvoiceHeaderMapper.selectList_COUNT] [http-nio-8092-exec-1] => ==> Parameters: 1336971001799380993(Long), 2(Integer), 3(Integer), 4(Integer), 8(Integer), 21(Integer), 22(Integer), 23(Integer), 24(Integer), 26(Integer), 27(Integer), 28(Integer), 29(Integer), 30(Integer), 31(Integer), 32(Integer), 35(Integer), 36(Integer), 39(Integer), 42(Integer), 52(Integer), 62(Integer), 63(Integer), 64(Integer), 65(Integer), 67(Integer), 68(Integer), 69(Integer), 71(Integer), 72(Integer), 73(Integer), 74(Integer), 75(Integer), 76(Integer), 77(Integer), 78(Integer), 79(Integer), 80(Integer), 81(Integer), 82(Integer), 83(Integer), 84(Integer), 85(Integer), 86(Integer), 87(Integer), 88(Integer), 89(Integer), 90(Integer), 91(Integer), 92(Integer), 93(Integer), 94(Integer), 95(Integer), 96(Integer), 97(Integer), 98(Integer), 99(Integer), 100(Integer), 101(Integer), 103(Integer)
05-18  11:08:22.584  DEBUG -|bQFJ3afgWHEoP2ta|- [com.chenfan.finance.dao.CfTaxInvoiceHeaderMapper.selectList_COUNT] [http-nio-8092-exec-1] => <==      Total: 1
05-18  11:08:22.585  INFO  -|bQFJ3afgWHEoP2ta|- [com.chenfan.ccp.plug.log.handler.DynamicDataSourceInterceptor] [http-nio-8092-exec-1] =>     [sql]: ==> SELECT count(0) FROM cf_tax_invoice_header WHERE (create_by IN (1336971001799380993) AND brand_id IN (2, 3, 4, 8, 21, 22, 23, 24, 26, 27, 28, 29, 30, 31, 32, 35, 36, 39, 42, 52, 62, 63, 64, 65, 67, 68, 69, 71, 72, 73, 74, 75, 76, 77, 78, 79, 80, 81, 82, 83, 84, 85, 86, 87, 88, 89, 90, 91, 92, 93, 94, 95, 96, 97, 98, 99, 100, 101, 103)) <==   |   [time]: ==> 16 ms <==   |   [size]: ==> 1 <==   |   [result]: ==> [0]  <==
05-18  11:08:22.622  INFO  -|bQFJ3afgWHEoP2ta|- [HTTP_LOG] [http-nio-8092-exec-1] => RequestParams:     
05-18  11:08:22.622  INFO  -|bQFJ3afgWHEoP2ta|- [HTTP_LOG] [http-nio-8092-exec-1] => Total:             5464ms
05-18  11:08:22.622  INFO  -|bQFJ3afgWHEoP2ta|- [HTTP_LOG] [http-nio-8092-exec-1] =>                           //                      
05-18  11:08:22.622  INFO  -|bQFJ3afgWHEoP2ta|- [HTTP_LOG] [http-nio-8092-exec-1] =>                          //                       
05-18  11:08:22.622  INFO  -|bQFJ3afgWHEoP2ta|- [HTTP_LOG] [http-nio-8092-exec-1] => ========================//                        



05-18  11:08:31.795  INFO  -||- [com.alibaba.nacos.client.config.impl.ClientWorker] [com.alibaba.nacos.client.Worker.longPolling.fixed-10.228.81.30_3848-test] => get changedGroupKeys:[]
05-18  11:08:32.101  INFO  -|bQFJ3afgWHEoP2SF|- [HTTP_LOG] [http-nio-8092-exec-3] => ========================\\                      
05-18  11:08:32.101  INFO  -|bQFJ3afgWHEoP2SF|- [HTTP_LOG] [http-nio-8092-exec-3] =>                          \\                     
05-18  11:08:32.102  INFO  -|bQFJ3afgWHEoP2SF|- [HTTP_LOG] [http-nio-8092-exec-3] =>                           \\                    
05-18  11:08:32.102  INFO  -|bQFJ3afgWHEoP2SF|- [HTTP_LOG] [http-nio-8092-exec-3] => RequestURI:        /tax/invoice/list
05-18  11:08:32.108  INFO  -|bQFJ3afgWHEoP2SF|- [com.chenfan.finance.controller.common.TaxInvoiceCommonController] [http-nio-8092-exec-3] => 获取的关联的brandIds:[2, 3, 4, 8, 21, 22, 23, 24, 26, 27, 28, 29, 30, 31, 32, 35, 36, 39, 42, 52, 62, 63, 64, 65, 67, 68, 69, 71, 72, 73, 74, 75, 76, 77, 78, 79, 80, 81, 82, 83, 84, 85, 86, 87, 88, 89, 90, 91, 92, 93, 94, 95, 96, 97, 98, 99, 100, 101, 103],companyIds:null,userIds:[1336971001799380993]
05-18  11:08:32.116  DEBUG -|bQFJ3afgWHEoP2SF|- [com.chenfan.finance.dao.CfTaxInvoiceHeaderMapper.selectList_COUNT] [http-nio-8092-exec-3] => ==>  Preparing: SELECT count(0) FROM cf_tax_invoice_header WHERE (create_by IN (?) AND brand_id IN (?, ?, ?, ?, ?, ?, ?, ?, ?, ?, ?, ?, ?, ?, ?, ?, ?, ?, ?, ?, ?, ?, ?, ?, ?, ?, ?, ?, ?, ?, ?, ?, ?, ?, ?, ?, ?, ?, ?, ?, ?, ?, ?, ?, ?, ?, ?, ?, ?, ?, ?, ?, ?, ?, ?, ?, ?, ?, ?))
05-18  11:08:32.119  DEBUG -|bQFJ3afgWHEoP2SF|- [com.chenfan.finance.dao.CfTaxInvoiceHeaderMapper.selectList_COUNT] [http-nio-8092-exec-3] => ==> Parameters: 1336971001799380993(Long), 2(Integer), 3(Integer), 4(Integer), 8(Integer), 21(Integer), 22(Integer), 23(Integer), 24(Integer), 26(Integer), 27(Integer), 28(Integer), 29(Integer), 30(Integer), 31(Integer), 32(Integer), 35(Integer), 36(Integer), 39(Integer), 42(Integer), 52(Integer), 62(Integer), 63(Integer), 64(Integer), 65(Integer), 67(Integer), 68(Integer), 69(Integer), 71(Integer), 72(Integer), 73(Integer), 74(Integer), 75(Integer), 76(Integer), 77(Integer), 78(Integer), 79(Integer), 80(Integer), 81(Integer), 82(Integer), 83(Integer), 84(Integer), 85(Integer), 86(Integer), 87(Integer), 88(Integer), 89(Integer), 90(Integer), 91(Integer), 92(Integer), 93(Integer), 94(Integer), 95(Integer), 96(Integer), 97(Integer), 98(Integer), 99(Integer), 100(Integer), 101(Integer), 103(Integer)
05-18  11:08:32.121  DEBUG -|bQFJ3afgWHEoP2SF|- [com.chenfan.finance.dao.CfTaxInvoiceHeaderMapper.selectList_COUNT] [http-nio-8092-exec-3] => <==      Total: 1
05-18  11:08:32.122  INFO  -|bQFJ3afgWHEoP2SF|- [com.chenfan.ccp.plug.log.handler.DynamicDataSourceInterceptor] [http-nio-8092-exec-3] =>     [sql]: ==> SELECT count(0) FROM cf_tax_invoice_header WHERE (create_by IN (1336971001799380993) AND brand_id IN (2, 3, 4, 8, 21, 22, 23, 24, 26, 27, 28, 29, 30, 31, 32, 35, 36, 39, 42, 52, 62, 63, 64, 65, 67, 68, 69, 71, 72, 73, 74, 75, 76, 77, 78, 79, 80, 81, 82, 83, 84, 85, 86, 87, 88, 89, 90, 91, 92, 93, 94, 95, 96, 97, 98, 99, 100, 101, 103)) <==   |   [time]: ==> 4 ms <==   |   [size]: ==> 1 <==   |   [result]: ==> [0]  <==
05-18  11:08:32.132  INFO  -|bQFJ3afgWHEoP2SF|- [HTTP_LOG] [http-nio-8092-exec-3] => RequestParams:     
05-18  11:08:32.133  INFO  -|bQFJ3afgWHEoP2SF|- [HTTP_LOG] [http-nio-8092-exec-3] => Total:             32ms
05-18  11:08:32.133  INFO  -|bQFJ3afgWHEoP2SF|- [HTTP_LOG] [http-nio-8092-exec-3] =>                           //                      
05-18  11:08:32.133  INFO  -|bQFJ3afgWHEoP2SF|- [HTTP_LOG] [http-nio-8092-exec-3] =>                          //                       
05-18  11:08:32.133  INFO  -|bQFJ3afgWHEoP2SF|- [HTTP_LOG] [http-nio-8092-exec-3] => ========================//                        



05-18  11:09:01.300  INFO  -||- [com.alibaba.nacos.client.config.impl.ClientWorker] [com.alibaba.nacos.client.Worker.longPolling.fixed-10.228.81.30_3848-test] => get changedGroupKeys:[]
05-18  11:09:27.668  INFO  -||- [org.springframework.scheduling.concurrent.ThreadPoolTaskScheduler] [SpringContextShutdownHook] => Shutting down ExecutorService 'sheduleClearMemory'
05-18  11:09:27.673  INFO  -||- [com.alibaba.cloud.nacos.registry.NacosServiceRegistry] [SpringContextShutdownHook] => De-registering from Nacos Server now...
05-18  11:09:27.673  INFO  -||- [com.alibaba.nacos.client.naming] [SpringContextShutdownHook] => [BEAT] removing beat: TEST_GROUP@@chenfan-cloud-finance:10.228.84.57:8092 from beat map.
05-18  11:09:27.673  INFO  -||- [com.alibaba.nacos.client.naming] [SpringContextShutdownHook] => [DEREGISTER-SERVICE] test deregistering service TEST_GROUP@@chenfan-cloud-finance with instance: {"clusterName":"DEFAULT","enabled":true,"ephemeral":true,"healthy":true,"instanceHeartBeatInterval":5000,"instanceHeartBeatTimeOut":15000,"instanceIdGenerator":"simple","ip":"10.228.84.57","ipDeleteTimeout":30000,"metadata":{},"port":8092,"weight":1.0}
05-18  11:09:27.676  INFO  -||- [com.alibaba.cloud.nacos.registry.NacosServiceRegistry] [SpringContextShutdownHook] => De-registration finished.
05-18  11:09:27.680  INFO  -||- [com.xxl.job.core.server.EmbedServer] [Thread-79] => >>>>>>>>>>> xxl-job remoting server stop.
05-18  11:09:27.691  INFO  -||- [com.xxl.job.core.thread.ExecutorRegistryThread] [xxl-job, executor ExecutorRegistryThread] => >>>>>>>>>>> xxl-job registry-remove success, registryParam:RegistryParam{registryGroup='EXECUTOR', registryKey='chenfan-finance', registryValue='http://10.228.84.57:9999/'}, registryResult:ReturnT [code=200, msg=null, content=null]
05-18  11:09:27.692  INFO  -||- [com.xxl.job.core.thread.ExecutorRegistryThread] [xxl-job, executor ExecutorRegistryThread] => >>>>>>>>>>> xxl-job, executor registry thread destory.
05-18  11:09:27.692  INFO  -||- [com.xxl.job.core.server.EmbedServer] [SpringContextShutdownHook] => >>>>>>>>>>> xxl-job remoting server destroy success.
05-18  11:09:27.692  INFO  -||- [com.xxl.job.core.thread.TriggerCallbackThread] [xxl-job, executor TriggerCallbackThread] => >>>>>>>>>>> xxl-job, executor callback thread destory.
05-18  11:09:27.692  INFO  -||- [com.xxl.job.core.thread.TriggerCallbackThread] [Thread-78] => >>>>>>>>>>> xxl-job, executor retry callback thread destory.
05-18  11:09:27.693  INFO  -||- [org.springframework.scheduling.concurrent.ThreadPoolTaskScheduler] [SpringContextShutdownHook] => Shutting down ExecutorService 'sheduleClearMemory'
05-18  11:09:27.723  INFO  -||- [RocketmqRemoting] [NettyClientSelector_1] => closeChannel: close the connection to remote address[10.228.81.30:9876] result: true
05-18  11:09:27.724  INFO  -||- [RocketmqRemoting] [NettyClientSelector_1] => closeChannel: close the connection to remote address[10.228.81.30:10911] result: true
05-18  11:09:27.724  INFO  -||- [RocketmqRemoting] [NettyClientSelector_1] => closeChannel: close the connection to remote address[10.228.81.30:10909] result: true
05-24  18:36:21.228  INFO  -||- [com.alibaba.nacos.client.config.impl.LocalConfigInfoProcessor] [main] => LOCAL_SNAPSHOT_PATH:C:\Users\2797\nacos\config
05-24  18:36:21.274  INFO  -||- [com.alibaba.nacos.client.config.impl.Limiter] [main] => limitTime:5.0
05-24  18:36:21.292  WARN  -||- [com.alibaba.cloud.nacos.client.NacosPropertySourceBuilder] [main] => Ignore the empty nacos configuration and get it based on dataId[cc] & group[TEST_GROUP]
05-24  18:36:21.295  WARN  -||- [com.alibaba.cloud.nacos.client.NacosPropertySourceBuilder] [main] => Ignore the empty nacos configuration and get it based on dataId[cc.yaml] & group[TEST_GROUP]
05-24  18:36:21.298  INFO  -||- [com.alibaba.nacos.client.config.utils.JVMUtil] [main] => isMultiInstance:false
05-24  18:36:21.306  INFO  -||- [org.springframework.cloud.bootstrap.config.PropertySourceBootstrapConfiguration] [main] => Located property source: [BootstrapPropertySource {name='bootstrapProperties-cc-test.yaml,TEST_GROUP'}, BootstrapPropertySource {name='bootstrapProperties-cc.yaml,TEST_GROUP'}, BootstrapPropertySource {name='bootstrapProperties-cc,TEST_GROUP'}]
05-24  18:36:21.430  INFO  -||- [com.chenfan.finance.FinanceApplication] [main] => The following profiles are active: test
05-24  18:36:23.464  WARN  -||- [org.springframework.boot.actuate.endpoint.EndpointId] [main] => Endpoint ID 'nacos-config' contains invalid characters, please migrate to a valid format.
05-24  18:36:23.467  WARN  -||- [org.springframework.boot.actuate.endpoint.EndpointId] [main] => Endpoint ID 'nacos-discovery' contains invalid characters, please migrate to a valid format.
05-24  18:36:23.844  INFO  -||- [org.springframework.data.repository.config.RepositoryConfigurationDelegate] [main] => Multiple Spring Data modules found, entering strict repository configuration mode!
05-24  18:36:23.844  INFO  -||- [org.springframework.data.repository.config.RepositoryConfigurationDelegate] [main] => Bootstrapping Spring Data JPA repositories in DEFAULT mode.
05-24  18:36:23.906  INFO  -||- [org.springframework.data.repository.config.RepositoryConfigurationDelegate] [main] => Finished Spring Data repository scanning in 40ms. Found 0 JPA repository interfaces.
05-24  18:36:23.913  INFO  -||- [org.springframework.data.repository.config.RepositoryConfigurationDelegate] [main] => Multiple Spring Data modules found, entering strict repository configuration mode!
05-24  18:36:23.913  INFO  -||- [org.springframework.data.repository.config.RepositoryConfigurationDelegate] [main] => Bootstrapping Spring Data MongoDB repositories in DEFAULT mode.
05-24  18:36:23.932  INFO  -||- [org.springframework.data.repository.config.RepositoryConfigurationDelegate] [main] => Finished Spring Data repository scanning in 19ms. Found 0 MongoDB repository interfaces.
05-24  18:36:23.981  INFO  -||- [org.springframework.data.repository.config.RepositoryConfigurationDelegate] [main] => Multiple Spring Data modules found, entering strict repository configuration mode!
05-24  18:36:23.983  INFO  -||- [org.springframework.data.repository.config.RepositoryConfigurationDelegate] [main] => Bootstrapping Spring Data Redis repositories in DEFAULT mode.
05-24  18:36:24.012  INFO  -||- [org.springframework.data.repository.config.RepositoryConfigurationDelegate] [main] => Finished Spring Data repository scanning in 18ms. Found 0 Redis repository interfaces.
05-24  18:36:24.162  WARN  -||- [org.springframework.boot.actuate.endpoint.EndpointId] [main] => Endpoint ID 'service-registry' contains invalid characters, please migrate to a valid format.
05-24  18:36:24.430  INFO  -||- [org.springframework.context.annotation.ConfigurationClassPostProcessor] [main] => Cannot enhance @Configuration bean definition 'com.chenfan.ccp.autoconfigure.GlobalMqMessageConfigure' since its singleton instance has been created too early. The typical cause is a non-static @Bean method with a BeanDefinitionRegistryPostProcessor return type: Consider declaring such methods as 'static'.
05-24  18:36:24.539  INFO  -||- [org.springframework.cloud.context.scope.GenericScope] [main] => BeanFactory id=c4b1dc0d-1832-3a38-b8da-0981fa8e7db1
05-24  18:36:24.628  INFO  -||- [org.springframework.context.support.PostProcessorRegistrationDelegate$BeanPostProcessorChecker] [main] => Bean 'com.chenfan.finance.server.BaseInfoRemoteServer' of type [org.springframework.cloud.openfeign.FeignClientFactoryBean] is not eligible for getting processed by all BeanPostProcessors (for example: not eligible for auto-proxying)
05-24  18:36:24.629  INFO  -||- [org.springframework.context.support.PostProcessorRegistrationDelegate$BeanPostProcessorChecker] [main] => Bean 'com.chenfan.finance.server.BaseRemoteServer' of type [org.springframework.cloud.openfeign.FeignClientFactoryBean] is not eligible for getting processed by all BeanPostProcessors (for example: not eligible for auto-proxying)
05-24  18:36:24.631  INFO  -||- [org.springframework.context.support.PostProcessorRegistrationDelegate$BeanPostProcessorChecker] [main] => Bean 'com.chenfan.finance.server.McnRemoteServer' of type [org.springframework.cloud.openfeign.FeignClientFactoryBean] is not eligible for getting processed by all BeanPostProcessors (for example: not eligible for auto-proxying)
05-24  18:36:24.632  INFO  -||- [org.springframework.context.support.PostProcessorRegistrationDelegate$BeanPostProcessorChecker] [main] => Bean 'com.chenfan.finance.server.PrivilegeUserServer' of type [org.springframework.cloud.openfeign.FeignClientFactoryBean] is not eligible for getting processed by all BeanPostProcessors (for example: not eligible for auto-proxying)
05-24  18:36:24.633  INFO  -||- [org.springframework.context.support.PostProcessorRegistrationDelegate$BeanPostProcessorChecker] [main] => Bean 'com.chenfan.finance.server.PurchaseRemoteServer' of type [org.springframework.cloud.openfeign.FeignClientFactoryBean] is not eligible for getting processed by all BeanPostProcessors (for example: not eligible for auto-proxying)
05-24  18:36:24.633  INFO  -||- [org.springframework.context.support.PostProcessorRegistrationDelegate$BeanPostProcessorChecker] [main] => Bean 'com.chenfan.finance.server.TaskRemoteServer' of type [org.springframework.cloud.openfeign.FeignClientFactoryBean] is not eligible for getting processed by all BeanPostProcessors (for example: not eligible for auto-proxying)
05-24  18:36:24.635  INFO  -||- [org.springframework.context.support.PostProcessorRegistrationDelegate$BeanPostProcessorChecker] [main] => Bean 'com.chenfan.finance.server.VendorCenterServer' of type [org.springframework.cloud.openfeign.FeignClientFactoryBean] is not eligible for getting processed by all BeanPostProcessors (for example: not eligible for auto-proxying)
05-24  18:36:24.636  INFO  -||- [org.springframework.context.support.PostProcessorRegistrationDelegate$BeanPostProcessorChecker] [main] => Bean 'com.chenfan.process.client.ProcessClient' of type [org.springframework.cloud.openfeign.FeignClientFactoryBean] is not eligible for getting processed by all BeanPostProcessors (for example: not eligible for auto-proxying)
05-24  18:36:24.637  INFO  -||- [org.springframework.context.support.PostProcessorRegistrationDelegate$BeanPostProcessorChecker] [main] => Bean 'com.chenfan.code.generate.CodeGenerateClient' of type [org.springframework.cloud.openfeign.FeignClientFactoryBean] is not eligible for getting processed by all BeanPostProcessors (for example: not eligible for auto-proxying)
05-24  18:36:25.642  INFO  -||- [org.springframework.boot.web.embedded.tomcat.TomcatWebServer] [main] => Tomcat initialized with port(s): 8092 (http)
05-24  18:36:25.651  INFO  -||- [org.apache.catalina.core.StandardService] [main] => Starting service [Tomcat]
05-24  18:36:25.651  INFO  -||- [org.apache.catalina.core.StandardEngine] [main] => Starting Servlet engine: [Apache Tomcat/9.0.37]
05-24  18:36:25.786  INFO  -||- [org.apache.catalina.core.ContainerBase.[Tomcat].[localhost].[/]] [main] => Initializing Spring embedded WebApplicationContext
05-24  18:36:25.786  INFO  -||- [org.springframework.boot.web.servlet.context.ServletWebServerApplicationContext] [main] => Root WebApplicationContext: initialization completed in 4311 ms
05-24  18:36:26.175  INFO  -||- [org.redisson.Version] [main] => Redisson 3.14.0
05-24  18:36:26.702  INFO  -||- [org.redisson.connection.pool.MasterPubSubConnectionPool] [redisson-netty-2-16] => 1 connections initialized for /10.228.81.233:6379
05-24  18:36:26.720  INFO  -||- [org.redisson.connection.pool.MasterConnectionPool] [redisson-netty-2-19] => 24 connections initialized for /10.228.81.233:6379
05-24  18:36:27.309  INFO  -||- [com.alibaba.druid.spring.boot.autoconfigure.DruidDataSourceAutoConfigure] [main] => Init DruidDataSource
05-24  18:36:27.531  WARN  -||- [com.alibaba.druid.pool.DruidDataSource] [main] => removeAbandoned is true, not use in production.
05-24  18:36:27.767  INFO  -||- [com.alibaba.druid.pool.DruidDataSource] [main] => {dataSource-1} inited
05-24  18:36:28.072  INFO  -||- [org.hibernate.jpa.internal.util.LogHelper] [main] => HHH000204: Processing PersistenceUnitInfo [name: default]
05-24  18:36:28.161  INFO  -||- [org.hibernate.Version] [main] => HHH000412: Hibernate ORM core version 5.4.18.Final
05-24  18:36:28.346  INFO  -||- [org.hibernate.annotations.common.Version] [main] => HCANN000001: Hibernate Commons Annotations {5.1.0.Final}
05-24  18:36:28.475  INFO  -||- [org.hibernate.dialect.Dialect] [main] => HHH000400: Using dialect: org.hibernate.dialect.MySQL57Dialect
05-24  18:36:28.712  INFO  -||- [org.hibernate.engine.transaction.jta.platform.internal.JtaPlatformInitiator] [main] => HHH000490: Using JtaPlatform implementation: [org.hibernate.engine.transaction.jta.platform.internal.NoJtaPlatform]
05-24  18:36:28.721  INFO  -||- [org.springframework.orm.jpa.LocalContainerEntityManagerFactoryBean] [main] => Initialized JPA EntityManagerFactory for persistence unit 'default'
05-24  18:36:29.310  WARN  -||- [com.baomidou.mybatisplus.core.injector.AbstractMethod] [main] => [com.chenfan.finance.dao.CfBankAndCashMapper.delete] Has been loaded by XML or SqlProvider or Mybatis's Annotation, so ignoring this injection for [class com.baomidou.mybatisplus.core.injector.methods.Delete]
05-24  18:36:29.921  WARN  -||- [com.baomidou.mybatisplus.core.injector.AbstractMethod] [main] => [com.chenfan.finance.dao.RuleBillingDetailMapper.insert] Has been loaded by XML or SqlProvider or Mybatis's Annotation, so ignoring this injection for [class com.baomidou.mybatisplus.core.injector.methods.Insert]
05-24  18:36:29.925  WARN  -||- [com.baomidou.mybatisplus.core.injector.AbstractMethod] [main] => [com.chenfan.finance.dao.RuleBillingDetailMapper.updateById] Has been loaded by XML or SqlProvider or Mybatis's Annotation, so ignoring this injection for [class com.baomidou.mybatisplus.core.injector.methods.UpdateById]
05-24  18:36:29.939  WARN  -||- [com.baomidou.mybatisplus.core.injector.AbstractMethod] [main] => [com.chenfan.finance.dao.RuleBillingHeaderMapper.insert] Has been loaded by XML or SqlProvider or Mybatis's Annotation, so ignoring this injection for [class com.baomidou.mybatisplus.core.injector.methods.Insert]
05-24  18:36:29.943  WARN  -||- [com.baomidou.mybatisplus.core.injector.AbstractMethod] [main] => [com.chenfan.finance.dao.RuleBillingHeaderMapper.selectById] Has been loaded by XML or SqlProvider or Mybatis's Annotation, so ignoring this injection for [class com.baomidou.mybatisplus.core.injector.methods.SelectById]
05-24  18:36:30.202  WARN  -||- [org.springframework.boot.autoconfigure.orm.jpa.JpaBaseConfiguration$JpaWebConfiguration] [main] => spring.jpa.open-in-view is enabled by default. Therefore, database queries may be performed during view rendering. Explicitly configure spring.jpa.open-in-view to disable this warning
05-24  18:36:33.611  INFO  -||- [com.alibaba.nacos.client.naming] [main] => initializer namespace from System Property :null
05-24  18:36:33.612  INFO  -||- [com.alibaba.nacos.client.naming] [main] => initializer namespace from System Environment :null
05-24  18:36:33.612  INFO  -||- [com.alibaba.nacos.client.naming] [main] => initializer namespace from System Property :null
05-24  18:36:33.809  INFO  -||- [org.mongodb.driver.cluster] [main] => Cluster created with settings {hosts=[10.228.86.202:27017], mode=SINGLE, requiredClusterType=UNKNOWN, serverSelectionTimeout='30000 ms', maxWaitQueueSize=500}
05-24  18:36:34.354  INFO  -||- [org.springframework.boot.actuate.endpoint.web.EndpointLinksResolver] [main] => Exposing 0 endpoint(s) beneath base path '/actuator'
05-24  18:36:34.557  INFO  -||- [org.springframework.scheduling.concurrent.ThreadPoolTaskScheduler] [main] => Initializing ExecutorService 'sheduleClearMemory'
05-24  18:36:34.566  INFO  -||- [com.chenfan.finance.config.XxlJobConfig] [main] => >>>>>>>>>>> xxl-job config init.
05-24  18:36:34.635  WARN  -||- [com.netflix.config.sources.URLConfigurationSource] [main] => No URLs will be polled as dynamic configuration sources.
05-24  18:36:34.635  INFO  -||- [com.netflix.config.sources.URLConfigurationSource] [main] => To enable URLs as dynamic configuration sources, define System property archaius.configurationSource.additionalUrls or make config.properties available on classpath.
05-24  18:36:34.654  WARN  -||- [com.netflix.config.sources.URLConfigurationSource] [main] => No URLs will be polled as dynamic configuration sources.
05-24  18:36:34.654  INFO  -||- [com.netflix.config.sources.URLConfigurationSource] [main] => To enable URLs as dynamic configuration sources, define System property archaius.configurationSource.additionalUrls or make config.properties available on classpath.
05-24  18:36:34.916  INFO  -||- [org.mongodb.driver.cluster] [cluster-ClusterId{value='60ab81b14f0a007cd5abacf5', description='null'}-10.228.86.202:27017] => Exception in monitor thread while connecting to server 10.228.86.202:27017
com.mongodb.MongoSocketOpenException: Exception opening socket
	at com.mongodb.internal.connection.SocketStream.open(SocketStream.java:70)
	at com.mongodb.internal.connection.InternalStreamConnection.open(InternalStreamConnection.java:128)
	at com.mongodb.internal.connection.DefaultServerMonitor$ServerMonitorRunnable.run(DefaultServerMonitor.java:117)
	at java.lang.Thread.run(Thread.java:748)
Caused by: java.net.ConnectException: Connection refused: connect
	at java.net.DualStackPlainSocketImpl.waitForConnect(Native Method)
	at java.net.DualStackPlainSocketImpl.socketConnect(DualStackPlainSocketImpl.java:81)
	at java.net.AbstractPlainSocketImpl.doConnect(AbstractPlainSocketImpl.java:476)
	at java.net.AbstractPlainSocketImpl.connectToAddress(AbstractPlainSocketImpl.java:218)
	at java.net.AbstractPlainSocketImpl.connect(AbstractPlainSocketImpl.java:200)
	at java.net.PlainSocketImpl.connect(PlainSocketImpl.java:162)
	at java.net.SocksSocketImpl.connect(SocksSocketImpl.java:394)
	at java.net.Socket.connect(Socket.java:606)
	at com.mongodb.internal.connection.SocketStreamHelper.initialize(SocketStreamHelper.java:64)
	at com.mongodb.internal.connection.SocketStream.initializeSocket(SocketStream.java:79)
	at com.mongodb.internal.connection.SocketStream.open(SocketStream.java:65)
	... 3 common frames omitted
05-24  18:36:35.949  INFO  -||- [com.xxl.job.core.executor.XxlJobExecutor] [main] => >>>>>>>>>>> xxl-job register jobhandler success, name:cfWdtRdCalculateTaskJob, jobHandler:com.xxl.job.core.handler.impl.MethodJobHandler@5f1bf89a[class com.chenfan.finance.job.FinanceJob#cfWdtRdCalculateTaskJob]
05-24  18:36:35.950  INFO  -||- [com.xxl.job.core.executor.XxlJobExecutor] [main] => >>>>>>>>>>> xxl-job register jobhandler success, name:cfRdCalculateTaskJob, jobHandler:com.xxl.job.core.handler.impl.MethodJobHandler@59c4921f[class com.chenfan.finance.job.FinanceJob#cfRdCalculateTaskJob]
05-24  18:36:35.950  INFO  -||- [com.xxl.job.core.executor.XxlJobExecutor] [main] => >>>>>>>>>>> xxl-job register jobhandler success, name:qcTaskJob, jobHandler:com.xxl.job.core.handler.impl.MethodJobHandler@7c095332[class com.chenfan.finance.job.FinanceJob#qcTaskJob]
05-24  18:36:35.950  INFO  -||- [com.xxl.job.core.executor.XxlJobExecutor] [main] => >>>>>>>>>>> xxl-job register jobhandler success, name:monitoringTask, jobHandler:com.xxl.job.core.handler.impl.MethodJobHandler@2d8f32a[class com.chenfan.finance.job.FinanceJob#monitoringTask]
05-24  18:36:36.100  INFO  -||- [com.xxl.job.core.server.EmbedServer] [Thread-91] => >>>>>>>>>>> xxl-job remoting server start success, nettype = class com.xxl.job.core.server.EmbedServer, port = 9999
05-24  18:36:37.411  INFO  -||- [org.springframework.boot.web.embedded.tomcat.TomcatWebServer] [main] => Tomcat started on port(s): 8092 (http) with context path ''
05-24  18:36:37.416  INFO  -||- [com.alibaba.nacos.client.naming] [main] => [BEAT] adding beat: {"cluster":"DEFAULT","ip":"10.228.84.57","metadata":{"preserved.register.source":"SPRING_CLOUD"},"period":5000,"port":8092,"scheduled":false,"serviceName":"TEST_GROUP@@chenfan-cloud-finance","stopped":false,"weight":1.0} to beat map.
05-24  18:36:37.426  INFO  -||- [com.alibaba.nacos.client.naming] [main] => [REGISTER-SERVICE] test registering service TEST_GROUP@@chenfan-cloud-finance with instance: {"clusterName":"DEFAULT","enabled":true,"ephemeral":true,"healthy":true,"instanceHeartBeatInterval":5000,"instanceHeartBeatTimeOut":15000,"ip":"10.228.84.57","ipDeleteTimeout":30000,"metadata":{"preserved.register.source":"SPRING_CLOUD"},"port":8092,"weight":1.0}
05-24  18:36:37.433  INFO  -||- [com.alibaba.cloud.nacos.registry.NacosServiceRegistry] [main] => nacos registry, TEST_GROUP chenfan-cloud-finance 10.228.84.57:8092 register finished
05-24  18:36:37.508  INFO  -||- [com.chenfan.finance.FinanceApplication] [main] => Started FinanceApplication in 17.832 seconds (JVM running for 21.067)
05-24  18:36:37.516  INFO  -||- [com.chenfan.finance.commons.base.FinanceProjectInitRunner] [main] => ====================== init start =======================
05-24  18:36:37.538  INFO  -||- [com.chenfan.finance.commons.base.FinanceProjectInitRunner] [main] =>  finance_project_key : b7bcd61f-58bd-41b9-b3a1-a32caf16ce20 
05-24  18:36:37.538  INFO  -||- [com.chenfan.finance.commons.base.FinanceProjectInitRunner] [main] => ====================== init end =======================
05-24  18:36:37.541  INFO  -||- [com.alibaba.nacos.client.config.impl.ClientWorker] [main] => [fixed-10.228.81.30_3848-test] [subscribe] cc-test.yaml+TEST_GROUP+test
05-24  18:36:37.542  INFO  -||- [com.alibaba.nacos.client.config.impl.CacheData] [main] => [fixed-10.228.81.30_3848-test] [add-listener] ok, tenant=test, dataId=cc-test.yaml, group=TEST_GROUP, cnt=1
05-24  18:36:37.542  INFO  -||- [com.alibaba.nacos.client.config.impl.ClientWorker] [main] => [fixed-10.228.81.30_3848-test] [subscribe] cc.yaml+TEST_GROUP+test
05-24  18:36:37.542  INFO  -||- [com.alibaba.nacos.client.config.impl.CacheData] [main] => [fixed-10.228.81.30_3848-test] [add-listener] ok, tenant=test, dataId=cc.yaml, group=TEST_GROUP, cnt=1
05-24  18:36:37.543  INFO  -||- [com.alibaba.nacos.client.config.impl.ClientWorker] [main] => [fixed-10.228.81.30_3848-test] [subscribe] cc+TEST_GROUP+test
05-24  18:36:37.543  INFO  -||- [com.alibaba.nacos.client.config.impl.CacheData] [main] => [fixed-10.228.81.30_3848-test] [add-listener] ok, tenant=test, dataId=cc, group=TEST_GROUP, cnt=1
05-24  18:36:37.545  INFO  -||- [com.chenfan.ccp.util.start.ApplicationContextUtil] [main] => ======================================================================================
05-24  18:36:37.545  INFO  -||- [com.chenfan.ccp.util.start.ApplicationContextUtil] [main] =>                                                                                       
05-24  18:36:37.545  INFO  -||- [com.chenfan.ccp.util.start.ApplicationContextUtil] [main] => ................................服务启动成功,端口为8092................................
05-24  18:36:37.545  INFO  -||- [com.chenfan.ccp.util.start.ApplicationContextUtil] [main] => ................................日志保存路径为: ./log/................................
05-24  18:36:37.545  INFO  -||- [com.chenfan.ccp.util.start.ApplicationContextUtil] [main] =>                                                                                       
05-24  18:36:37.545  INFO  -||- [com.chenfan.ccp.util.start.ApplicationContextUtil] [main] => ======================================================================================
05-24  18:36:37.551  INFO  -||- [com.alibaba.nacos.client.config.impl.ClientWorker] [com.alibaba.nacos.client.Worker.longPolling.fixed-10.228.81.30_3848-test] => get changedGroupKeys:[]
05-24  18:36:38.101  INFO  -||- [org.apache.catalina.core.ContainerBase.[Tomcat].[localhost].[/]] [RMI TCP Connection(1)-10.228.84.57] => Initializing Spring DispatcherServlet 'dispatcherServlet'
05-24  18:36:38.101  INFO  -||- [org.springframework.web.servlet.DispatcherServlet] [RMI TCP Connection(1)-10.228.84.57] => Initializing Servlet 'dispatcherServlet'
05-24  18:36:38.116  INFO  -||- [org.springframework.web.servlet.DispatcherServlet] [RMI TCP Connection(1)-10.228.84.57] => Completed initialization in 15 ms
05-24  18:36:38.239  INFO  -||- [org.mongodb.driver.cluster] [RMI TCP Connection(3)-10.228.84.57] => Cluster description not yet available. Waiting for 30000 ms before timing out
05-24  18:36:42.922  INFO  -||- [org.springframework.scheduling.concurrent.ThreadPoolTaskScheduler] [SpringContextShutdownHook] => Shutting down ExecutorService 'sheduleClearMemory'
05-24  18:36:42.950  INFO  -||- [com.alibaba.cloud.nacos.registry.NacosServiceRegistry] [SpringContextShutdownHook] => De-registering from Nacos Server now...
05-24  18:36:42.950  INFO  -||- [com.alibaba.nacos.client.naming] [SpringContextShutdownHook] => [BEAT] removing beat: TEST_GROUP@@chenfan-cloud-finance:10.228.84.57:8092 from beat map.
05-24  18:36:42.951  INFO  -||- [com.alibaba.nacos.client.naming] [SpringContextShutdownHook] => [DEREGISTER-SERVICE] test deregistering service TEST_GROUP@@chenfan-cloud-finance with instance: {"clusterName":"DEFAULT","enabled":true,"ephemeral":true,"healthy":true,"instanceHeartBeatInterval":5000,"instanceHeartBeatTimeOut":15000,"instanceIdGenerator":"simple","ip":"10.228.84.57","ipDeleteTimeout":30000,"metadata":{},"port":8092,"weight":1.0}
05-24  18:36:42.952  INFO  -||- [com.alibaba.cloud.nacos.registry.NacosServiceRegistry] [SpringContextShutdownHook] => De-registration finished.
05-24  18:36:42.955  INFO  -||- [com.xxl.job.core.server.EmbedServer] [Thread-91] => >>>>>>>>>>> xxl-job remoting server stop.
05-24  18:36:42.966  INFO  -||- [com.xxl.job.core.thread.ExecutorRegistryThread] [xxl-job, executor ExecutorRegistryThread] => >>>>>>>>>>> xxl-job registry-remove success, registryParam:RegistryParam{registryGroup='EXECUTOR', registryKey='chenfan-finance', registryValue='http://10.228.84.57:9999/'}, registryResult:ReturnT [code=200, msg=null, content=null]
05-24  18:36:42.966  INFO  -||- [com.xxl.job.core.thread.ExecutorRegistryThread] [xxl-job, executor ExecutorRegistryThread] => >>>>>>>>>>> xxl-job, executor registry thread destory.
05-24  18:36:42.966  INFO  -||- [com.xxl.job.core.server.EmbedServer] [SpringContextShutdownHook] => >>>>>>>>>>> xxl-job remoting server destroy success.
05-24  18:36:42.966  INFO  -||- [com.xxl.job.core.thread.TriggerCallbackThread] [xxl-job, executor TriggerCallbackThread] => >>>>>>>>>>> xxl-job, executor callback thread destory.
05-24  18:36:42.966  INFO  -||- [com.xxl.job.core.thread.TriggerCallbackThread] [Thread-90] => >>>>>>>>>>> xxl-job, executor retry callback thread destory.
05-24  18:36:42.967  INFO  -||- [org.springframework.scheduling.concurrent.ThreadPoolTaskScheduler] [SpringContextShutdownHook] => Shutting down ExecutorService 'sheduleClearMemory'
05-24  18:36:42.982  INFO  -||- [RocketmqRemoting] [NettyClientSelector_1] => closeChannel: close the connection to remote address[10.228.81.30:9876] result: true
05-24  18:36:42.982  INFO  -||- [RocketmqRemoting] [NettyClientSelector_1] => closeChannel: close the connection to remote address[10.228.81.30:10911] result: true
05-24  18:36:42.982  INFO  -||- [RocketmqRemoting] [NettyClientSelector_1] => closeChannel: close the connection to remote address[10.228.81.30:10909] result: true
05-24  18:36:42.988  INFO  -||- [RocketmqRemoting] [NettyClientSelector_1] => closeChannel: close the connection to remote address[10.228.81.30:9876] result: true
05-24  18:36:42.988  INFO  -||- [RocketmqRemoting] [NettyClientSelector_1] => closeChannel: close the connection to remote address[10.228.81.30:10909] result: true
05-24  18:36:42.989  INFO  -||- [RocketmqRemoting] [NettyClientSelector_1] => closeChannel: close the connection to remote address[10.228.81.30:10911] result: true
05-24  18:36:42.993  INFO  -||- [org.springframework.orm.jpa.LocalContainerEntityManagerFactoryBean] [SpringContextShutdownHook] => Closing JPA EntityManagerFactory for persistence unit 'default'
