05-31  15:02:11.556  INFO  -||- [com.alibaba.nacos.client.config.impl.LocalConfigInfoProcessor] [main] => LOCAL_SNAPSHOT_PATH:C:\Users\2797\nacos\config
05-31  15:02:11.581  INFO  -||- [com.alibaba.nacos.client.config.impl.Limiter] [main] => limitTime:5.0
05-31  15:02:11.595  WARN  -||- [com.alibaba.cloud.nacos.client.NacosPropertySourceBuilder] [main] => Ignore the empty nacos configuration and get it based on dataId[cc] & group[TEST_GROUP]
05-31  15:02:11.598  WARN  -||- [com.alibaba.cloud.nacos.client.NacosPropertySourceBuilder] [main] => Ignore the empty nacos configuration and get it based on dataId[cc.yaml] & group[TEST_GROUP]
05-31  15:02:11.600  INFO  -||- [com.alibaba.nacos.client.config.utils.JVMUtil] [main] => isMultiInstance:false
05-31  15:02:11.609  INFO  -||- [org.springframework.cloud.bootstrap.config.PropertySourceBootstrapConfiguration] [main] => Located property source: [BootstrapPropertySource {name='bootstrapProperties-cc-test.yaml,TEST_GROUP'}, BootstrapPropertySource {name='bootstrapProperties-cc.yaml,TEST_GROUP'}, BootstrapPropertySource {name='bootstrapProperties-cc,TEST_GROUP'}]
05-31  15:02:11.661  INFO  -||- [com.chenfan.finance.FinanceApplication] [main] => The following profiles are active: test
05-31  15:02:12.942  WARN  -||- [org.springframework.boot.actuate.endpoint.EndpointId] [main] => Endpoint ID 'nacos-config' contains invalid characters, please migrate to a valid format.
05-31  15:02:12.946  WARN  -||- [org.springframework.boot.actuate.endpoint.EndpointId] [main] => Endpoint ID 'nacos-discovery' contains invalid characters, please migrate to a valid format.
05-31  15:02:13.207  INFO  -||- [org.springframework.data.repository.config.RepositoryConfigurationDelegate] [main] => Multiple Spring Data modules found, entering strict repository configuration mode!
05-31  15:02:13.208  INFO  -||- [org.springframework.data.repository.config.RepositoryConfigurationDelegate] [main] => Bootstrapping Spring Data JPA repositories in DEFAULT mode.
05-31  15:02:13.255  INFO  -||- [org.springframework.data.repository.config.RepositoryConfigurationDelegate] [main] => Finished Spring Data repository scanning in 41ms. Found 0 JPA repository interfaces.
05-31  15:02:13.261  INFO  -||- [org.springframework.data.repository.config.RepositoryConfigurationDelegate] [main] => Multiple Spring Data modules found, entering strict repository configuration mode!
05-31  15:02:13.261  INFO  -||- [org.springframework.data.repository.config.RepositoryConfigurationDelegate] [main] => Bootstrapping Spring Data MongoDB repositories in DEFAULT mode.
05-31  15:02:13.285  INFO  -||- [org.springframework.data.repository.config.RepositoryConfigurationDelegate] [main] => Finished Spring Data repository scanning in 23ms. Found 0 MongoDB repository interfaces.
05-31  15:02:13.295  INFO  -||- [org.springframework.data.repository.config.RepositoryConfigurationDelegate] [main] => Multiple Spring Data modules found, entering strict repository configuration mode!
05-31  15:02:13.296  INFO  -||- [org.springframework.data.repository.config.RepositoryConfigurationDelegate] [main] => Bootstrapping Spring Data Redis repositories in DEFAULT mode.
05-31  15:02:13.326  INFO  -||- [org.springframework.data.repository.config.RepositoryConfigurationDelegate] [main] => Finished Spring Data repository scanning in 22ms. Found 0 Redis repository interfaces.
05-31  15:02:13.388  WARN  -||- [org.springframework.boot.actuate.endpoint.EndpointId] [main] => Endpoint ID 'service-registry' contains invalid characters, please migrate to a valid format.
05-31  15:02:13.532  INFO  -||- [org.springframework.context.annotation.ConfigurationClassPostProcessor] [main] => Cannot enhance @Configuration bean definition 'com.chenfan.ccp.autoconfigure.GlobalMqMessageConfigure' since its singleton instance has been created too early. The typical cause is a non-static @Bean method with a BeanDefinitionRegistryPostProcessor return type: Consider declaring such methods as 'static'.
05-31  15:02:13.611  INFO  -||- [org.springframework.cloud.context.scope.GenericScope] [main] => BeanFactory id=747e9b41-1d05-303c-8d9b-19a4c033f314
05-31  15:02:13.651  INFO  -||- [org.springframework.context.support.PostProcessorRegistrationDelegate$BeanPostProcessorChecker] [main] => Bean 'com.chenfan.finance.server.BaseInfoRemoteServer' of type [org.springframework.cloud.openfeign.FeignClientFactoryBean] is not eligible for getting processed by all BeanPostProcessors (for example: not eligible for auto-proxying)
05-31  15:02:13.651  INFO  -||- [org.springframework.context.support.PostProcessorRegistrationDelegate$BeanPostProcessorChecker] [main] => Bean 'com.chenfan.finance.server.BaseRemoteServer' of type [org.springframework.cloud.openfeign.FeignClientFactoryBean] is not eligible for getting processed by all BeanPostProcessors (for example: not eligible for auto-proxying)
05-31  15:02:13.652  INFO  -||- [org.springframework.context.support.PostProcessorRegistrationDelegate$BeanPostProcessorChecker] [main] => Bean 'com.chenfan.finance.server.McnRemoteServer' of type [org.springframework.cloud.openfeign.FeignClientFactoryBean] is not eligible for getting processed by all BeanPostProcessors (for example: not eligible for auto-proxying)
05-31  15:02:13.653  INFO  -||- [org.springframework.context.support.PostProcessorRegistrationDelegate$BeanPostProcessorChecker] [main] => Bean 'com.chenfan.finance.server.PrivilegeUserServer' of type [org.springframework.cloud.openfeign.FeignClientFactoryBean] is not eligible for getting processed by all BeanPostProcessors (for example: not eligible for auto-proxying)
05-31  15:02:13.654  INFO  -||- [org.springframework.context.support.PostProcessorRegistrationDelegate$BeanPostProcessorChecker] [main] => Bean 'com.chenfan.finance.server.PurchaseRemoteServer' of type [org.springframework.cloud.openfeign.FeignClientFactoryBean] is not eligible for getting processed by all BeanPostProcessors (for example: not eligible for auto-proxying)
05-31  15:02:13.655  INFO  -||- [org.springframework.context.support.PostProcessorRegistrationDelegate$BeanPostProcessorChecker] [main] => Bean 'com.chenfan.finance.server.TaskRemoteServer' of type [org.springframework.cloud.openfeign.FeignClientFactoryBean] is not eligible for getting processed by all BeanPostProcessors (for example: not eligible for auto-proxying)
05-31  15:02:13.656  INFO  -||- [org.springframework.context.support.PostProcessorRegistrationDelegate$BeanPostProcessorChecker] [main] => Bean 'com.chenfan.finance.server.VendorCenterServer' of type [org.springframework.cloud.openfeign.FeignClientFactoryBean] is not eligible for getting processed by all BeanPostProcessors (for example: not eligible for auto-proxying)
05-31  15:02:13.658  INFO  -||- [org.springframework.context.support.PostProcessorRegistrationDelegate$BeanPostProcessorChecker] [main] => Bean 'com.chenfan.process.client.ProcessClient' of type [org.springframework.cloud.openfeign.FeignClientFactoryBean] is not eligible for getting processed by all BeanPostProcessors (for example: not eligible for auto-proxying)
05-31  15:02:13.659  INFO  -||- [org.springframework.context.support.PostProcessorRegistrationDelegate$BeanPostProcessorChecker] [main] => Bean 'com.chenfan.code.generate.CodeGenerateClient' of type [org.springframework.cloud.openfeign.FeignClientFactoryBean] is not eligible for getting processed by all BeanPostProcessors (for example: not eligible for auto-proxying)
05-31  15:02:13.781  INFO  -||- [org.springframework.context.support.PostProcessorRegistrationDelegate$BeanPostProcessorChecker] [main] => Bean 'spring.datasource.dynamic-com.baomidou.dynamic.datasource.spring.boot.autoconfigure.DynamicDataSourceProperties' of type [com.baomidou.dynamic.datasource.spring.boot.autoconfigure.DynamicDataSourceProperties] is not eligible for getting processed by all BeanPostProcessors (for example: not eligible for auto-proxying)
05-31  15:02:13.878  INFO  -||- [org.springframework.context.support.PostProcessorRegistrationDelegate$BeanPostProcessorChecker] [main] => Bean 'com.baomidou.dynamic.datasource.spring.boot.autoconfigure.DynamicDataSourceAutoConfiguration' of type [com.baomidou.dynamic.datasource.spring.boot.autoconfigure.DynamicDataSourceAutoConfiguration$$EnhancerBySpringCGLIB$$e11c75f0] is not eligible for getting processed by all BeanPostProcessors (for example: not eligible for auto-proxying)
05-31  15:02:13.888  INFO  -||- [org.springframework.context.support.PostProcessorRegistrationDelegate$BeanPostProcessorChecker] [main] => Bean 'dsProcessor' of type [com.baomidou.dynamic.datasource.processor.DsHeaderProcessor] is not eligible for getting processed by all BeanPostProcessors (for example: not eligible for auto-proxying)
05-31  15:02:13.892  INFO  -||- [org.springframework.context.support.PostProcessorRegistrationDelegate$BeanPostProcessorChecker] [main] => Bean 'dynamicDatasourceAnnotationAdvisor' of type [com.baomidou.dynamic.datasource.aop.DynamicDataSourceAnnotationAdvisor] is not eligible for getting processed by all BeanPostProcessors (for example: not eligible for auto-proxying)
05-31  15:02:14.221  INFO  -||- [org.springframework.boot.web.embedded.tomcat.TomcatWebServer] [main] => Tomcat initialized with port(s): 8092 (http)
05-31  15:02:14.230  INFO  -||- [org.apache.catalina.core.StandardService] [main] => Starting service [Tomcat]
05-31  15:02:14.230  INFO  -||- [org.apache.catalina.core.StandardEngine] [main] => Starting Servlet engine: [Apache Tomcat/9.0.37]
05-31  15:02:14.364  INFO  -||- [org.apache.catalina.core.ContainerBase.[Tomcat].[localhost].[/]] [main] => Initializing Spring embedded WebApplicationContext
05-31  15:02:14.364  INFO  -||- [org.springframework.boot.web.servlet.context.ServletWebServerApplicationContext] [main] => Root WebApplicationContext: initialization completed in 2679 ms
05-31  15:02:14.686  INFO  -||- [org.redisson.Version] [main] => Redisson 3.14.0
05-31  15:02:15.037  INFO  -||- [org.redisson.connection.pool.MasterPubSubConnectionPool] [redisson-netty-2-15] => 1 connections initialized for /10.228.81.233:6379
05-31  15:02:15.053  INFO  -||- [org.redisson.connection.pool.MasterConnectionPool] [redisson-netty-2-19] => 24 connections initialized for /10.228.81.233:6379
05-31  15:02:15.740  INFO  -||- [com.alibaba.druid.pool.DruidDataSource] [main] => {dataSource-1,defaultdb} inited
05-31  15:02:15.743  INFO  -||- [com.alibaba.druid.pool.DruidDataSource] [main] => {dataSource-2,tocdb} inited
05-31  15:02:15.744  INFO  -||- [com.baomidou.dynamic.datasource.DynamicRoutingDataSource] [main] => dynamic-datasource - load a datasource named [defaultdb] success
05-31  15:02:15.744  INFO  -||- [com.baomidou.dynamic.datasource.DynamicRoutingDataSource] [main] => dynamic-datasource - load a datasource named [tocdb] success
05-31  15:02:15.744  INFO  -||- [com.baomidou.dynamic.datasource.DynamicRoutingDataSource] [main] => dynamic-datasource initial loaded [2] datasource,primary datasource named [defaultdb]
05-31  15:02:16.078  INFO  -||- [org.hibernate.jpa.internal.util.LogHelper] [main] => HHH000204: Processing PersistenceUnitInfo [name: default]
05-31  15:02:16.150  INFO  -||- [org.hibernate.Version] [main] => HHH000412: Hibernate ORM core version 5.4.18.Final
05-31  15:02:16.348  INFO  -||- [org.hibernate.annotations.common.Version] [main] => HCANN000001: Hibernate Commons Annotations {5.1.0.Final}
05-31  15:02:16.551  INFO  -||- [org.hibernate.dialect.Dialect] [main] => HHH000400: Using dialect: org.hibernate.dialect.MySQL57Dialect
05-31  15:02:16.869  INFO  -||- [org.hibernate.engine.transaction.jta.platform.internal.JtaPlatformInitiator] [main] => HHH000490: Using JtaPlatform implementation: [org.hibernate.engine.transaction.jta.platform.internal.NoJtaPlatform]
05-31  15:02:16.879  INFO  -||- [org.springframework.orm.jpa.LocalContainerEntityManagerFactoryBean] [main] => Initialized JPA EntityManagerFactory for persistence unit 'default'
05-31  15:02:17.610  WARN  -||- [com.baomidou.mybatisplus.core.metadata.TableInfoHelper] [main] => Can not find table primary key in Class: "com.chenfan.finance.model.BrandU8Mapping".
05-31  15:02:17.660  WARN  -||- [com.baomidou.mybatisplus.core.injector.AbstractMethod] [main] => [com.chenfan.finance.dao.CfBankAndCashMapper.delete] Has been loaded by XML or SqlProvider or Mybatis's Annotation, so ignoring this injection for [class com.baomidou.mybatisplus.core.injector.methods.Delete]
05-31  15:02:18.307  WARN  -||- [com.baomidou.mybatisplus.core.injector.AbstractMethod] [main] => [com.chenfan.finance.dao.RuleBillingDetailMapper.insert] Has been loaded by XML or SqlProvider or Mybatis's Annotation, so ignoring this injection for [class com.baomidou.mybatisplus.core.injector.methods.Insert]
05-31  15:02:18.313  WARN  -||- [com.baomidou.mybatisplus.core.injector.AbstractMethod] [main] => [com.chenfan.finance.dao.RuleBillingDetailMapper.updateById] Has been loaded by XML or SqlProvider or Mybatis's Annotation, so ignoring this injection for [class com.baomidou.mybatisplus.core.injector.methods.UpdateById]
05-31  15:02:18.332  WARN  -||- [com.baomidou.mybatisplus.core.injector.AbstractMethod] [main] => [com.chenfan.finance.dao.RuleBillingHeaderMapper.insert] Has been loaded by XML or SqlProvider or Mybatis's Annotation, so ignoring this injection for [class com.baomidou.mybatisplus.core.injector.methods.Insert]
05-31  15:02:18.337  WARN  -||- [com.baomidou.mybatisplus.core.injector.AbstractMethod] [main] => [com.chenfan.finance.dao.RuleBillingHeaderMapper.selectById] Has been loaded by XML or SqlProvider or Mybatis's Annotation, so ignoring this injection for [class com.baomidou.mybatisplus.core.injector.methods.SelectById]
05-31  15:02:18.355  WARN  -||- [com.baomidou.mybatisplus.core.metadata.TableInfoHelper] [main] => Can not find table primary key in Class: "com.chenfan.finance.model.bo.TocAlipayOrigin".
05-31  15:02:18.375  WARN  -||- [com.baomidou.mybatisplus.core.metadata.TableInfoHelper] [main] => Can not find table primary key in Class: "com.chenfan.finance.model.bo.TocApiRefund".
05-31  15:02:18.399  WARN  -||- [com.baomidou.mybatisplus.core.metadata.TableInfoHelper] [main] => Can not find table primary key in Class: "com.chenfan.finance.model.bo.TocApiRefundOrder".
05-31  15:02:18.431  WARN  -||- [com.baomidou.mybatisplus.core.metadata.TableInfoHelper] [main] => Can not find table primary key in Class: "com.chenfan.finance.model.bo.TocApiTrade".
05-31  15:02:18.475  WARN  -||- [com.baomidou.mybatisplus.core.metadata.TableInfoHelper] [main] => Can not find table primary key in Class: "com.chenfan.finance.model.bo.TocApiTradeOrder".
05-31  15:02:18.585  WARN  -||- [com.baomidou.mybatisplus.core.metadata.TableInfoHelper] [main] => Can not find table primary key in Class: "com.chenfan.finance.model.bo.TocSalesTrade".
05-31  15:02:18.625  WARN  -||- [com.baomidou.mybatisplus.core.metadata.TableInfoHelper] [main] => Can not find table primary key in Class: "com.chenfan.finance.model.bo.TocSalesTradeOrder".
05-31  15:02:18.653  WARN  -||- [com.baomidou.mybatisplus.core.metadata.TableInfoHelper] [main] => Can not find table primary key in Class: "com.chenfan.finance.model.bo.TocStockoutOrderDetail".
05-31  15:02:18.676  WARN  -||- [com.baomidou.mybatisplus.core.metadata.TableInfoHelper] [main] => Can not find table primary key in Class: "com.chenfan.finance.model.bo.TocStockoutOrder".
05-31  15:02:18.982  WARN  -||- [org.springframework.boot.autoconfigure.orm.jpa.JpaBaseConfiguration$JpaWebConfiguration] [main] => spring.jpa.open-in-view is enabled by default. Therefore, database queries may be performed during view rendering. Explicitly configure spring.jpa.open-in-view to disable this warning
05-31  15:02:21.240  INFO  -||- [com.alibaba.nacos.client.naming] [main] => initializer namespace from System Property :null
05-31  15:02:21.240  INFO  -||- [com.alibaba.nacos.client.naming] [main] => initializer namespace from System Environment :null
05-31  15:02:21.241  INFO  -||- [com.alibaba.nacos.client.naming] [main] => initializer namespace from System Property :null
05-31  15:02:21.355  INFO  -||- [org.mongodb.driver.cluster] [main] => Cluster created with settings {hosts=[10.228.86.202:27017], mode=SINGLE, requiredClusterType=UNKNOWN, serverSelectionTimeout='30000 ms', maxWaitQueueSize=500}
05-31  15:02:21.769  INFO  -||- [org.springframework.boot.actuate.endpoint.web.EndpointLinksResolver] [main] => Exposing 0 endpoint(s) beneath base path '/actuator'
05-31  15:02:21.964  INFO  -||- [org.springframework.scheduling.concurrent.ThreadPoolTaskScheduler] [main] => Initializing ExecutorService 'sheduleClearMemory'
05-31  15:02:21.974  INFO  -||- [com.chenfan.finance.config.XxlJobConfig] [main] => >>>>>>>>>>> xxl-job config init.
05-31  15:02:22.025  WARN  -||- [com.netflix.config.sources.URLConfigurationSource] [main] => No URLs will be polled as dynamic configuration sources.
05-31  15:02:22.025  INFO  -||- [com.netflix.config.sources.URLConfigurationSource] [main] => To enable URLs as dynamic configuration sources, define System property archaius.configurationSource.additionalUrls or make config.properties available on classpath.
05-31  15:02:22.030  WARN  -||- [com.netflix.config.sources.URLConfigurationSource] [main] => No URLs will be polled as dynamic configuration sources.
05-31  15:02:22.030  INFO  -||- [com.netflix.config.sources.URLConfigurationSource] [main] => To enable URLs as dynamic configuration sources, define System property archaius.configurationSource.additionalUrls or make config.properties available on classpath.
05-31  15:02:22.393  INFO  -||- [org.mongodb.driver.cluster] [cluster-ClusterId{value='60b489fdd47d571bc736e41d', description='null'}-10.228.86.202:27017] => Exception in monitor thread while connecting to server 10.228.86.202:27017
com.mongodb.MongoSocketOpenException: Exception opening socket
	at com.mongodb.internal.connection.SocketStream.open(SocketStream.java:70)
	at com.mongodb.internal.connection.InternalStreamConnection.open(InternalStreamConnection.java:128)
	at com.mongodb.internal.connection.DefaultServerMonitor$ServerMonitorRunnable.run(DefaultServerMonitor.java:117)
	at java.lang.Thread.run(Thread.java:748)
Caused by: java.net.ConnectException: Connection refused: connect
	at java.net.DualStackPlainSocketImpl.waitForConnect(Native Method)
	at java.net.DualStackPlainSocketImpl.socketConnect(DualStackPlainSocketImpl.java:81)
	at java.net.AbstractPlainSocketImpl.doConnect(AbstractPlainSocketImpl.java:476)
	at java.net.AbstractPlainSocketImpl.connectToAddress(AbstractPlainSocketImpl.java:218)
	at java.net.AbstractPlainSocketImpl.connect(AbstractPlainSocketImpl.java:200)
	at java.net.PlainSocketImpl.connect(PlainSocketImpl.java:162)
	at java.net.SocksSocketImpl.connect(SocksSocketImpl.java:394)
	at java.net.Socket.connect(Socket.java:606)
	at com.mongodb.internal.connection.SocketStreamHelper.initialize(SocketStreamHelper.java:64)
	at com.mongodb.internal.connection.SocketStream.initializeSocket(SocketStream.java:79)
	at com.mongodb.internal.connection.SocketStream.open(SocketStream.java:65)
	... 3 common frames omitted
05-31  15:02:23.324  INFO  -||- [com.xxl.job.core.executor.XxlJobExecutor] [main] => >>>>>>>>>>> xxl-job register jobhandler success, name:monitoringTask, jobHandler:com.xxl.job.core.handler.impl.MethodJobHandler@25dee62[class com.chenfan.finance.job.FinanceJob#monitoringTask]
05-31  15:02:23.325  INFO  -||- [com.xxl.job.core.executor.XxlJobExecutor] [main] => >>>>>>>>>>> xxl-job register jobhandler success, name:qcTaskJob, jobHandler:com.xxl.job.core.handler.impl.MethodJobHandler@18182680[class com.chenfan.finance.job.FinanceJob#qcTaskJob]
05-31  15:02:23.325  INFO  -||- [com.xxl.job.core.executor.XxlJobExecutor] [main] => >>>>>>>>>>> xxl-job register jobhandler success, name:tocDataTOU8, jobHandler:com.xxl.job.core.handler.impl.MethodJobHandler@18abaf2c[class com.chenfan.finance.job.FinanceJob#tocDataTOU8]
05-31  15:02:23.325  INFO  -||- [com.xxl.job.core.executor.XxlJobExecutor] [main] => >>>>>>>>>>> xxl-job register jobhandler success, name:tocDataMapping, jobHandler:com.xxl.job.core.handler.impl.MethodJobHandler@51a0727b[class com.chenfan.finance.job.FinanceJob#tocDataMapping]
05-31  15:02:23.325  INFO  -||- [com.xxl.job.core.executor.XxlJobExecutor] [main] => >>>>>>>>>>> xxl-job register jobhandler success, name:cfRdCalculateTaskJob, jobHandler:com.xxl.job.core.handler.impl.MethodJobHandler@3ce3b8d3[class com.chenfan.finance.job.FinanceJob#cfRdCalculateTaskJob]
05-31  15:02:23.325  INFO  -||- [com.xxl.job.core.executor.XxlJobExecutor] [main] => >>>>>>>>>>> xxl-job register jobhandler success, name:cfWdtRdCalculateTaskJob, jobHandler:com.xxl.job.core.handler.impl.MethodJobHandler@6516a5e9[class com.chenfan.finance.job.FinanceJob#cfWdtRdCalculateTaskJob]
05-31  15:02:23.462  INFO  -||- [com.xxl.job.core.util.NetUtil] [main] => >>>>>>>>>>> xxl-rpc, port[9999] is in use.
05-31  15:02:23.488  INFO  -||- [com.xxl.job.core.server.EmbedServer] [Thread-83] => >>>>>>>>>>> xxl-job remoting server start success, nettype = class com.xxl.job.core.server.EmbedServer, port = 10000
05-31  15:02:25.182  INFO  -||- [org.springframework.boot.web.embedded.tomcat.TomcatWebServer] [main] => Tomcat started on port(s): 8092 (http) with context path ''
05-31  15:02:25.185  INFO  -||- [com.alibaba.nacos.client.naming] [main] => [BEAT] adding beat: {"cluster":"DEFAULT","ip":"10.228.84.57","metadata":{"preserved.register.source":"SPRING_CLOUD"},"period":5000,"port":8092,"scheduled":false,"serviceName":"CC_GROUP@@chenfan-cloud-finance","stopped":false,"weight":1.0} to beat map.
05-31  15:02:25.196  INFO  -||- [com.alibaba.nacos.client.naming] [main] => [REGISTER-SERVICE] test registering service CC_GROUP@@chenfan-cloud-finance with instance: {"clusterName":"DEFAULT","enabled":true,"ephemeral":true,"healthy":true,"instanceHeartBeatInterval":5000,"instanceHeartBeatTimeOut":15000,"ip":"10.228.84.57","ipDeleteTimeout":30000,"metadata":{"preserved.register.source":"SPRING_CLOUD"},"port":8092,"weight":1.0}
05-31  15:02:25.202  INFO  -||- [com.alibaba.cloud.nacos.registry.NacosServiceRegistry] [main] => nacos registry, CC_GROUP chenfan-cloud-finance 10.228.84.57:8092 register finished
05-31  15:02:25.277  INFO  -||- [com.chenfan.finance.FinanceApplication] [main] => Started FinanceApplication in 14.837 seconds (JVM running for 16.419)
05-31  15:02:25.282  INFO  -||- [com.chenfan.finance.commons.base.FinanceProjectInitRunner] [main] => ====================== init start =======================
05-31  15:02:25.297  INFO  -||- [com.chenfan.finance.commons.base.FinanceProjectInitRunner] [main] =>  finance_project_key : ebcef971-baee-40c6-8d0f-b60c58c959de 
05-31  15:02:25.298  INFO  -||- [com.chenfan.finance.commons.base.FinanceProjectInitRunner] [main] => ====================== init end =======================
05-31  15:02:25.301  INFO  -||- [com.alibaba.nacos.client.config.impl.ClientWorker] [main] => [fixed-10.228.81.30_3848-test] [subscribe] cc-test.yaml+TEST_GROUP+test
05-31  15:02:25.302  INFO  -||- [com.alibaba.nacos.client.config.impl.CacheData] [main] => [fixed-10.228.81.30_3848-test] [add-listener] ok, tenant=test, dataId=cc-test.yaml, group=TEST_GROUP, cnt=1
05-31  15:02:25.302  INFO  -||- [com.alibaba.nacos.client.config.impl.ClientWorker] [main] => [fixed-10.228.81.30_3848-test] [subscribe] cc.yaml+TEST_GROUP+test
05-31  15:02:25.302  INFO  -||- [com.alibaba.nacos.client.config.impl.CacheData] [main] => [fixed-10.228.81.30_3848-test] [add-listener] ok, tenant=test, dataId=cc.yaml, group=TEST_GROUP, cnt=1
05-31  15:02:25.302  INFO  -||- [com.alibaba.nacos.client.config.impl.ClientWorker] [main] => [fixed-10.228.81.30_3848-test] [subscribe] cc+TEST_GROUP+test
05-31  15:02:25.302  INFO  -||- [com.alibaba.nacos.client.config.impl.CacheData] [main] => [fixed-10.228.81.30_3848-test] [add-listener] ok, tenant=test, dataId=cc, group=TEST_GROUP, cnt=1
05-31  15:02:25.304  INFO  -||- [com.chenfan.ccp.util.start.ApplicationContextUtil] [main] => ======================================================================================
05-31  15:02:25.305  INFO  -||- [com.chenfan.ccp.util.start.ApplicationContextUtil] [main] =>                                                                                       
05-31  15:02:25.305  INFO  -||- [com.chenfan.ccp.util.start.ApplicationContextUtil] [main] => ................................服务启动成功,端口为8092................................
05-31  15:02:25.305  INFO  -||- [com.chenfan.ccp.util.start.ApplicationContextUtil] [main] => ................................日志保存路径为: ./log/................................
05-31  15:02:25.305  INFO  -||- [com.chenfan.ccp.util.start.ApplicationContextUtil] [main] =>                                                                                       
05-31  15:02:25.305  INFO  -||- [com.chenfan.ccp.util.start.ApplicationContextUtil] [main] => ======================================================================================
05-31  15:02:25.307  INFO  -||- [com.alibaba.nacos.client.config.impl.ClientWorker] [com.alibaba.nacos.client.Worker.longPolling.fixed-10.228.81.30_3848-test] => get changedGroupKeys:[]
05-31  15:02:25.460  INFO  -||- [org.apache.catalina.core.ContainerBase.[Tomcat].[localhost].[/]] [RMI TCP Connection(13)-10.228.84.57] => Initializing Spring DispatcherServlet 'dispatcherServlet'
05-31  15:02:25.460  INFO  -||- [org.springframework.web.servlet.DispatcherServlet] [RMI TCP Connection(13)-10.228.84.57] => Initializing Servlet 'dispatcherServlet'
05-31  15:02:25.478  INFO  -||- [org.springframework.web.servlet.DispatcherServlet] [RMI TCP Connection(13)-10.228.84.57] => Completed initialization in 18 ms
05-31  15:02:25.594  INFO  -||- [org.mongodb.driver.cluster] [RMI TCP Connection(14)-10.228.84.57] => Cluster description not yet available. Waiting for 30000 ms before timing out
05-31  15:02:26.831  INFO  -|EBvUbagQUvMyNjn0|- [HTTP_LOG] [http-nio-8092-exec-1] => ========================\\                      
05-31  15:02:26.831  INFO  -|EBvUbagQUvMyNjn0|- [HTTP_LOG] [http-nio-8092-exec-1] =>                          \\                     
05-31  15:02:26.832  INFO  -|EBvUbagQUvMyNjn0|- [HTTP_LOG] [http-nio-8092-exec-1] =>                           \\                    
05-31  15:02:26.832  INFO  -|EBvUbagQUvMyNjn0|- [HTTP_LOG] [http-nio-8092-exec-1] => RequestURI:        /settlement/updateSettleStatus
05-31  15:02:26.917  INFO  -|EBvUbagQUvMyNjn0|- [com.chenfan.finance.controller.CfSettlementController] [http-nio-8092-exec-1] => 进入方法>>updateSettleStatus --账单详情-修改打印付款申请状态
05-31  15:02:26.959  DEBUG -|EBvUbagQUvMyNjn0|- [com.chenfan.finance.dao.CfInvoiceSettlementMapper.selectById] [http-nio-8092-exec-1] => ==>  Preparing: SELECT invoice_settlement_id,invoice_settlement_no,invoice_id,invoice_no,invoice_settlement_status,brand_id,balance,invoice_settlement_rate,invoice_settlement_money,clear_no,clear_date,remark,company_id,create_by,create_name,create_date,update_by,update_name,update_date,customer_invoice_no,customer_invoice_date,payment_method,is_invoice,payment_remark,accessory,accname,vendor_letter_head,bank,bank_accounts,payment_date FROM cf_invoice_settlement WHERE invoice_settlement_id=?
05-31  15:02:27.018  DEBUG -|EBvUbagQUvMyNjn0|- [com.chenfan.finance.dao.CfInvoiceSettlementMapper.selectById] [http-nio-8092-exec-1] => ==> Parameters: -1(Long)
05-31  15:02:27.028  DEBUG -|EBvUbagQUvMyNjn0|- [com.chenfan.finance.dao.CfInvoiceSettlementMapper.selectById] [http-nio-8092-exec-1] => <==      Total: 0
05-31  15:02:27.029  INFO  -|EBvUbagQUvMyNjn0|- [com.chenfan.ccp.plug.log.handler.DynamicDataSourceInterceptor] [http-nio-8092-exec-1] =>     [sql]: ==> select * from cf_invoice_settlement where invoice_settlement_id=-1  <==   |   [time]: ==> 23 ms <==   |   [size]: ==> 0 <==   |   [result]: ==> []  <==
05-31  15:02:27.037  ERROR -|EBvUbagQUvMyNjn0|- [com.chenfan.common.exception.GlobalDefaultExceptionHandler] [http-nio-8092-exec-1] => [[IllegalArgumentException, BUSINESS_ERROR, 账单结算不可为空]] {}: {}
java.lang.IllegalArgumentException: 账单结算不可为空
	at org.springframework.util.Assert.notNull(Assert.java:201)
	at com.chenfan.finance.service.impl.CfInvoiceSettlementServiceImpl.updateSettleStatus(CfInvoiceSettlementServiceImpl.java:1105)
	at com.chenfan.finance.service.impl.CfInvoiceSettlementServiceImpl$$FastClassBySpringCGLIB$$650f3f6d.invoke(<generated>)
	at org.springframework.cglib.proxy.MethodProxy.invoke(MethodProxy.java:218)
	at org.springframework.aop.framework.CglibAopProxy$CglibMethodInvocation.invokeJoinpoint(CglibAopProxy.java:771)
	at org.springframework.aop.framework.ReflectiveMethodInvocation.proceed(ReflectiveMethodInvocation.java:163)
	at org.springframework.aop.framework.CglibAopProxy$CglibMethodInvocation.proceed(CglibAopProxy.java:749)
	at org.springframework.transaction.interceptor.TransactionAspectSupport.invokeWithinTransaction(TransactionAspectSupport.java:367)
	at org.springframework.transaction.interceptor.TransactionInterceptor.invoke(TransactionInterceptor.java:118)
	at org.springframework.aop.framework.ReflectiveMethodInvocation.proceed(ReflectiveMethodInvocation.java:186)
	at org.springframework.aop.framework.CglibAopProxy$CglibMethodInvocation.proceed(CglibAopProxy.java:749)
	at org.springframework.aop.framework.CglibAopProxy$DynamicAdvisedInterceptor.intercept(CglibAopProxy.java:691)
	at com.chenfan.finance.service.impl.CfInvoiceSettlementServiceImpl$$EnhancerBySpringCGLIB$$85cedeb0.updateSettleStatus(<generated>)
	at com.chenfan.finance.controller.CfSettlementController.updateSettleStatus(CfSettlementController.java:159)
	at com.chenfan.finance.controller.CfSettlementController$$FastClassBySpringCGLIB$$220adef0.invoke(<generated>)
	at org.springframework.cglib.proxy.MethodProxy.invoke(MethodProxy.java:218)
	at org.springframework.aop.framework.CglibAopProxy$CglibMethodInvocation.invokeJoinpoint(CglibAopProxy.java:771)
	at org.springframework.aop.framework.ReflectiveMethodInvocation.proceed(ReflectiveMethodInvocation.java:163)
	at org.springframework.aop.framework.CglibAopProxy$CglibMethodInvocation.proceed(CglibAopProxy.java:749)
	at org.springframework.aop.interceptor.ExposeInvocationInterceptor.invoke(ExposeInvocationInterceptor.java:95)
	at org.springframework.aop.framework.ReflectiveMethodInvocation.proceed(ReflectiveMethodInvocation.java:186)
	at org.springframework.aop.framework.CglibAopProxy$CglibMethodInvocation.proceed(CglibAopProxy.java:749)
	at org.springframework.aop.framework.CglibAopProxy$DynamicAdvisedInterceptor.intercept(CglibAopProxy.java:691)
	at com.chenfan.finance.controller.CfSettlementController$$EnhancerBySpringCGLIB$$5e2c628a.updateSettleStatus(<generated>)
	at sun.reflect.NativeMethodAccessorImpl.invoke0(Native Method)
	at sun.reflect.NativeMethodAccessorImpl.invoke(NativeMethodAccessorImpl.java:62)
	at sun.reflect.DelegatingMethodAccessorImpl.invoke(DelegatingMethodAccessorImpl.java:43)
	at java.lang.reflect.Method.invoke(Method.java:498)
	at org.springframework.web.method.support.InvocableHandlerMethod.doInvoke(InvocableHandlerMethod.java:190)
	at org.springframework.web.method.support.InvocableHandlerMethod.invokeForRequest(InvocableHandlerMethod.java:138)
	at org.springframework.web.servlet.mvc.method.annotation.ServletInvocableHandlerMethod.invokeAndHandle(ServletInvocableHandlerMethod.java:105)
	at org.springframework.web.servlet.mvc.method.annotation.RequestMappingHandlerAdapter.invokeHandlerMethod(RequestMappingHandlerAdapter.java:878)
	at org.springframework.web.servlet.mvc.method.annotation.RequestMappingHandlerAdapter.handleInternal(RequestMappingHandlerAdapter.java:792)
	at org.springframework.web.servlet.mvc.method.AbstractHandlerMethodAdapter.handle(AbstractHandlerMethodAdapter.java:87)
	at org.springframework.web.servlet.DispatcherServlet.doDispatch(DispatcherServlet.java:1040)
	at org.springframework.web.servlet.DispatcherServlet.doService(DispatcherServlet.java:943)
	at org.springframework.web.servlet.FrameworkServlet.processRequest(FrameworkServlet.java:1006)
	at org.springframework.web.servlet.FrameworkServlet.doPost(FrameworkServlet.java:909)
	at javax.servlet.http.HttpServlet.service(HttpServlet.java:652)
	at org.springframework.web.servlet.FrameworkServlet.service(FrameworkServlet.java:883)
	at javax.servlet.http.HttpServlet.service(HttpServlet.java:733)
	at org.apache.catalina.core.ApplicationFilterChain.internalDoFilter(ApplicationFilterChain.java:231)
	at org.apache.catalina.core.ApplicationFilterChain.doFilter(ApplicationFilterChain.java:166)
	at org.apache.tomcat.websocket.server.WsFilter.doFilter(WsFilter.java:53)
	at org.apache.catalina.core.ApplicationFilterChain.internalDoFilter(ApplicationFilterChain.java:193)
	at org.apache.catalina.core.ApplicationFilterChain.doFilter(ApplicationFilterChain.java:166)
	at com.chenfan.ccp.plug.log.config.FilterConfig$CustomFilter.traceHttp(FilterConfig.java:144)
	at com.chenfan.ccp.plug.log.config.FilterConfig$CustomFilter.doFilter(FilterConfig.java:200)
	at org.apache.catalina.core.ApplicationFilterChain.internalDoFilter(ApplicationFilterChain.java:193)
	at org.apache.catalina.core.ApplicationFilterChain.doFilter(ApplicationFilterChain.java:166)
	at org.springframework.web.filter.RequestContextFilter.doFilterInternal(RequestContextFilter.java:100)
	at org.springframework.web.filter.OncePerRequestFilter.doFilter(OncePerRequestFilter.java:119)
	at org.apache.catalina.core.ApplicationFilterChain.internalDoFilter(ApplicationFilterChain.java:193)
	at org.apache.catalina.core.ApplicationFilterChain.doFilter(ApplicationFilterChain.java:166)
	at org.springframework.web.filter.FormContentFilter.doFilterInternal(FormContentFilter.java:93)
	at org.springframework.web.filter.OncePerRequestFilter.doFilter(OncePerRequestFilter.java:119)
	at org.apache.catalina.core.ApplicationFilterChain.internalDoFilter(ApplicationFilterChain.java:193)
	at org.apache.catalina.core.ApplicationFilterChain.doFilter(ApplicationFilterChain.java:166)
	at org.springframework.session.web.http.SessionRepositoryFilter.doFilterInternal(SessionRepositoryFilter.java:141)
	at org.springframework.session.web.http.OncePerRequestFilter.doFilter(OncePerRequestFilter.java:82)
	at org.apache.catalina.core.ApplicationFilterChain.internalDoFilter(ApplicationFilterChain.java:193)
	at org.apache.catalina.core.ApplicationFilterChain.doFilter(ApplicationFilterChain.java:166)
	at org.springframework.boot.actuate.metrics.web.servlet.WebMvcMetricsFilter.doFilterInternal(WebMvcMetricsFilter.java:109)
	at org.springframework.web.filter.OncePerRequestFilter.doFilter(OncePerRequestFilter.java:119)
	at org.apache.catalina.core.ApplicationFilterChain.internalDoFilter(ApplicationFilterChain.java:193)
	at org.apache.catalina.core.ApplicationFilterChain.doFilter(ApplicationFilterChain.java:166)
	at org.springframework.web.filter.CharacterEncodingFilter.doFilterInternal(CharacterEncodingFilter.java:201)
	at org.springframework.web.filter.OncePerRequestFilter.doFilter(OncePerRequestFilter.java:119)
	at org.apache.catalina.core.ApplicationFilterChain.internalDoFilter(ApplicationFilterChain.java:193)
	at org.apache.catalina.core.ApplicationFilterChain.doFilter(ApplicationFilterChain.java:166)
	at org.apache.catalina.core.StandardWrapperValve.invoke(StandardWrapperValve.java:202)
	at org.apache.catalina.core.StandardContextValve.invoke(StandardContextValve.java:96)
	at org.apache.catalina.authenticator.AuthenticatorBase.invoke(AuthenticatorBase.java:541)
	at org.apache.catalina.core.StandardHostValve.invoke(StandardHostValve.java:139)
	at org.apache.catalina.valves.ErrorReportValve.invoke(ErrorReportValve.java:92)
	at org.apache.catalina.core.StandardEngineValve.invoke(StandardEngineValve.java:74)
	at org.apache.catalina.connector.CoyoteAdapter.service(CoyoteAdapter.java:343)
	at org.apache.coyote.http11.Http11Processor.service(Http11Processor.java:373)
	at org.apache.coyote.AbstractProcessorLight.process(AbstractProcessorLight.java:65)
	at org.apache.coyote.AbstractProtocol$ConnectionHandler.process(AbstractProtocol.java:868)
	at org.apache.tomcat.util.net.NioEndpoint$SocketProcessor.doRun(NioEndpoint.java:1589)
	at org.apache.tomcat.util.net.SocketProcessorBase.run(SocketProcessorBase.java:49)
	at java.util.concurrent.ThreadPoolExecutor.runWorker(ThreadPoolExecutor.java:1149)
	at java.util.concurrent.ThreadPoolExecutor$Worker.run(ThreadPoolExecutor.java:624)
	at org.apache.tomcat.util.threads.TaskThread$WrappingRunnable.run(TaskThread.java:61)
	at java.lang.Thread.run(Thread.java:748)
05-31  15:02:27.058  INFO  -|EBvUbagQUvMyNjn0|- [HTTP_LOG] [http-nio-8092-exec-1] => RequestParams:     419159104692000={    "invoiceSettlementId": "-1"}
05-31  15:02:27.058  INFO  -|EBvUbagQUvMyNjn0|- [HTTP_LOG] [http-nio-8092-exec-1] => Total:             227ms
05-31  15:02:27.058  INFO  -|EBvUbagQUvMyNjn0|- [HTTP_LOG] [http-nio-8092-exec-1] =>                           //                      
05-31  15:02:27.059  INFO  -|EBvUbagQUvMyNjn0|- [HTTP_LOG] [http-nio-8092-exec-1] =>                          //                       
05-31  15:02:27.059  INFO  -|EBvUbagQUvMyNjn0|- [HTTP_LOG] [http-nio-8092-exec-1] => ========================//                        



05-31  15:02:39.042  INFO  -||- [org.springframework.scheduling.concurrent.ThreadPoolTaskScheduler] [SpringContextShutdownHook] => Shutting down ExecutorService 'sheduleClearMemory'
05-31  15:02:39.045  INFO  -||- [com.alibaba.cloud.nacos.registry.NacosServiceRegistry] [SpringContextShutdownHook] => De-registering from Nacos Server now...
05-31  15:02:39.045  INFO  -||- [com.alibaba.nacos.client.naming] [SpringContextShutdownHook] => [BEAT] removing beat: CC_GROUP@@chenfan-cloud-finance:10.228.84.57:8092 from beat map.
05-31  15:02:39.045  INFO  -||- [com.alibaba.nacos.client.naming] [SpringContextShutdownHook] => [DEREGISTER-SERVICE] test deregistering service CC_GROUP@@chenfan-cloud-finance with instance: {"clusterName":"DEFAULT","enabled":true,"ephemeral":true,"healthy":true,"instanceHeartBeatInterval":5000,"instanceHeartBeatTimeOut":15000,"instanceIdGenerator":"simple","ip":"10.228.84.57","ipDeleteTimeout":30000,"metadata":{},"port":8092,"weight":1.0}
05-31  15:02:39.048  INFO  -||- [com.alibaba.cloud.nacos.registry.NacosServiceRegistry] [SpringContextShutdownHook] => De-registration finished.
05-31  15:02:39.052  INFO  -||- [com.xxl.job.core.server.EmbedServer] [Thread-83] => >>>>>>>>>>> xxl-job remoting server stop.
05-31  15:02:39.060  INFO  -||- [com.xxl.job.core.thread.ExecutorRegistryThread] [xxl-job, executor ExecutorRegistryThread] => >>>>>>>>>>> xxl-job registry-remove success, registryParam:RegistryParam{registryGroup='EXECUTOR', registryKey='chenfan-finance', registryValue='http://10.228.84.57:10000/'}, registryResult:ReturnT [code=200, msg=null, content=null]
05-31  15:02:39.061  INFO  -||- [com.xxl.job.core.thread.ExecutorRegistryThread] [xxl-job, executor ExecutorRegistryThread] => >>>>>>>>>>> xxl-job, executor registry thread destory.
05-31  15:02:39.061  INFO  -||- [com.xxl.job.core.server.EmbedServer] [SpringContextShutdownHook] => >>>>>>>>>>> xxl-job remoting server destroy success.
05-31  15:02:39.061  INFO  -||- [com.xxl.job.core.thread.TriggerCallbackThread] [xxl-job, executor TriggerCallbackThread] => >>>>>>>>>>> xxl-job, executor callback thread destory.
05-31  15:02:39.061  INFO  -||- [com.xxl.job.core.thread.TriggerCallbackThread] [Thread-82] => >>>>>>>>>>> xxl-job, executor retry callback thread destory.
05-31  15:02:39.062  INFO  -||- [org.springframework.scheduling.concurrent.ThreadPoolTaskScheduler] [SpringContextShutdownHook] => Shutting down ExecutorService 'sheduleClearMemory'
05-31  15:02:39.076  INFO  -||- [RocketmqRemoting] [NettyClientSelector_1] => closeChannel: close the connection to remote address[10.228.81.30:9876] result: true
05-31  15:02:39.077  INFO  -||- [RocketmqRemoting] [NettyClientSelector_1] => closeChannel: close the connection to remote address[10.228.81.30:10911] result: true
05-31  15:02:39.077  INFO  -||- [RocketmqRemoting] [NettyClientSelector_1] => closeChannel: close the connection to remote address[10.228.81.30:10909] result: true
05-31  15:02:39.082  INFO  -||- [RocketmqRemoting] [NettyClientSelector_1] => closeChannel: close the connection to remote address[10.228.81.30:9876] result: true
05-31  15:02:39.082  INFO  -||- [RocketmqRemoting] [NettyClientSelector_1] => closeChannel: close the connection to remote address[10.228.81.30:10911] result: true
05-31  15:02:39.082  INFO  -||- [RocketmqRemoting] [NettyClientSelector_1] => closeChannel: close the connection to remote address[10.228.81.30:10909] result: true
05-31  15:02:39.087  INFO  -||- [org.springframework.orm.jpa.LocalContainerEntityManagerFactoryBean] [SpringContextShutdownHook] => Closing JPA EntityManagerFactory for persistence unit 'default'
05-31  15:02:39.089  INFO  -||- [com.baomidou.dynamic.datasource.DynamicRoutingDataSource] [SpringContextShutdownHook] => dynamic-datasource start closing ....
05-31  15:02:39.091  INFO  -||- [com.alibaba.druid.pool.DruidDataSource] [SpringContextShutdownHook] => {dataSource-1} closing ...
05-31  15:02:39.096  INFO  -||- [com.alibaba.druid.pool.DruidDataSource] [SpringContextShutdownHook] => {dataSource-1} closed
05-31  15:02:39.096  INFO  -||- [com.alibaba.druid.pool.DruidDataSource] [SpringContextShutdownHook] => {dataSource-2} closing ...
05-31  15:02:39.097  INFO  -||- [com.alibaba.druid.pool.DruidDataSource] [SpringContextShutdownHook] => {dataSource-2} closed
05-31  15:02:39.097  INFO  -||- [com.baomidou.dynamic.datasource.DynamicRoutingDataSource] [SpringContextShutdownHook] => dynamic-datasource all closed success,bye
