05-25  14:20:44.913  INFO  -||- [com.alibaba.nacos.client.config.impl.LocalConfigInfoProcessor] [main] => LOCAL_SNAPSHOT_PATH:C:\Users\2797\nacos\config
05-25  14:20:44.937  INFO  -||- [com.alibaba.nacos.client.config.impl.Limiter] [main] => limitTime:5.0
05-25  14:20:44.952  WARN  -||- [com.alibaba.cloud.nacos.client.NacosPropertySourceBuilder] [main] => Ignore the empty nacos configuration and get it based on dataId[cc] & group[TEST_GROUP]
05-25  14:20:44.954  WARN  -||- [com.alibaba.cloud.nacos.client.NacosPropertySourceBuilder] [main] => Ignore the empty nacos configuration and get it based on dataId[cc.yaml] & group[TEST_GROUP]
05-25  14:20:44.956  INFO  -||- [com.alibaba.nacos.client.config.utils.JVMUtil] [main] => isMultiInstance:false
05-25  14:20:44.965  INFO  -||- [org.springframework.cloud.bootstrap.config.PropertySourceBootstrapConfiguration] [main] => Located property source: [BootstrapPropertySource {name='bootstrapProperties-cc-test.yaml,TEST_GROUP'}, BootstrapPropertySource {name='bootstrapProperties-cc.yaml,TEST_GROUP'}, BootstrapPropertySource {name='bootstrapProperties-cc,TEST_GROUP'}]
05-25  14:20:45.015  INFO  -||- [com.chenfan.finance.FinanceApplication] [main] => The following profiles are active: test
05-25  14:20:46.194  WARN  -||- [org.springframework.boot.actuate.endpoint.EndpointId] [main] => Endpoint ID 'nacos-config' contains invalid characters, please migrate to a valid format.
05-25  14:20:46.198  WARN  -||- [org.springframework.boot.actuate.endpoint.EndpointId] [main] => Endpoint ID 'nacos-discovery' contains invalid characters, please migrate to a valid format.
05-25  14:20:46.459  INFO  -||- [org.springframework.data.repository.config.RepositoryConfigurationDelegate] [main] => Multiple Spring Data modules found, entering strict repository configuration mode!
05-25  14:20:46.459  INFO  -||- [org.springframework.data.repository.config.RepositoryConfigurationDelegate] [main] => Bootstrapping Spring Data JPA repositories in DEFAULT mode.
05-25  14:20:46.501  INFO  -||- [org.springframework.data.repository.config.RepositoryConfigurationDelegate] [main] => Finished Spring Data repository scanning in 35ms. Found 0 JPA repository interfaces.
05-25  14:20:46.507  INFO  -||- [org.springframework.data.repository.config.RepositoryConfigurationDelegate] [main] => Multiple Spring Data modules found, entering strict repository configuration mode!
05-25  14:20:46.507  INFO  -||- [org.springframework.data.repository.config.RepositoryConfigurationDelegate] [main] => Bootstrapping Spring Data MongoDB repositories in DEFAULT mode.
05-25  14:20:46.527  INFO  -||- [org.springframework.data.repository.config.RepositoryConfigurationDelegate] [main] => Finished Spring Data repository scanning in 19ms. Found 0 MongoDB repository interfaces.
05-25  14:20:46.537  INFO  -||- [org.springframework.data.repository.config.RepositoryConfigurationDelegate] [main] => Multiple Spring Data modules found, entering strict repository configuration mode!
05-25  14:20:46.538  INFO  -||- [org.springframework.data.repository.config.RepositoryConfigurationDelegate] [main] => Bootstrapping Spring Data Redis repositories in DEFAULT mode.
05-25  14:20:46.567  INFO  -||- [org.springframework.data.repository.config.RepositoryConfigurationDelegate] [main] => Finished Spring Data repository scanning in 21ms. Found 0 Redis repository interfaces.
05-25  14:20:46.670  WARN  -||- [org.springframework.boot.actuate.endpoint.EndpointId] [main] => Endpoint ID 'service-registry' contains invalid characters, please migrate to a valid format.
05-25  14:20:46.868  INFO  -||- [org.springframework.context.annotation.ConfigurationClassPostProcessor] [main] => Cannot enhance @Configuration bean definition 'com.chenfan.ccp.autoconfigure.GlobalMqMessageConfigure' since its singleton instance has been created too early. The typical cause is a non-static @Bean method with a BeanDefinitionRegistryPostProcessor return type: Consider declaring such methods as 'static'.
05-25  14:20:46.954  INFO  -||- [org.springframework.cloud.context.scope.GenericScope] [main] => BeanFactory id=c4b1dc0d-1832-3a38-b8da-0981fa8e7db1
05-25  14:20:46.988  INFO  -||- [org.springframework.context.support.PostProcessorRegistrationDelegate$BeanPostProcessorChecker] [main] => Bean 'com.chenfan.finance.server.BaseInfoRemoteServer' of type [org.springframework.cloud.openfeign.FeignClientFactoryBean] is not eligible for getting processed by all BeanPostProcessors (for example: not eligible for auto-proxying)
05-25  14:20:46.989  INFO  -||- [org.springframework.context.support.PostProcessorRegistrationDelegate$BeanPostProcessorChecker] [main] => Bean 'com.chenfan.finance.server.BaseRemoteServer' of type [org.springframework.cloud.openfeign.FeignClientFactoryBean] is not eligible for getting processed by all BeanPostProcessors (for example: not eligible for auto-proxying)
05-25  14:20:46.990  INFO  -||- [org.springframework.context.support.PostProcessorRegistrationDelegate$BeanPostProcessorChecker] [main] => Bean 'com.chenfan.finance.server.McnRemoteServer' of type [org.springframework.cloud.openfeign.FeignClientFactoryBean] is not eligible for getting processed by all BeanPostProcessors (for example: not eligible for auto-proxying)
05-25  14:20:46.991  INFO  -||- [org.springframework.context.support.PostProcessorRegistrationDelegate$BeanPostProcessorChecker] [main] => Bean 'com.chenfan.finance.server.PrivilegeUserServer' of type [org.springframework.cloud.openfeign.FeignClientFactoryBean] is not eligible for getting processed by all BeanPostProcessors (for example: not eligible for auto-proxying)
05-25  14:20:46.992  INFO  -||- [org.springframework.context.support.PostProcessorRegistrationDelegate$BeanPostProcessorChecker] [main] => Bean 'com.chenfan.finance.server.PurchaseRemoteServer' of type [org.springframework.cloud.openfeign.FeignClientFactoryBean] is not eligible for getting processed by all BeanPostProcessors (for example: not eligible for auto-proxying)
05-25  14:20:46.992  INFO  -||- [org.springframework.context.support.PostProcessorRegistrationDelegate$BeanPostProcessorChecker] [main] => Bean 'com.chenfan.finance.server.TaskRemoteServer' of type [org.springframework.cloud.openfeign.FeignClientFactoryBean] is not eligible for getting processed by all BeanPostProcessors (for example: not eligible for auto-proxying)
05-25  14:20:46.994  INFO  -||- [org.springframework.context.support.PostProcessorRegistrationDelegate$BeanPostProcessorChecker] [main] => Bean 'com.chenfan.finance.server.VendorCenterServer' of type [org.springframework.cloud.openfeign.FeignClientFactoryBean] is not eligible for getting processed by all BeanPostProcessors (for example: not eligible for auto-proxying)
05-25  14:20:46.995  INFO  -||- [org.springframework.context.support.PostProcessorRegistrationDelegate$BeanPostProcessorChecker] [main] => Bean 'com.chenfan.process.client.ProcessClient' of type [org.springframework.cloud.openfeign.FeignClientFactoryBean] is not eligible for getting processed by all BeanPostProcessors (for example: not eligible for auto-proxying)
05-25  14:20:46.997  INFO  -||- [org.springframework.context.support.PostProcessorRegistrationDelegate$BeanPostProcessorChecker] [main] => Bean 'com.chenfan.code.generate.CodeGenerateClient' of type [org.springframework.cloud.openfeign.FeignClientFactoryBean] is not eligible for getting processed by all BeanPostProcessors (for example: not eligible for auto-proxying)
05-25  14:20:47.627  INFO  -||- [org.springframework.boot.web.embedded.tomcat.TomcatWebServer] [main] => Tomcat initialized with port(s): 8092 (http)
05-25  14:20:47.635  INFO  -||- [org.apache.catalina.core.StandardService] [main] => Starting service [Tomcat]
05-25  14:20:47.636  INFO  -||- [org.apache.catalina.core.StandardEngine] [main] => Starting Servlet engine: [Apache Tomcat/9.0.37]
05-25  14:20:47.885  INFO  -||- [org.apache.catalina.core.ContainerBase.[Tomcat].[localhost].[/]] [main] => Initializing Spring embedded WebApplicationContext
05-25  14:20:47.885  INFO  -||- [org.springframework.boot.web.servlet.context.ServletWebServerApplicationContext] [main] => Root WebApplicationContext: initialization completed in 2847 ms
05-25  14:20:48.268  INFO  -||- [org.redisson.Version] [main] => Redisson 3.14.0
05-25  14:20:48.619  INFO  -||- [org.redisson.connection.pool.MasterPubSubConnectionPool] [redisson-netty-2-21] => 1 connections initialized for /10.228.81.233:6379
05-25  14:20:48.634  INFO  -||- [org.redisson.connection.pool.MasterConnectionPool] [redisson-netty-2-15] => 24 connections initialized for /10.228.81.233:6379
05-25  14:20:49.104  INFO  -||- [com.alibaba.druid.spring.boot.autoconfigure.DruidDataSourceAutoConfigure] [main] => Init DruidDataSource
05-25  14:20:49.203  WARN  -||- [com.alibaba.druid.pool.DruidDataSource] [main] => removeAbandoned is true, not use in production.
05-25  14:20:49.329  INFO  -||- [com.alibaba.druid.pool.DruidDataSource] [main] => {dataSource-1} inited
05-25  14:20:49.473  INFO  -||- [org.hibernate.jpa.internal.util.LogHelper] [main] => HHH000204: Processing PersistenceUnitInfo [name: default]
05-25  14:20:49.518  INFO  -||- [org.hibernate.Version] [main] => HHH000412: Hibernate ORM core version 5.4.18.Final
05-25  14:20:49.625  INFO  -||- [org.hibernate.annotations.common.Version] [main] => HCANN000001: Hibernate Commons Annotations {5.1.0.Final}
05-25  14:20:49.738  INFO  -||- [org.hibernate.dialect.Dialect] [main] => HHH000400: Using dialect: org.hibernate.dialect.MySQL57Dialect
05-25  14:20:49.924  INFO  -||- [org.hibernate.engine.transaction.jta.platform.internal.JtaPlatformInitiator] [main] => HHH000490: Using JtaPlatform implementation: [org.hibernate.engine.transaction.jta.platform.internal.NoJtaPlatform]
05-25  14:20:49.933  INFO  -||- [org.springframework.orm.jpa.LocalContainerEntityManagerFactoryBean] [main] => Initialized JPA EntityManagerFactory for persistence unit 'default'
05-25  14:20:50.339  WARN  -||- [com.baomidou.mybatisplus.core.injector.AbstractMethod] [main] => [com.chenfan.finance.dao.CfBankAndCashMapper.delete] Has been loaded by XML or SqlProvider or Mybatis's Annotation, so ignoring this injection for [class com.baomidou.mybatisplus.core.injector.methods.Delete]
05-25  14:20:50.902  WARN  -||- [com.baomidou.mybatisplus.core.injector.AbstractMethod] [main] => [com.chenfan.finance.dao.RuleBillingDetailMapper.insert] Has been loaded by XML or SqlProvider or Mybatis's Annotation, so ignoring this injection for [class com.baomidou.mybatisplus.core.injector.methods.Insert]
05-25  14:20:50.907  WARN  -||- [com.baomidou.mybatisplus.core.injector.AbstractMethod] [main] => [com.chenfan.finance.dao.RuleBillingDetailMapper.updateById] Has been loaded by XML or SqlProvider or Mybatis's Annotation, so ignoring this injection for [class com.baomidou.mybatisplus.core.injector.methods.UpdateById]
05-25  14:20:50.921  WARN  -||- [com.baomidou.mybatisplus.core.injector.AbstractMethod] [main] => [com.chenfan.finance.dao.RuleBillingHeaderMapper.insert] Has been loaded by XML or SqlProvider or Mybatis's Annotation, so ignoring this injection for [class com.baomidou.mybatisplus.core.injector.methods.Insert]
05-25  14:20:50.926  WARN  -||- [com.baomidou.mybatisplus.core.injector.AbstractMethod] [main] => [com.chenfan.finance.dao.RuleBillingHeaderMapper.selectById] Has been loaded by XML or SqlProvider or Mybatis's Annotation, so ignoring this injection for [class com.baomidou.mybatisplus.core.injector.methods.SelectById]
05-25  14:20:51.155  WARN  -||- [org.springframework.boot.autoconfigure.orm.jpa.JpaBaseConfiguration$JpaWebConfiguration] [main] => spring.jpa.open-in-view is enabled by default. Therefore, database queries may be performed during view rendering. Explicitly configure spring.jpa.open-in-view to disable this warning
05-25  14:20:53.195  INFO  -||- [com.alibaba.nacos.client.naming] [main] => initializer namespace from System Property :null
05-25  14:20:53.196  INFO  -||- [com.alibaba.nacos.client.naming] [main] => initializer namespace from System Environment :null
05-25  14:20:53.197  INFO  -||- [com.alibaba.nacos.client.naming] [main] => initializer namespace from System Property :null
05-25  14:20:53.301  INFO  -||- [org.mongodb.driver.cluster] [main] => Cluster created with settings {hosts=[10.228.86.202:27017], mode=SINGLE, requiredClusterType=UNKNOWN, serverSelectionTimeout='30000 ms', maxWaitQueueSize=500}
05-25  14:20:53.664  INFO  -||- [org.springframework.boot.actuate.endpoint.web.EndpointLinksResolver] [main] => Exposing 0 endpoint(s) beneath base path '/actuator'
05-25  14:20:53.839  INFO  -||- [org.springframework.scheduling.concurrent.ThreadPoolTaskScheduler] [main] => Initializing ExecutorService 'sheduleClearMemory'
05-25  14:20:53.848  INFO  -||- [com.chenfan.finance.config.XxlJobConfig] [main] => >>>>>>>>>>> xxl-job config init.
05-25  14:20:53.941  WARN  -||- [com.netflix.config.sources.URLConfigurationSource] [main] => No URLs will be polled as dynamic configuration sources.
05-25  14:20:53.941  INFO  -||- [com.netflix.config.sources.URLConfigurationSource] [main] => To enable URLs as dynamic configuration sources, define System property archaius.configurationSource.additionalUrls or make config.properties available on classpath.
05-25  14:20:53.945  WARN  -||- [com.netflix.config.sources.URLConfigurationSource] [main] => No URLs will be polled as dynamic configuration sources.
05-25  14:20:53.945  INFO  -||- [com.netflix.config.sources.URLConfigurationSource] [main] => To enable URLs as dynamic configuration sources, define System property archaius.configurationSource.additionalUrls or make config.properties available on classpath.
05-25  14:20:54.345  INFO  -||- [org.mongodb.driver.cluster] [cluster-ClusterId{value='60ac9745ca539e285cbbe257', description='null'}-10.228.86.202:27017] => Exception in monitor thread while connecting to server 10.228.86.202:27017
com.mongodb.MongoSocketOpenException: Exception opening socket
	at com.mongodb.internal.connection.SocketStream.open(SocketStream.java:70)
	at com.mongodb.internal.connection.InternalStreamConnection.open(InternalStreamConnection.java:128)
	at com.mongodb.internal.connection.DefaultServerMonitor$ServerMonitorRunnable.run(DefaultServerMonitor.java:117)
	at java.lang.Thread.run(Thread.java:748)
Caused by: java.net.ConnectException: Connection refused: connect
	at java.net.DualStackPlainSocketImpl.waitForConnect(Native Method)
	at java.net.DualStackPlainSocketImpl.socketConnect(DualStackPlainSocketImpl.java:81)
	at java.net.AbstractPlainSocketImpl.doConnect(AbstractPlainSocketImpl.java:476)
	at java.net.AbstractPlainSocketImpl.connectToAddress(AbstractPlainSocketImpl.java:218)
	at java.net.AbstractPlainSocketImpl.connect(AbstractPlainSocketImpl.java:200)
	at java.net.PlainSocketImpl.connect(PlainSocketImpl.java:162)
	at java.net.SocksSocketImpl.connect(SocksSocketImpl.java:394)
	at java.net.Socket.connect(Socket.java:606)
	at com.mongodb.internal.connection.SocketStreamHelper.initialize(SocketStreamHelper.java:64)
	at com.mongodb.internal.connection.SocketStream.initializeSocket(SocketStream.java:79)
	at com.mongodb.internal.connection.SocketStream.open(SocketStream.java:65)
	... 3 common frames omitted
05-25  14:20:54.935  INFO  -||- [com.xxl.job.core.executor.XxlJobExecutor] [main] => >>>>>>>>>>> xxl-job register jobhandler success, name:qcTaskJob, jobHandler:com.xxl.job.core.handler.impl.MethodJobHandler@60274863[class com.chenfan.finance.job.FinanceJob#qcTaskJob]
05-25  14:20:54.935  INFO  -||- [com.xxl.job.core.executor.XxlJobExecutor] [main] => >>>>>>>>>>> xxl-job register jobhandler success, name:monitoringTask, jobHandler:com.xxl.job.core.handler.impl.MethodJobHandler@b4a76f3[class com.chenfan.finance.job.FinanceJob#monitoringTask]
05-25  14:20:54.935  INFO  -||- [com.xxl.job.core.executor.XxlJobExecutor] [main] => >>>>>>>>>>> xxl-job register jobhandler success, name:cfRdCalculateTaskJob, jobHandler:com.xxl.job.core.handler.impl.MethodJobHandler@1a568f25[class com.chenfan.finance.job.FinanceJob#cfRdCalculateTaskJob]
05-25  14:20:54.935  INFO  -||- [com.xxl.job.core.executor.XxlJobExecutor] [main] => >>>>>>>>>>> xxl-job register jobhandler success, name:cfWdtRdCalculateTaskJob, jobHandler:com.xxl.job.core.handler.impl.MethodJobHandler@7bf67f81[class com.chenfan.finance.job.FinanceJob#cfWdtRdCalculateTaskJob]
05-25  14:20:55.056  INFO  -||- [com.xxl.job.core.server.EmbedServer] [Thread-80] => >>>>>>>>>>> xxl-job remoting server start success, nettype = class com.xxl.job.core.server.EmbedServer, port = 9999
05-25  14:20:56.343  INFO  -||- [org.springframework.boot.web.embedded.tomcat.TomcatWebServer] [main] => Tomcat started on port(s): 8092 (http) with context path ''
05-25  14:20:56.346  INFO  -||- [com.alibaba.nacos.client.naming] [main] => [BEAT] adding beat: {"cluster":"DEFAULT","ip":"10.228.84.57","metadata":{"preserved.register.source":"SPRING_CLOUD"},"period":5000,"port":8092,"scheduled":false,"serviceName":"TEST_GROUP@@chenfan-cloud-finance","stopped":false,"weight":1.0} to beat map.
05-25  14:20:56.355  INFO  -||- [com.alibaba.nacos.client.naming] [main] => [REGISTER-SERVICE] test registering service TEST_GROUP@@chenfan-cloud-finance with instance: {"clusterName":"DEFAULT","enabled":true,"ephemeral":true,"healthy":true,"instanceHeartBeatInterval":5000,"instanceHeartBeatTimeOut":15000,"ip":"10.228.84.57","ipDeleteTimeout":30000,"metadata":{"preserved.register.source":"SPRING_CLOUD"},"port":8092,"weight":1.0}
05-25  14:20:56.361  INFO  -||- [com.alibaba.cloud.nacos.registry.NacosServiceRegistry] [main] => nacos registry, TEST_GROUP chenfan-cloud-finance 10.228.84.57:8092 register finished
05-25  14:20:56.430  INFO  -||- [com.chenfan.finance.FinanceApplication] [main] => Started FinanceApplication in 12.626 seconds (JVM running for 14.099)
05-25  14:20:56.435  INFO  -||- [com.chenfan.finance.commons.base.FinanceProjectInitRunner] [main] => ====================== init start =======================
05-25  14:20:56.450  INFO  -||- [com.chenfan.finance.commons.base.FinanceProjectInitRunner] [main] =>  finance_project_key : 873802f7-1765-484c-b6f3-dab6f872f37a 
05-25  14:20:56.450  INFO  -||- [com.chenfan.finance.commons.base.FinanceProjectInitRunner] [main] => ====================== init end =======================
05-25  14:20:56.453  INFO  -||- [com.alibaba.nacos.client.config.impl.ClientWorker] [main] => [fixed-10.228.81.30_3848-test] [subscribe] cc-test.yaml+TEST_GROUP+test
05-25  14:20:56.454  INFO  -||- [com.alibaba.nacos.client.config.impl.CacheData] [main] => [fixed-10.228.81.30_3848-test] [add-listener] ok, tenant=test, dataId=cc-test.yaml, group=TEST_GROUP, cnt=1
05-25  14:20:56.454  INFO  -||- [com.alibaba.nacos.client.config.impl.ClientWorker] [main] => [fixed-10.228.81.30_3848-test] [subscribe] cc.yaml+TEST_GROUP+test
05-25  14:20:56.454  INFO  -||- [com.alibaba.nacos.client.config.impl.CacheData] [main] => [fixed-10.228.81.30_3848-test] [add-listener] ok, tenant=test, dataId=cc.yaml, group=TEST_GROUP, cnt=1
05-25  14:20:56.454  INFO  -||- [com.alibaba.nacos.client.config.impl.ClientWorker] [main] => [fixed-10.228.81.30_3848-test] [subscribe] cc+TEST_GROUP+test
05-25  14:20:56.455  INFO  -||- [com.alibaba.nacos.client.config.impl.CacheData] [main] => [fixed-10.228.81.30_3848-test] [add-listener] ok, tenant=test, dataId=cc, group=TEST_GROUP, cnt=1
05-25  14:20:56.456  INFO  -||- [com.chenfan.ccp.util.start.ApplicationContextUtil] [main] => ======================================================================================
05-25  14:20:56.457  INFO  -||- [com.chenfan.ccp.util.start.ApplicationContextUtil] [main] =>                                                                                       
05-25  14:20:56.457  INFO  -||- [com.chenfan.ccp.util.start.ApplicationContextUtil] [main] => ................................服务启动成功,端口为8092................................
05-25  14:20:56.457  INFO  -||- [com.chenfan.ccp.util.start.ApplicationContextUtil] [main] => ................................日志保存路径为: ./log/................................
05-25  14:20:56.457  INFO  -||- [com.chenfan.ccp.util.start.ApplicationContextUtil] [main] =>                                                                                       
05-25  14:20:56.457  INFO  -||- [com.chenfan.ccp.util.start.ApplicationContextUtil] [main] => ======================================================================================
05-25  14:20:56.460  INFO  -||- [com.alibaba.nacos.client.config.impl.ClientWorker] [com.alibaba.nacos.client.Worker.longPolling.fixed-10.228.81.30_3848-test] => get changedGroupKeys:[]
05-25  14:20:56.990  INFO  -||- [org.apache.catalina.core.ContainerBase.[Tomcat].[localhost].[/]] [RMI TCP Connection(1)-10.228.84.57] => Initializing Spring DispatcherServlet 'dispatcherServlet'
05-25  14:20:56.990  INFO  -||- [org.springframework.web.servlet.DispatcherServlet] [RMI TCP Connection(1)-10.228.84.57] => Initializing Servlet 'dispatcherServlet'
05-25  14:20:57.011  INFO  -||- [org.springframework.web.servlet.DispatcherServlet] [RMI TCP Connection(1)-10.228.84.57] => Completed initialization in 21 ms
05-25  14:20:57.100  INFO  -||- [org.mongodb.driver.cluster] [RMI TCP Connection(3)-10.228.84.57] => Cluster description not yet available. Waiting for 30000 ms before timing out
05-25  14:21:13.327  INFO  -|EBvUbagQUvMyNjUL|- [HTTP_LOG] [http-nio-8092-exec-1] => ========================\\                      
05-25  14:21:13.327  INFO  -|EBvUbagQUvMyNjUL|- [HTTP_LOG] [http-nio-8092-exec-1] =>                          \\                     
05-25  14:21:13.328  INFO  -|EBvUbagQUvMyNjUL|- [HTTP_LOG] [http-nio-8092-exec-1] =>                           \\                    
05-25  14:21:13.328  INFO  -|EBvUbagQUvMyNjUL|- [HTTP_LOG] [http-nio-8092-exec-1] => RequestURI:        /callback
05-25  14:21:13.401  INFO  -|EBvUbagQUvMyNjUL|- [com.chenfan.finance.controller.common.CallbackController] [http-nio-8092-exec-1] => callback-> {    "approvalId": 1376345605076418560,    "param": "{\"json\": \"{\\\"taxInvoiceId\\\":167,\\\"taxInvoiceStatus\\\":2,\\\"updateDate\\\":\\\"2021-05-20T10:00:31.926\\\"}\", \"className\": \"CfTaxInvoiceHeader\"}",    "eventType": 1,    "approvalFlag": false,    "approvalFinished": false,    "nextApprovalUserId": "cc1",    "nextApprovalUserName": "cc2",    "className": "CfInvoiceHeader",    "targetUserId":["1394181273827676162","1391579411551096833"],    "targetUserName":["陈国鹏","cc"]}
05-25  14:21:13.478  DEBUG -|EBvUbagQUvMyNjUL|- [com.chenfan.finance.dao.ApprovalFlowMapper.selectOne] [http-nio-8092-exec-1] => ==>  Preparing: SELECT id,src_id,process_id,approval_id,active_status,create_date FROM approval_flow WHERE (approval_id = ?)
05-25  14:21:13.506  DEBUG -|EBvUbagQUvMyNjUL|- [com.chenfan.finance.dao.ApprovalFlowMapper.selectOne] [http-nio-8092-exec-1] => ==> Parameters: 1376345605076418560(Long)
05-25  14:21:13.521  DEBUG -|EBvUbagQUvMyNjUL|- [com.chenfan.finance.dao.ApprovalFlowMapper.selectOne] [http-nio-8092-exec-1] => <==      Total: 1
05-25  14:21:13.521  INFO  -|EBvUbagQUvMyNjUL|- [com.chenfan.ccp.plug.log.handler.DynamicDataSourceInterceptor] [http-nio-8092-exec-1] =>     [sql]: ==> select * from approval_flow where (approval_id = 1376345605076418560) <==   |   [time]: ==> 20 ms <==   |   [size]: ==> 1 <==   |   [result]: ==> [ApprovalFlow(id=1,  ...  <==
05-25  14:21:13.725  INFO  -|EBvUbagQUvMyNjUL|- [HTTP_LOG] [http-nio-8092-exec-1] => RequestParams:     71697536309700={    "approvalId": 1376345605076418560,    "param": "{\"json\": \"{\\\"taxInvoiceId\\\":167,\\\"taxInvoiceStatus\\\":2,\\\"updateDate\\\":\\\"2021-05-20T10:00:31.926\\\"}\", \"className\": \"CfTaxInvoiceHeader\"}",    "eventType": 1,    "approvalFlag": false,    "approvalFinished": false,    "nextApprovalUserId": "cc1",    "nextApprovalUserName": "cc2",    "className": "CfInvoiceHeader",    "targetUserId":["1394181273827676162","1391579411551096833"],    "targetUserName":["陈国鹏","cc"]}
05-25  14:21:13.726  INFO  -|EBvUbagQUvMyNjUL|- [HTTP_LOG] [http-nio-8092-exec-1] => Total:             399ms
05-25  14:21:13.726  INFO  -|EBvUbagQUvMyNjUL|- [HTTP_LOG] [http-nio-8092-exec-1] =>                           //                      
05-25  14:21:13.726  INFO  -|EBvUbagQUvMyNjUL|- [HTTP_LOG] [http-nio-8092-exec-1] =>                          //                       
05-25  14:21:13.726  INFO  -|EBvUbagQUvMyNjUL|- [HTTP_LOG] [http-nio-8092-exec-1] => ========================//                        



05-25  14:21:26.160  INFO  -||- [com.alibaba.nacos.client.config.impl.ClientWorker] [com.alibaba.nacos.client.Worker.longPolling.fixed-10.228.81.30_3848-test] => get changedGroupKeys:[]
05-25  14:21:27.101  WARN  -||- [org.springframework.boot.actuate.mongo.MongoHealthIndicator] [RMI TCP Connection(3)-10.228.84.57] => MongoDB health check failed
org.springframework.dao.DataAccessResourceFailureException: Timed out after 30000 ms while waiting to connect. Client view of cluster state is {type=UNKNOWN, servers=[{address=10.228.86.202:27017, type=UNKNOWN, state=CONNECTING, exception={com.mongodb.MongoSocketOpenException: Exception opening socket}, caused by {java.net.ConnectException: Connection refused: connect}}]; nested exception is com.mongodb.MongoTimeoutException: Timed out after 30000 ms while waiting to connect. Client view of cluster state is {type=UNKNOWN, servers=[{address=10.228.86.202:27017, type=UNKNOWN, state=CONNECTING, exception={com.mongodb.MongoSocketOpenException: Exception opening socket}, caused by {java.net.ConnectException: Connection refused: connect}}]
	at org.springframework.data.mongodb.core.MongoExceptionTranslator.translateExceptionIfPossible(MongoExceptionTranslator.java:90)
	at org.springframework.data.mongodb.core.MongoTemplate.potentiallyConvertRuntimeException(MongoTemplate.java:2902)
	at org.springframework.data.mongodb.core.MongoTemplate.execute(MongoTemplate.java:560)
	at org.springframework.data.mongodb.core.MongoTemplate.executeCommand(MongoTemplate.java:476)
	at org.springframework.boot.actuate.mongo.MongoHealthIndicator.doHealthCheck(MongoHealthIndicator.java:46)
	at org.springframework.boot.actuate.health.AbstractHealthIndicator.health(AbstractHealthIndicator.java:82)
	at org.springframework.boot.actuate.health.HealthIndicator.getHealth(HealthIndicator.java:37)
	at org.springframework.boot.actuate.health.HealthEndpoint.getHealth(HealthEndpoint.java:81)
	at org.springframework.boot.actuate.health.HealthEndpoint.getHealth(HealthEndpoint.java:38)
	at org.springframework.boot.actuate.health.HealthEndpointSupport.getContribution(HealthEndpointSupport.java:108)
	at org.springframework.boot.actuate.health.HealthEndpointSupport.getAggregateHealth(HealthEndpointSupport.java:119)
	at org.springframework.boot.actuate.health.HealthEndpointSupport.getContribution(HealthEndpointSupport.java:105)
	at org.springframework.boot.actuate.health.HealthEndpointSupport.getHealth(HealthEndpointSupport.java:83)
	at org.springframework.boot.actuate.health.HealthEndpointSupport.getHealth(HealthEndpointSupport.java:70)
	at org.springframework.boot.actuate.health.HealthEndpoint.health(HealthEndpoint.java:75)
	at org.springframework.boot.actuate.health.HealthEndpoint.health(HealthEndpoint.java:65)
	at sun.reflect.NativeMethodAccessorImpl.invoke0(Native Method)
	at sun.reflect.NativeMethodAccessorImpl.invoke(NativeMethodAccessorImpl.java:62)
	at sun.reflect.DelegatingMethodAccessorImpl.invoke(DelegatingMethodAccessorImpl.java:43)
	at java.lang.reflect.Method.invoke(Method.java:498)
	at org.springframework.util.ReflectionUtils.invokeMethod(ReflectionUtils.java:282)
	at org.springframework.boot.actuate.endpoint.invoke.reflect.ReflectiveOperationInvoker.invoke(ReflectiveOperationInvoker.java:77)
	at org.springframework.boot.actuate.endpoint.annotation.AbstractDiscoveredOperation.invoke(AbstractDiscoveredOperation.java:60)
	at org.springframework.boot.actuate.endpoint.jmx.EndpointMBean.invoke(EndpointMBean.java:121)
	at org.springframework.boot.actuate.endpoint.jmx.EndpointMBean.invoke(EndpointMBean.java:96)
	at com.sun.jmx.interceptor.DefaultMBeanServerInterceptor.invoke(DefaultMBeanServerInterceptor.java:819)
	at com.sun.jmx.mbeanserver.JmxMBeanServer.invoke(JmxMBeanServer.java:801)
	at javax.management.remote.rmi.RMIConnectionImpl.doOperation(RMIConnectionImpl.java:1468)
	at javax.management.remote.rmi.RMIConnectionImpl.access$300(RMIConnectionImpl.java:76)
	at javax.management.remote.rmi.RMIConnectionImpl$PrivilegedOperation.run(RMIConnectionImpl.java:1309)
	at javax.management.remote.rmi.RMIConnectionImpl.doPrivilegedOperation(RMIConnectionImpl.java:1401)
	at javax.management.remote.rmi.RMIConnectionImpl.invoke(RMIConnectionImpl.java:829)
	at sun.reflect.GeneratedMethodAccessor177.invoke(Unknown Source)
	at sun.reflect.DelegatingMethodAccessorImpl.invoke(DelegatingMethodAccessorImpl.java:43)
	at java.lang.reflect.Method.invoke(Method.java:498)
	at sun.rmi.server.UnicastServerRef.dispatch(UnicastServerRef.java:357)
	at sun.rmi.transport.Transport$1.run(Transport.java:200)
	at sun.rmi.transport.Transport$1.run(Transport.java:197)
	at java.security.AccessController.doPrivileged(Native Method)
	at sun.rmi.transport.Transport.serviceCall(Transport.java:196)
	at sun.rmi.transport.tcp.TCPTransport.handleMessages(TCPTransport.java:573)
	at sun.rmi.transport.tcp.TCPTransport$ConnectionHandler.run0(TCPTransport.java:834)
	at sun.rmi.transport.tcp.TCPTransport$ConnectionHandler.lambda$run$0(TCPTransport.java:688)
	at java.security.AccessController.doPrivileged(Native Method)
	at sun.rmi.transport.tcp.TCPTransport$ConnectionHandler.run(TCPTransport.java:687)
	at java.util.concurrent.ThreadPoolExecutor.runWorker(ThreadPoolExecutor.java:1149)
	at java.util.concurrent.ThreadPoolExecutor$Worker.run(ThreadPoolExecutor.java:624)
	at java.lang.Thread.run(Thread.java:748)
Caused by: com.mongodb.MongoTimeoutException: Timed out after 30000 ms while waiting to connect. Client view of cluster state is {type=UNKNOWN, servers=[{address=10.228.86.202:27017, type=UNKNOWN, state=CONNECTING, exception={com.mongodb.MongoSocketOpenException: Exception opening socket}, caused by {java.net.ConnectException: Connection refused: connect}}]
	at com.mongodb.internal.connection.BaseCluster.getDescription(BaseCluster.java:182)
	at com.mongodb.internal.connection.SingleServerCluster.getDescription(SingleServerCluster.java:41)
	at com.mongodb.client.internal.MongoClientDelegate.getConnectedClusterDescription(MongoClientDelegate.java:145)
	at com.mongodb.client.internal.MongoClientDelegate.createClientSession(MongoClientDelegate.java:100)
	at com.mongodb.client.internal.MongoClientDelegate$DelegateOperationExecutor.getClientSession(MongoClientDelegate.java:277)
	at com.mongodb.client.internal.MongoClientDelegate$DelegateOperationExecutor.execute(MongoClientDelegate.java:181)
	at com.mongodb.client.internal.MongoDatabaseImpl.executeCommand(MongoDatabaseImpl.java:186)
	at com.mongodb.client.internal.MongoDatabaseImpl.runCommand(MongoDatabaseImpl.java:155)
	at com.mongodb.client.internal.MongoDatabaseImpl.runCommand(MongoDatabaseImpl.java:150)
	at org.springframework.data.mongodb.core.MongoTemplate.lambda$executeCommand$2(MongoTemplate.java:476)
	at org.springframework.data.mongodb.core.MongoTemplate.execute(MongoTemplate.java:558)
	... 45 common frames omitted
05-25  14:21:55.663  INFO  -||- [com.alibaba.nacos.client.config.impl.ClientWorker] [com.alibaba.nacos.client.Worker.longPolling.fixed-10.228.81.30_3848-test] => get changedGroupKeys:[]
05-25  14:22:25.166  INFO  -||- [com.alibaba.nacos.client.config.impl.ClientWorker] [com.alibaba.nacos.client.Worker.longPolling.fixed-10.228.81.30_3848-test] => get changedGroupKeys:[]
05-25  14:22:54.667  INFO  -||- [com.alibaba.nacos.client.config.impl.ClientWorker] [com.alibaba.nacos.client.Worker.longPolling.fixed-10.228.81.30_3848-test] => get changedGroupKeys:[]
05-25  14:23:24.169  INFO  -||- [com.alibaba.nacos.client.config.impl.ClientWorker] [com.alibaba.nacos.client.Worker.longPolling.fixed-10.228.81.30_3848-test] => get changedGroupKeys:[]
05-25  14:23:39.928  INFO  -||- [org.springframework.scheduling.concurrent.ThreadPoolTaskScheduler] [SpringContextShutdownHook] => Shutting down ExecutorService 'sheduleClearMemory'
05-25  14:23:39.931  INFO  -||- [com.alibaba.cloud.nacos.registry.NacosServiceRegistry] [SpringContextShutdownHook] => De-registering from Nacos Server now...
05-25  14:23:39.932  INFO  -||- [com.alibaba.nacos.client.naming] [SpringContextShutdownHook] => [BEAT] removing beat: TEST_GROUP@@chenfan-cloud-finance:10.228.84.57:8092 from beat map.
05-25  14:23:39.932  INFO  -||- [com.alibaba.nacos.client.naming] [SpringContextShutdownHook] => [DEREGISTER-SERVICE] test deregistering service TEST_GROUP@@chenfan-cloud-finance with instance: {"clusterName":"DEFAULT","enabled":true,"ephemeral":true,"healthy":true,"instanceHeartBeatInterval":5000,"instanceHeartBeatTimeOut":15000,"instanceIdGenerator":"simple","ip":"10.228.84.57","ipDeleteTimeout":30000,"metadata":{},"port":8092,"weight":1.0}
05-25  14:23:39.935  INFO  -||- [com.alibaba.cloud.nacos.registry.NacosServiceRegistry] [SpringContextShutdownHook] => De-registration finished.
05-25  14:23:39.938  INFO  -||- [com.xxl.job.core.server.EmbedServer] [Thread-80] => >>>>>>>>>>> xxl-job remoting server stop.
05-25  14:23:39.946  INFO  -||- [com.xxl.job.core.thread.ExecutorRegistryThread] [xxl-job, executor ExecutorRegistryThread] => >>>>>>>>>>> xxl-job registry-remove success, registryParam:RegistryParam{registryGroup='EXECUTOR', registryKey='chenfan-finance', registryValue='http://10.228.84.57:9999/'}, registryResult:ReturnT [code=200, msg=null, content=null]
05-25  14:23:39.946  INFO  -||- [com.xxl.job.core.thread.ExecutorRegistryThread] [xxl-job, executor ExecutorRegistryThread] => >>>>>>>>>>> xxl-job, executor registry thread destory.
05-25  14:23:39.946  INFO  -||- [com.xxl.job.core.server.EmbedServer] [SpringContextShutdownHook] => >>>>>>>>>>> xxl-job remoting server destroy success.
05-25  14:23:39.946  INFO  -||- [com.xxl.job.core.thread.TriggerCallbackThread] [xxl-job, executor TriggerCallbackThread] => >>>>>>>>>>> xxl-job, executor callback thread destory.
05-25  14:23:39.946  INFO  -||- [com.xxl.job.core.thread.TriggerCallbackThread] [Thread-79] => >>>>>>>>>>> xxl-job, executor retry callback thread destory.
05-25  14:23:39.947  INFO  -||- [org.springframework.scheduling.concurrent.ThreadPoolTaskScheduler] [SpringContextShutdownHook] => Shutting down ExecutorService 'sheduleClearMemory'
05-25  14:23:39.962  INFO  -||- [RocketmqRemoting] [NettyClientSelector_1] => closeChannel: close the connection to remote address[10.228.81.30:9876] result: true
05-25  14:23:39.962  INFO  -||- [RocketmqRemoting] [NettyClientSelector_1] => closeChannel: close the connection to remote address[10.228.81.30:10909] result: true
05-25  14:23:39.963  INFO  -||- [RocketmqRemoting] [NettyClientSelector_1] => closeChannel: close the connection to remote address[10.228.81.30:10911] result: true
05-25  14:23:39.968  INFO  -||- [RocketmqRemoting] [NettyClientSelector_1] => closeChannel: close the connection to remote address[10.228.81.30:10909] result: true
05-25  14:23:39.968  INFO  -||- [RocketmqRemoting] [NettyClientSelector_1] => closeChannel: close the connection to remote address[10.228.81.30:9876] result: true
05-25  14:23:39.968  INFO  -||- [RocketmqRemoting] [NettyClientSelector_1] => closeChannel: close the connection to remote address[10.228.81.30:10911] result: true
05-25  14:23:39.973  INFO  -||- [org.springframework.orm.jpa.LocalContainerEntityManagerFactoryBean] [SpringContextShutdownHook] => Closing JPA EntityManagerFactory for persistence unit 'default'
05-25  14:23:39.975  INFO  -||- [com.alibaba.druid.pool.DruidDataSource] [SpringContextShutdownHook] => {dataSource-1} closing ...
05-25  14:23:39.979  INFO  -||- [com.alibaba.druid.pool.DruidDataSource] [SpringContextShutdownHook] => {dataSource-1} closed
