05-24  17:20:05.482  INFO  -||- [com.alibaba.nacos.client.config.impl.LocalConfigInfoProcessor] [main] => LOCAL_SNAPSHOT_PATH:C:\Users\2797\nacos\config
05-24  17:20:05.508  INFO  -||- [com.alibaba.nacos.client.config.impl.Limiter] [main] => limitTime:5.0
05-24  17:20:05.524  WARN  -||- [com.alibaba.cloud.nacos.client.NacosPropertySourceBuilder] [main] => Ignore the empty nacos configuration and get it based on dataId[cc] & group[TEST_GROUP]
05-24  17:20:05.527  WARN  -||- [com.alibaba.cloud.nacos.client.NacosPropertySourceBuilder] [main] => Ignore the empty nacos configuration and get it based on dataId[cc.yaml] & group[TEST_GROUP]
05-24  17:20:05.529  INFO  -||- [com.alibaba.nacos.client.config.utils.JVMUtil] [main] => isMultiInstance:false
05-24  17:20:05.538  INFO  -||- [org.springframework.cloud.bootstrap.config.PropertySourceBootstrapConfiguration] [main] => Located property source: [BootstrapPropertySource {name='bootstrapProperties-cc-test.yaml,TEST_GROUP'}, BootstrapPropertySource {name='bootstrapProperties-cc.yaml,TEST_GROUP'}, BootstrapPropertySource {name='bootstrapProperties-cc,TEST_GROUP'}]
05-24  17:20:05.590  INFO  -||- [com.chenfan.finance.FinanceApplication] [main] => The following profiles are active: test
05-24  17:20:06.931  WARN  -||- [org.springframework.boot.actuate.endpoint.EndpointId] [main] => Endpoint ID 'nacos-config' contains invalid characters, please migrate to a valid format.
05-24  17:20:06.937  WARN  -||- [org.springframework.boot.actuate.endpoint.EndpointId] [main] => Endpoint ID 'nacos-discovery' contains invalid characters, please migrate to a valid format.
05-24  17:20:07.434  INFO  -||- [org.springframework.data.repository.config.RepositoryConfigurationDelegate] [main] => Multiple Spring Data modules found, entering strict repository configuration mode!
05-24  17:20:07.434  INFO  -||- [org.springframework.data.repository.config.RepositoryConfigurationDelegate] [main] => Bootstrapping Spring Data JPA repositories in DEFAULT mode.
05-24  17:20:07.497  INFO  -||- [org.springframework.data.repository.config.RepositoryConfigurationDelegate] [main] => Finished Spring Data repository scanning in 55ms. Found 0 JPA repository interfaces.
05-24  17:20:07.510  INFO  -||- [org.springframework.data.repository.config.RepositoryConfigurationDelegate] [main] => Multiple Spring Data modules found, entering strict repository configuration mode!
05-24  17:20:07.511  INFO  -||- [org.springframework.data.repository.config.RepositoryConfigurationDelegate] [main] => Bootstrapping Spring Data MongoDB repositories in DEFAULT mode.
05-24  17:20:07.547  INFO  -||- [org.springframework.data.repository.config.RepositoryConfigurationDelegate] [main] => Finished Spring Data repository scanning in 35ms. Found 0 MongoDB repository interfaces.
05-24  17:20:07.579  INFO  -||- [org.springframework.data.repository.config.RepositoryConfigurationDelegate] [main] => Multiple Spring Data modules found, entering strict repository configuration mode!
05-24  17:20:07.582  INFO  -||- [org.springframework.data.repository.config.RepositoryConfigurationDelegate] [main] => Bootstrapping Spring Data Redis repositories in DEFAULT mode.
05-24  17:20:07.622  INFO  -||- [org.springframework.data.repository.config.RepositoryConfigurationDelegate] [main] => Finished Spring Data repository scanning in 27ms. Found 0 Redis repository interfaces.
05-24  17:20:07.828  WARN  -||- [org.springframework.boot.actuate.endpoint.EndpointId] [main] => Endpoint ID 'service-registry' contains invalid characters, please migrate to a valid format.
05-24  17:20:08.163  INFO  -||- [org.springframework.context.annotation.ConfigurationClassPostProcessor] [main] => Cannot enhance @Configuration bean definition 'com.chenfan.ccp.autoconfigure.GlobalMqMessageConfigure' since its singleton instance has been created too early. The typical cause is a non-static @Bean method with a BeanDefinitionRegistryPostProcessor return type: Consider declaring such methods as 'static'.
05-24  17:20:08.523  INFO  -||- [org.springframework.cloud.context.scope.GenericScope] [main] => BeanFactory id=c4b1dc0d-1832-3a38-b8da-0981fa8e7db1
05-24  17:20:08.628  INFO  -||- [org.springframework.context.support.PostProcessorRegistrationDelegate$BeanPostProcessorChecker] [main] => Bean 'com.chenfan.finance.server.BaseInfoRemoteServer' of type [org.springframework.cloud.openfeign.FeignClientFactoryBean] is not eligible for getting processed by all BeanPostProcessors (for example: not eligible for auto-proxying)
05-24  17:20:08.630  INFO  -||- [org.springframework.context.support.PostProcessorRegistrationDelegate$BeanPostProcessorChecker] [main] => Bean 'com.chenfan.finance.server.BaseRemoteServer' of type [org.springframework.cloud.openfeign.FeignClientFactoryBean] is not eligible for getting processed by all BeanPostProcessors (for example: not eligible for auto-proxying)
05-24  17:20:08.632  INFO  -||- [org.springframework.context.support.PostProcessorRegistrationDelegate$BeanPostProcessorChecker] [main] => Bean 'com.chenfan.finance.server.McnRemoteServer' of type [org.springframework.cloud.openfeign.FeignClientFactoryBean] is not eligible for getting processed by all BeanPostProcessors (for example: not eligible for auto-proxying)
05-24  17:20:08.633  INFO  -||- [org.springframework.context.support.PostProcessorRegistrationDelegate$BeanPostProcessorChecker] [main] => Bean 'com.chenfan.finance.server.PrivilegeUserServer' of type [org.springframework.cloud.openfeign.FeignClientFactoryBean] is not eligible for getting processed by all BeanPostProcessors (for example: not eligible for auto-proxying)
05-24  17:20:08.635  INFO  -||- [org.springframework.context.support.PostProcessorRegistrationDelegate$BeanPostProcessorChecker] [main] => Bean 'com.chenfan.finance.server.PurchaseRemoteServer' of type [org.springframework.cloud.openfeign.FeignClientFactoryBean] is not eligible for getting processed by all BeanPostProcessors (for example: not eligible for auto-proxying)
05-24  17:20:08.638  INFO  -||- [org.springframework.context.support.PostProcessorRegistrationDelegate$BeanPostProcessorChecker] [main] => Bean 'com.chenfan.finance.server.TaskRemoteServer' of type [org.springframework.cloud.openfeign.FeignClientFactoryBean] is not eligible for getting processed by all BeanPostProcessors (for example: not eligible for auto-proxying)
05-24  17:20:08.643  INFO  -||- [org.springframework.context.support.PostProcessorRegistrationDelegate$BeanPostProcessorChecker] [main] => Bean 'com.chenfan.finance.server.VendorCenterServer' of type [org.springframework.cloud.openfeign.FeignClientFactoryBean] is not eligible for getting processed by all BeanPostProcessors (for example: not eligible for auto-proxying)
05-24  17:20:08.645  INFO  -||- [org.springframework.context.support.PostProcessorRegistrationDelegate$BeanPostProcessorChecker] [main] => Bean 'com.chenfan.process.client.ProcessClient' of type [org.springframework.cloud.openfeign.FeignClientFactoryBean] is not eligible for getting processed by all BeanPostProcessors (for example: not eligible for auto-proxying)
05-24  17:20:08.649  INFO  -||- [org.springframework.context.support.PostProcessorRegistrationDelegate$BeanPostProcessorChecker] [main] => Bean 'com.chenfan.code.generate.CodeGenerateClient' of type [org.springframework.cloud.openfeign.FeignClientFactoryBean] is not eligible for getting processed by all BeanPostProcessors (for example: not eligible for auto-proxying)
05-24  17:20:09.872  INFO  -||- [org.springframework.boot.web.embedded.tomcat.TomcatWebServer] [main] => Tomcat initialized with port(s): 8092 (http)
05-24  17:20:09.884  INFO  -||- [org.apache.catalina.core.StandardService] [main] => Starting service [Tomcat]
05-24  17:20:09.884  INFO  -||- [org.apache.catalina.core.StandardEngine] [main] => Starting Servlet engine: [Apache Tomcat/9.0.37]
05-24  17:20:10.036  INFO  -||- [org.apache.catalina.core.ContainerBase.[Tomcat].[localhost].[/]] [main] => Initializing Spring embedded WebApplicationContext
05-24  17:20:10.037  INFO  -||- [org.springframework.boot.web.servlet.context.ServletWebServerApplicationContext] [main] => Root WebApplicationContext: initialization completed in 4424 ms
05-24  17:20:10.555  INFO  -||- [org.redisson.Version] [main] => Redisson 3.14.0
05-24  17:20:10.949  INFO  -||- [org.redisson.connection.pool.MasterPubSubConnectionPool] [redisson-netty-2-22] => 1 connections initialized for /10.228.81.233:6379
05-24  17:20:10.970  INFO  -||- [org.redisson.connection.pool.MasterConnectionPool] [redisson-netty-2-15] => 24 connections initialized for /10.228.81.233:6379
05-24  17:20:11.460  INFO  -||- [com.alibaba.druid.spring.boot.autoconfigure.DruidDataSourceAutoConfigure] [main] => Init DruidDataSource
05-24  17:20:11.565  WARN  -||- [com.alibaba.druid.pool.DruidDataSource] [main] => removeAbandoned is true, not use in production.
05-24  17:20:11.686  INFO  -||- [com.alibaba.druid.pool.DruidDataSource] [main] => {dataSource-1} inited
05-24  17:20:11.841  INFO  -||- [org.hibernate.jpa.internal.util.LogHelper] [main] => HHH000204: Processing PersistenceUnitInfo [name: default]
05-24  17:20:11.892  INFO  -||- [org.hibernate.Version] [main] => HHH000412: Hibernate ORM core version 5.4.18.Final
05-24  17:20:12.006  INFO  -||- [org.hibernate.annotations.common.Version] [main] => HCANN000001: Hibernate Commons Annotations {5.1.0.Final}
05-24  17:20:12.127  INFO  -||- [org.hibernate.dialect.Dialect] [main] => HHH000400: Using dialect: org.hibernate.dialect.MySQL57Dialect
05-24  17:20:12.316  INFO  -||- [org.hibernate.engine.transaction.jta.platform.internal.JtaPlatformInitiator] [main] => HHH000490: Using JtaPlatform implementation: [org.hibernate.engine.transaction.jta.platform.internal.NoJtaPlatform]
05-24  17:20:12.325  INFO  -||- [org.springframework.orm.jpa.LocalContainerEntityManagerFactoryBean] [main] => Initialized JPA EntityManagerFactory for persistence unit 'default'
05-24  17:20:12.765  WARN  -||- [com.baomidou.mybatisplus.core.injector.AbstractMethod] [main] => [com.chenfan.finance.dao.CfBankAndCashMapper.delete] Has been loaded by XML or SqlProvider or Mybatis's Annotation, so ignoring this injection for [class com.baomidou.mybatisplus.core.injector.methods.Delete]
05-24  17:20:13.351  WARN  -||- [com.baomidou.mybatisplus.core.injector.AbstractMethod] [main] => [com.chenfan.finance.dao.RuleBillingDetailMapper.insert] Has been loaded by XML or SqlProvider or Mybatis's Annotation, so ignoring this injection for [class com.baomidou.mybatisplus.core.injector.methods.Insert]
05-24  17:20:13.356  WARN  -||- [com.baomidou.mybatisplus.core.injector.AbstractMethod] [main] => [com.chenfan.finance.dao.RuleBillingDetailMapper.updateById] Has been loaded by XML or SqlProvider or Mybatis's Annotation, so ignoring this injection for [class com.baomidou.mybatisplus.core.injector.methods.UpdateById]
05-24  17:20:13.371  WARN  -||- [com.baomidou.mybatisplus.core.injector.AbstractMethod] [main] => [com.chenfan.finance.dao.RuleBillingHeaderMapper.insert] Has been loaded by XML or SqlProvider or Mybatis's Annotation, so ignoring this injection for [class com.baomidou.mybatisplus.core.injector.methods.Insert]
05-24  17:20:13.377  WARN  -||- [com.baomidou.mybatisplus.core.injector.AbstractMethod] [main] => [com.chenfan.finance.dao.RuleBillingHeaderMapper.selectById] Has been loaded by XML or SqlProvider or Mybatis's Annotation, so ignoring this injection for [class com.baomidou.mybatisplus.core.injector.methods.SelectById]
05-24  17:20:13.618  WARN  -||- [org.springframework.boot.autoconfigure.orm.jpa.JpaBaseConfiguration$JpaWebConfiguration] [main] => spring.jpa.open-in-view is enabled by default. Therefore, database queries may be performed during view rendering. Explicitly configure spring.jpa.open-in-view to disable this warning
05-24  17:20:15.806  INFO  -||- [com.alibaba.nacos.client.naming] [main] => initializer namespace from System Property :null
05-24  17:20:15.808  INFO  -||- [com.alibaba.nacos.client.naming] [main] => initializer namespace from System Environment :null
05-24  17:20:15.809  INFO  -||- [com.alibaba.nacos.client.naming] [main] => initializer namespace from System Property :null
05-24  17:20:15.937  INFO  -||- [org.mongodb.driver.cluster] [main] => Cluster created with settings {hosts=[10.228.86.202:27017], mode=SINGLE, requiredClusterType=UNKNOWN, serverSelectionTimeout='30000 ms', maxWaitQueueSize=500}
05-24  17:20:16.406  INFO  -||- [org.springframework.boot.actuate.endpoint.web.EndpointLinksResolver] [main] => Exposing 0 endpoint(s) beneath base path '/actuator'
05-24  17:20:16.626  INFO  -||- [org.springframework.scheduling.concurrent.ThreadPoolTaskScheduler] [main] => Initializing ExecutorService 'sheduleClearMemory'
05-24  17:20:16.636  INFO  -||- [com.chenfan.finance.config.XxlJobConfig] [main] => >>>>>>>>>>> xxl-job config init.
05-24  17:20:16.691  WARN  -||- [com.netflix.config.sources.URLConfigurationSource] [main] => No URLs will be polled as dynamic configuration sources.
05-24  17:20:16.691  INFO  -||- [com.netflix.config.sources.URLConfigurationSource] [main] => To enable URLs as dynamic configuration sources, define System property archaius.configurationSource.additionalUrls or make config.properties available on classpath.
05-24  17:20:16.696  WARN  -||- [com.netflix.config.sources.URLConfigurationSource] [main] => No URLs will be polled as dynamic configuration sources.
05-24  17:20:16.696  INFO  -||- [com.netflix.config.sources.URLConfigurationSource] [main] => To enable URLs as dynamic configuration sources, define System property archaius.configurationSource.additionalUrls or make config.properties available on classpath.
05-24  17:20:16.980  INFO  -||- [org.mongodb.driver.cluster] [cluster-ClusterId{value='60ab6fcf60d1f46a8d2ea77a', description='null'}-10.228.86.202:27017] => Exception in monitor thread while connecting to server 10.228.86.202:27017
com.mongodb.MongoSocketOpenException: Exception opening socket
	at com.mongodb.internal.connection.SocketStream.open(SocketStream.java:70)
	at com.mongodb.internal.connection.InternalStreamConnection.open(InternalStreamConnection.java:128)
	at com.mongodb.internal.connection.DefaultServerMonitor$ServerMonitorRunnable.run(DefaultServerMonitor.java:117)
	at java.lang.Thread.run(Thread.java:748)
Caused by: java.net.ConnectException: Connection refused: connect
	at java.net.DualStackPlainSocketImpl.waitForConnect(Native Method)
	at java.net.DualStackPlainSocketImpl.socketConnect(DualStackPlainSocketImpl.java:81)
	at java.net.AbstractPlainSocketImpl.doConnect(AbstractPlainSocketImpl.java:476)
	at java.net.AbstractPlainSocketImpl.connectToAddress(AbstractPlainSocketImpl.java:218)
	at java.net.AbstractPlainSocketImpl.connect(AbstractPlainSocketImpl.java:200)
	at java.net.PlainSocketImpl.connect(PlainSocketImpl.java:162)
	at java.net.SocksSocketImpl.connect(SocksSocketImpl.java:394)
	at java.net.Socket.connect(Socket.java:606)
	at com.mongodb.internal.connection.SocketStreamHelper.initialize(SocketStreamHelper.java:64)
	at com.mongodb.internal.connection.SocketStream.initializeSocket(SocketStream.java:79)
	at com.mongodb.internal.connection.SocketStream.open(SocketStream.java:65)
	... 3 common frames omitted
05-24  17:20:17.889  INFO  -||- [com.xxl.job.core.executor.XxlJobExecutor] [main] => >>>>>>>>>>> xxl-job register jobhandler success, name:cfWdtRdCalculateTaskJob, jobHandler:com.xxl.job.core.handler.impl.MethodJobHandler@5b481d77[class com.chenfan.finance.job.FinanceJob#cfWdtRdCalculateTaskJob]
05-24  17:20:17.889  INFO  -||- [com.xxl.job.core.executor.XxlJobExecutor] [main] => >>>>>>>>>>> xxl-job register jobhandler success, name:cfRdCalculateTaskJob, jobHandler:com.xxl.job.core.handler.impl.MethodJobHandler@761a429[class com.chenfan.finance.job.FinanceJob#cfRdCalculateTaskJob]
05-24  17:20:17.889  INFO  -||- [com.xxl.job.core.executor.XxlJobExecutor] [main] => >>>>>>>>>>> xxl-job register jobhandler success, name:qcTaskJob, jobHandler:com.xxl.job.core.handler.impl.MethodJobHandler@411d3b5e[class com.chenfan.finance.job.FinanceJob#qcTaskJob]
05-24  17:20:17.889  INFO  -||- [com.xxl.job.core.executor.XxlJobExecutor] [main] => >>>>>>>>>>> xxl-job register jobhandler success, name:monitoringTask, jobHandler:com.xxl.job.core.handler.impl.MethodJobHandler@53de637a[class com.chenfan.finance.job.FinanceJob#monitoringTask]
05-24  17:20:17.986  INFO  -||- [com.xxl.job.core.util.NetUtil] [main] => >>>>>>>>>>> xxl-rpc, port[9999] is in use.
05-24  17:20:18.015  INFO  -||- [com.xxl.job.core.server.EmbedServer] [Thread-84] => >>>>>>>>>>> xxl-job remoting server start success, nettype = class com.xxl.job.core.server.EmbedServer, port = 10000
05-24  17:20:19.400  INFO  -||- [org.springframework.boot.web.embedded.tomcat.TomcatWebServer] [main] => Tomcat started on port(s): 8092 (http) with context path ''
05-24  17:20:19.404  INFO  -||- [com.alibaba.nacos.client.naming] [main] => [BEAT] adding beat: {"cluster":"DEFAULT","ip":"10.228.84.57","metadata":{"preserved.register.source":"SPRING_CLOUD"},"period":5000,"port":8092,"scheduled":false,"serviceName":"TEST_GROUP@@chenfan-cloud-finance","stopped":false,"weight":1.0} to beat map.
05-24  17:20:19.413  INFO  -||- [com.alibaba.nacos.client.naming] [main] => [REGISTER-SERVICE] test registering service TEST_GROUP@@chenfan-cloud-finance with instance: {"clusterName":"DEFAULT","enabled":true,"ephemeral":true,"healthy":true,"instanceHeartBeatInterval":5000,"instanceHeartBeatTimeOut":15000,"ip":"10.228.84.57","ipDeleteTimeout":30000,"metadata":{"preserved.register.source":"SPRING_CLOUD"},"port":8092,"weight":1.0}
05-24  17:20:19.420  INFO  -||- [com.alibaba.cloud.nacos.registry.NacosServiceRegistry] [main] => nacos registry, TEST_GROUP chenfan-cloud-finance 10.228.84.57:8092 register finished
05-24  17:20:19.482  INFO  -||- [com.chenfan.finance.FinanceApplication] [main] => Started FinanceApplication in 15.12 seconds (JVM running for 17.04)
05-24  17:20:19.487  INFO  -||- [com.chenfan.finance.commons.base.FinanceProjectInitRunner] [main] => ====================== init start =======================
05-24  17:20:19.502  INFO  -||- [com.chenfan.finance.commons.base.FinanceProjectInitRunner] [main] =>  finance_project_key : 7f26c30e-874c-4cea-b2f4-fbf8684aef66 
05-24  17:20:19.502  INFO  -||- [com.chenfan.finance.commons.base.FinanceProjectInitRunner] [main] => ====================== init end =======================
05-24  17:20:19.505  INFO  -||- [com.alibaba.nacos.client.config.impl.ClientWorker] [main] => [fixed-10.228.81.30_3848-test] [subscribe] cc-test.yaml+TEST_GROUP+test
05-24  17:20:19.506  INFO  -||- [com.alibaba.nacos.client.config.impl.CacheData] [main] => [fixed-10.228.81.30_3848-test] [add-listener] ok, tenant=test, dataId=cc-test.yaml, group=TEST_GROUP, cnt=1
05-24  17:20:19.506  INFO  -||- [com.alibaba.nacos.client.config.impl.ClientWorker] [main] => [fixed-10.228.81.30_3848-test] [subscribe] cc.yaml+TEST_GROUP+test
05-24  17:20:19.506  INFO  -||- [com.alibaba.nacos.client.config.impl.CacheData] [main] => [fixed-10.228.81.30_3848-test] [add-listener] ok, tenant=test, dataId=cc.yaml, group=TEST_GROUP, cnt=1
05-24  17:20:19.507  INFO  -||- [com.alibaba.nacos.client.config.impl.ClientWorker] [main] => [fixed-10.228.81.30_3848-test] [subscribe] cc+TEST_GROUP+test
05-24  17:20:19.507  INFO  -||- [com.alibaba.nacos.client.config.impl.CacheData] [main] => [fixed-10.228.81.30_3848-test] [add-listener] ok, tenant=test, dataId=cc, group=TEST_GROUP, cnt=1
05-24  17:20:19.509  INFO  -||- [com.chenfan.ccp.util.start.ApplicationContextUtil] [main] => ======================================================================================
05-24  17:20:19.509  INFO  -||- [com.chenfan.ccp.util.start.ApplicationContextUtil] [main] =>                                                                                       
05-24  17:20:19.509  INFO  -||- [com.chenfan.ccp.util.start.ApplicationContextUtil] [main] => ................................服务启动成功,端口为8092................................
05-24  17:20:19.509  INFO  -||- [com.chenfan.ccp.util.start.ApplicationContextUtil] [main] => ................................日志保存路径为: ./log/................................
05-24  17:20:19.509  INFO  -||- [com.chenfan.ccp.util.start.ApplicationContextUtil] [main] =>                                                                                       
05-24  17:20:19.509  INFO  -||- [com.chenfan.ccp.util.start.ApplicationContextUtil] [main] => ======================================================================================
05-24  17:20:19.516  INFO  -||- [com.alibaba.nacos.client.config.impl.ClientWorker] [com.alibaba.nacos.client.Worker.longPolling.fixed-10.228.81.30_3848-test] => get changedGroupKeys:[]
05-24  17:20:19.731  INFO  -||- [org.apache.catalina.core.ContainerBase.[Tomcat].[localhost].[/]] [RMI TCP Connection(9)-10.228.84.57] => Initializing Spring DispatcherServlet 'dispatcherServlet'
05-24  17:20:19.732  INFO  -||- [org.springframework.web.servlet.DispatcherServlet] [RMI TCP Connection(9)-10.228.84.57] => Initializing Servlet 'dispatcherServlet'
05-24  17:20:19.752  INFO  -||- [org.springframework.web.servlet.DispatcherServlet] [RMI TCP Connection(9)-10.228.84.57] => Completed initialization in 20 ms
05-24  17:20:19.788  INFO  -||- [org.mongodb.driver.cluster] [RMI TCP Connection(10)-10.228.84.57] => Cluster description not yet available. Waiting for 30000 ms before timing out
05-24  17:20:24.743  INFO  -|EBvUbagQUvMyNjrE|- [HTTP_LOG] [http-nio-8092-exec-1] => ========================\\                      
05-24  17:20:24.744  INFO  -|EBvUbagQUvMyNjrE|- [HTTP_LOG] [http-nio-8092-exec-1] =>                          \\                     
05-24  17:20:24.745  INFO  -|EBvUbagQUvMyNjrE|- [HTTP_LOG] [http-nio-8092-exec-1] =>                           \\                    
05-24  17:20:24.745  INFO  -|EBvUbagQUvMyNjrE|- [HTTP_LOG] [http-nio-8092-exec-1] => RequestURI:        /callback
05-24  17:20:30.673  INFO  -|EBvUbagQUvMyNjrE|- [com.chenfan.finance.controller.common.CallbackController] [http-nio-8092-exec-1] => callback-> {    "approvalId": 1,    "param": "{\"className\":\"CfInvoiceHeader\",\"json":\"{"a":"a","b":"b"}\"}",    "eventType": 1,    "approvalFlag": true,    "approvalFinished": 0,    "nextApprovalUserId": "cc1",    "nextApprovalUserName": "cc2",    "className": "CfInvoiceHeader"}
05-24  17:20:32.038  ERROR -|EBvUbagQUvMyNjrE|- [com.chenfan.common.exception.GlobalDefaultExceptionHandler] [http-nio-8092-exec-1] => [[Exception, ERROR, syntax error, unexpect token ':']] {}: {}
com.alibaba.fastjson.JSONException: syntax error, unexpect token ':'
	at com.alibaba.fastjson.parser.deserializer.JavaBeanDeserializer.deserialze(JavaBeanDeserializer.java:877)
	at com.alibaba.fastjson.parser.deserializer.JavaBeanDeserializer.parseRest(JavaBeanDeserializer.java:1576)
	at com.alibaba.fastjson.parser.deserializer.FastjsonASMDeserializer_6_ApprovalCallBack.deserialze(Unknown Source)
	at com.alibaba.fastjson.parser.deserializer.JavaBeanDeserializer.deserialze(JavaBeanDeserializer.java:284)
	at com.alibaba.fastjson.parser.DefaultJSONParser.parseObject(DefaultJSONParser.java:688)
	at com.alibaba.fastjson.JSON.parseObject(JSON.java:396)
	at com.alibaba.fastjson.JSON.parseObject(JSON.java:300)
	at com.alibaba.fastjson.JSON.parseObject(JSON.java:573)
	at com.chenfan.finance.controller.common.CallbackController.callback(CallbackController.java:90)
	at sun.reflect.NativeMethodAccessorImpl.invoke0(Native Method)
	at sun.reflect.NativeMethodAccessorImpl.invoke(NativeMethodAccessorImpl.java:62)
	at sun.reflect.DelegatingMethodAccessorImpl.invoke(DelegatingMethodAccessorImpl.java:43)
	at java.lang.reflect.Method.invoke(Method.java:498)
	at org.springframework.web.method.support.InvocableHandlerMethod.doInvoke(InvocableHandlerMethod.java:190)
	at org.springframework.web.method.support.InvocableHandlerMethod.invokeForRequest(InvocableHandlerMethod.java:138)
	at org.springframework.web.servlet.mvc.method.annotation.ServletInvocableHandlerMethod.invokeAndHandle(ServletInvocableHandlerMethod.java:105)
	at org.springframework.web.servlet.mvc.method.annotation.RequestMappingHandlerAdapter.invokeHandlerMethod(RequestMappingHandlerAdapter.java:878)
	at org.springframework.web.servlet.mvc.method.annotation.RequestMappingHandlerAdapter.handleInternal(RequestMappingHandlerAdapter.java:792)
	at org.springframework.web.servlet.mvc.method.AbstractHandlerMethodAdapter.handle(AbstractHandlerMethodAdapter.java:87)
	at org.springframework.web.servlet.DispatcherServlet.doDispatch(DispatcherServlet.java:1040)
	at org.springframework.web.servlet.DispatcherServlet.doService(DispatcherServlet.java:943)
	at org.springframework.web.servlet.FrameworkServlet.processRequest(FrameworkServlet.java:1006)
	at org.springframework.web.servlet.FrameworkServlet.doPost(FrameworkServlet.java:909)
	at javax.servlet.http.HttpServlet.service(HttpServlet.java:652)
	at org.springframework.web.servlet.FrameworkServlet.service(FrameworkServlet.java:883)
	at javax.servlet.http.HttpServlet.service(HttpServlet.java:733)
	at org.apache.catalina.core.ApplicationFilterChain.internalDoFilter(ApplicationFilterChain.java:231)
	at org.apache.catalina.core.ApplicationFilterChain.doFilter(ApplicationFilterChain.java:166)
	at org.apache.tomcat.websocket.server.WsFilter.doFilter(WsFilter.java:53)
	at org.apache.catalina.core.ApplicationFilterChain.internalDoFilter(ApplicationFilterChain.java:193)
	at org.apache.catalina.core.ApplicationFilterChain.doFilter(ApplicationFilterChain.java:166)
	at com.chenfan.ccp.plug.log.config.FilterConfig$CustomFilter.traceHttp(FilterConfig.java:144)
	at com.chenfan.ccp.plug.log.config.FilterConfig$CustomFilter.doFilter(FilterConfig.java:200)
	at org.apache.catalina.core.ApplicationFilterChain.internalDoFilter(ApplicationFilterChain.java:193)
	at org.apache.catalina.core.ApplicationFilterChain.doFilter(ApplicationFilterChain.java:166)
	at org.springframework.web.filter.RequestContextFilter.doFilterInternal(RequestContextFilter.java:100)
	at org.springframework.web.filter.OncePerRequestFilter.doFilter(OncePerRequestFilter.java:119)
	at org.apache.catalina.core.ApplicationFilterChain.internalDoFilter(ApplicationFilterChain.java:193)
	at org.apache.catalina.core.ApplicationFilterChain.doFilter(ApplicationFilterChain.java:166)
	at org.springframework.web.filter.FormContentFilter.doFilterInternal(FormContentFilter.java:93)
	at org.springframework.web.filter.OncePerRequestFilter.doFilter(OncePerRequestFilter.java:119)
	at org.apache.catalina.core.ApplicationFilterChain.internalDoFilter(ApplicationFilterChain.java:193)
	at org.apache.catalina.core.ApplicationFilterChain.doFilter(ApplicationFilterChain.java:166)
	at org.springframework.session.web.http.SessionRepositoryFilter.doFilterInternal(SessionRepositoryFilter.java:141)
	at org.springframework.session.web.http.OncePerRequestFilter.doFilter(OncePerRequestFilter.java:82)
	at org.apache.catalina.core.ApplicationFilterChain.internalDoFilter(ApplicationFilterChain.java:193)
	at org.apache.catalina.core.ApplicationFilterChain.doFilter(ApplicationFilterChain.java:166)
	at org.springframework.boot.actuate.metrics.web.servlet.WebMvcMetricsFilter.doFilterInternal(WebMvcMetricsFilter.java:109)
	at org.springframework.web.filter.OncePerRequestFilter.doFilter(OncePerRequestFilter.java:119)
	at org.apache.catalina.core.ApplicationFilterChain.internalDoFilter(ApplicationFilterChain.java:193)
	at org.apache.catalina.core.ApplicationFilterChain.doFilter(ApplicationFilterChain.java:166)
	at org.springframework.web.filter.CharacterEncodingFilter.doFilterInternal(CharacterEncodingFilter.java:201)
	at org.springframework.web.filter.OncePerRequestFilter.doFilter(OncePerRequestFilter.java:119)
	at org.apache.catalina.core.ApplicationFilterChain.internalDoFilter(ApplicationFilterChain.java:193)
	at org.apache.catalina.core.ApplicationFilterChain.doFilter(ApplicationFilterChain.java:166)
	at org.apache.catalina.core.StandardWrapperValve.invoke(StandardWrapperValve.java:202)
	at org.apache.catalina.core.StandardContextValve.invoke(StandardContextValve.java:96)
	at org.apache.catalina.authenticator.AuthenticatorBase.invoke(AuthenticatorBase.java:541)
	at org.apache.catalina.core.StandardHostValve.invoke(StandardHostValve.java:139)
	at org.apache.catalina.valves.ErrorReportValve.invoke(ErrorReportValve.java:92)
	at org.apache.catalina.core.StandardEngineValve.invoke(StandardEngineValve.java:74)
	at org.apache.catalina.connector.CoyoteAdapter.service(CoyoteAdapter.java:343)
	at org.apache.coyote.http11.Http11Processor.service(Http11Processor.java:373)
	at org.apache.coyote.AbstractProcessorLight.process(AbstractProcessorLight.java:65)
	at org.apache.coyote.AbstractProtocol$ConnectionHandler.process(AbstractProtocol.java:868)
	at org.apache.tomcat.util.net.NioEndpoint$SocketProcessor.doRun(NioEndpoint.java:1589)
	at org.apache.tomcat.util.net.SocketProcessorBase.run(SocketProcessorBase.java:49)
	at java.util.concurrent.ThreadPoolExecutor.runWorker(ThreadPoolExecutor.java:1149)
	at java.util.concurrent.ThreadPoolExecutor$Worker.run(ThreadPoolExecutor.java:624)
	at org.apache.tomcat.util.threads.TaskThread$WrappingRunnable.run(TaskThread.java:61)
	at java.lang.Thread.run(Thread.java:748)
05-24  17:20:32.058  INFO  -|EBvUbagQUvMyNjrE|- [HTTP_LOG] [http-nio-8092-exec-1] => RequestParams:     860551323275900={    "approvalId": 1,    "param": "{\"className\":\"CfInvoiceHeader\",\"json":\"{"a":"a","b":"b"}\"}",    "eventType": 1,    "approvalFlag": true,    "approvalFinished": 0,    "nextApprovalUserId": "cc1",    "nextApprovalUserName": "cc2",    "className": "CfInvoiceHeader"}
05-24  17:20:32.059  INFO  -|EBvUbagQUvMyNjrE|- [HTTP_LOG] [http-nio-8092-exec-1] => Total:             7316ms
05-24  17:20:32.059  INFO  -|EBvUbagQUvMyNjrE|- [HTTP_LOG] [http-nio-8092-exec-1] =>                           //                      
05-24  17:20:32.059  INFO  -|EBvUbagQUvMyNjrE|- [HTTP_LOG] [http-nio-8092-exec-1] =>                          //                       
05-24  17:20:32.059  INFO  -|EBvUbagQUvMyNjrE|- [HTTP_LOG] [http-nio-8092-exec-1] => ========================//                        



05-24  17:20:49.216  INFO  -||- [com.alibaba.nacos.client.config.impl.ClientWorker] [com.alibaba.nacos.client.Worker.longPolling.fixed-10.228.81.30_3848-test] => get changedGroupKeys:[]
05-24  17:20:49.791  WARN  -||- [org.springframework.boot.actuate.mongo.MongoHealthIndicator] [RMI TCP Connection(10)-10.228.84.57] => MongoDB health check failed
org.springframework.dao.DataAccessResourceFailureException: Timed out after 30000 ms while waiting to connect. Client view of cluster state is {type=UNKNOWN, servers=[{address=10.228.86.202:27017, type=UNKNOWN, state=CONNECTING, exception={com.mongodb.MongoSocketOpenException: Exception opening socket}, caused by {java.net.ConnectException: Connection refused: connect}}]; nested exception is com.mongodb.MongoTimeoutException: Timed out after 30000 ms while waiting to connect. Client view of cluster state is {type=UNKNOWN, servers=[{address=10.228.86.202:27017, type=UNKNOWN, state=CONNECTING, exception={com.mongodb.MongoSocketOpenException: Exception opening socket}, caused by {java.net.ConnectException: Connection refused: connect}}]
	at org.springframework.data.mongodb.core.MongoExceptionTranslator.translateExceptionIfPossible(MongoExceptionTranslator.java:90)
	at org.springframework.data.mongodb.core.MongoTemplate.potentiallyConvertRuntimeException(MongoTemplate.java:2902)
	at org.springframework.data.mongodb.core.MongoTemplate.execute(MongoTemplate.java:560)
	at org.springframework.data.mongodb.core.MongoTemplate.executeCommand(MongoTemplate.java:476)
	at org.springframework.boot.actuate.mongo.MongoHealthIndicator.doHealthCheck(MongoHealthIndicator.java:46)
	at org.springframework.boot.actuate.health.AbstractHealthIndicator.health(AbstractHealthIndicator.java:82)
	at org.springframework.boot.actuate.health.HealthIndicator.getHealth(HealthIndicator.java:37)
	at org.springframework.boot.actuate.health.HealthEndpoint.getHealth(HealthEndpoint.java:81)
	at org.springframework.boot.actuate.health.HealthEndpoint.getHealth(HealthEndpoint.java:38)
	at org.springframework.boot.actuate.health.HealthEndpointSupport.getContribution(HealthEndpointSupport.java:108)
	at org.springframework.boot.actuate.health.HealthEndpointSupport.getAggregateHealth(HealthEndpointSupport.java:119)
	at org.springframework.boot.actuate.health.HealthEndpointSupport.getContribution(HealthEndpointSupport.java:105)
	at org.springframework.boot.actuate.health.HealthEndpointSupport.getHealth(HealthEndpointSupport.java:83)
	at org.springframework.boot.actuate.health.HealthEndpointSupport.getHealth(HealthEndpointSupport.java:70)
	at org.springframework.boot.actuate.health.HealthEndpoint.health(HealthEndpoint.java:75)
	at org.springframework.boot.actuate.health.HealthEndpoint.health(HealthEndpoint.java:65)
	at sun.reflect.NativeMethodAccessorImpl.invoke0(Native Method)
	at sun.reflect.NativeMethodAccessorImpl.invoke(NativeMethodAccessorImpl.java:62)
	at sun.reflect.DelegatingMethodAccessorImpl.invoke(DelegatingMethodAccessorImpl.java:43)
	at java.lang.reflect.Method.invoke(Method.java:498)
	at org.springframework.util.ReflectionUtils.invokeMethod(ReflectionUtils.java:282)
	at org.springframework.boot.actuate.endpoint.invoke.reflect.ReflectiveOperationInvoker.invoke(ReflectiveOperationInvoker.java:77)
	at org.springframework.boot.actuate.endpoint.annotation.AbstractDiscoveredOperation.invoke(AbstractDiscoveredOperation.java:60)
	at org.springframework.boot.actuate.endpoint.jmx.EndpointMBean.invoke(EndpointMBean.java:121)
	at org.springframework.boot.actuate.endpoint.jmx.EndpointMBean.invoke(EndpointMBean.java:96)
	at com.sun.jmx.interceptor.DefaultMBeanServerInterceptor.invoke(DefaultMBeanServerInterceptor.java:819)
	at com.sun.jmx.mbeanserver.JmxMBeanServer.invoke(JmxMBeanServer.java:801)
	at javax.management.remote.rmi.RMIConnectionImpl.doOperation(RMIConnectionImpl.java:1468)
	at javax.management.remote.rmi.RMIConnectionImpl.access$300(RMIConnectionImpl.java:76)
	at javax.management.remote.rmi.RMIConnectionImpl$PrivilegedOperation.run(RMIConnectionImpl.java:1309)
	at javax.management.remote.rmi.RMIConnectionImpl.doPrivilegedOperation(RMIConnectionImpl.java:1401)
	at javax.management.remote.rmi.RMIConnectionImpl.invoke(RMIConnectionImpl.java:829)
	at sun.reflect.NativeMethodAccessorImpl.invoke0(Native Method)
	at sun.reflect.NativeMethodAccessorImpl.invoke(NativeMethodAccessorImpl.java:62)
	at sun.reflect.DelegatingMethodAccessorImpl.invoke(DelegatingMethodAccessorImpl.java:43)
	at java.lang.reflect.Method.invoke(Method.java:498)
	at sun.rmi.server.UnicastServerRef.dispatch(UnicastServerRef.java:357)
	at sun.rmi.transport.Transport$1.run(Transport.java:200)
	at sun.rmi.transport.Transport$1.run(Transport.java:197)
	at java.security.AccessController.doPrivileged(Native Method)
	at sun.rmi.transport.Transport.serviceCall(Transport.java:196)
	at sun.rmi.transport.tcp.TCPTransport.handleMessages(TCPTransport.java:573)
	at sun.rmi.transport.tcp.TCPTransport$ConnectionHandler.run0(TCPTransport.java:834)
	at sun.rmi.transport.tcp.TCPTransport$ConnectionHandler.lambda$run$0(TCPTransport.java:688)
	at java.security.AccessController.doPrivileged(Native Method)
	at sun.rmi.transport.tcp.TCPTransport$ConnectionHandler.run(TCPTransport.java:687)
	at java.util.concurrent.ThreadPoolExecutor.runWorker(ThreadPoolExecutor.java:1149)
	at java.util.concurrent.ThreadPoolExecutor$Worker.run(ThreadPoolExecutor.java:624)
	at java.lang.Thread.run(Thread.java:748)
Caused by: com.mongodb.MongoTimeoutException: Timed out after 30000 ms while waiting to connect. Client view of cluster state is {type=UNKNOWN, servers=[{address=10.228.86.202:27017, type=UNKNOWN, state=CONNECTING, exception={com.mongodb.MongoSocketOpenException: Exception opening socket}, caused by {java.net.ConnectException: Connection refused: connect}}]
	at com.mongodb.internal.connection.BaseCluster.getDescription(BaseCluster.java:182)
	at com.mongodb.internal.connection.SingleServerCluster.getDescription(SingleServerCluster.java:41)
	at com.mongodb.client.internal.MongoClientDelegate.getConnectedClusterDescription(MongoClientDelegate.java:145)
	at com.mongodb.client.internal.MongoClientDelegate.createClientSession(MongoClientDelegate.java:100)
	at com.mongodb.client.internal.MongoClientDelegate$DelegateOperationExecutor.getClientSession(MongoClientDelegate.java:277)
	at com.mongodb.client.internal.MongoClientDelegate$DelegateOperationExecutor.execute(MongoClientDelegate.java:181)
	at com.mongodb.client.internal.MongoDatabaseImpl.executeCommand(MongoDatabaseImpl.java:186)
	at com.mongodb.client.internal.MongoDatabaseImpl.runCommand(MongoDatabaseImpl.java:155)
	at com.mongodb.client.internal.MongoDatabaseImpl.runCommand(MongoDatabaseImpl.java:150)
	at org.springframework.data.mongodb.core.MongoTemplate.lambda$executeCommand$2(MongoTemplate.java:476)
	at org.springframework.data.mongodb.core.MongoTemplate.execute(MongoTemplate.java:558)
	... 46 common frames omitted
05-24  17:20:52.557  INFO  -|EBvUbagQUvMyNje7|- [HTTP_LOG] [http-nio-8092-exec-2] => ========================\\                      
05-24  17:20:52.558  INFO  -|EBvUbagQUvMyNje7|- [HTTP_LOG] [http-nio-8092-exec-2] =>                          \\                     
05-24  17:20:52.558  INFO  -|EBvUbagQUvMyNje7|- [HTTP_LOG] [http-nio-8092-exec-2] =>                           \\                    
05-24  17:20:52.558  INFO  -|EBvUbagQUvMyNje7|- [HTTP_LOG] [http-nio-8092-exec-2] => RequestURI:        /callback
05-24  17:20:54.414  INFO  -|EBvUbagQUvMyNje7|- [com.chenfan.finance.controller.common.CallbackController] [http-nio-8092-exec-2] => callback-> {    "approvalId": 1,    "param": "{\"className\":\"CfInvoiceHeader\",\"json\":\"{\"a\":\"a\",\"b\":\"b\"}\"}",    "eventType": 1,    "approvalFlag": true,    "approvalFinished": 0,    "nextApprovalUserId": "cc1",    "nextApprovalUserName": "cc2",    "className": "CfInvoiceHeader"}
05-24  17:21:01.473  ERROR -|EBvUbagQUvMyNje7|- [com.chenfan.common.exception.GlobalDefaultExceptionHandler] [http-nio-8092-exec-2] => [[Exception, ERROR, syntax error, unexpect token error]] {}: {}
com.alibaba.fastjson.JSONException: syntax error, unexpect token error
	at com.alibaba.fastjson.parser.deserializer.JavaBeanDeserializer.deserialze(JavaBeanDeserializer.java:891)
	at com.alibaba.fastjson.parser.deserializer.JavaBeanDeserializer.parseRest(JavaBeanDeserializer.java:1576)
	at com.alibaba.fastjson.parser.deserializer.FastjsonASMDeserializer_7_ApprovalJson.deserialze(Unknown Source)
	at com.alibaba.fastjson.parser.deserializer.JavaBeanDeserializer.deserialze(JavaBeanDeserializer.java:284)
	at com.alibaba.fastjson.parser.DefaultJSONParser.parseObject(DefaultJSONParser.java:688)
	at com.alibaba.fastjson.JSON.parseObject(JSON.java:396)
	at com.alibaba.fastjson.JSON.parseObject(JSON.java:300)
	at com.alibaba.fastjson.JSON.parseObject(JSON.java:573)
	at com.chenfan.finance.controller.common.CallbackController.callback(CallbackController.java:91)
	at sun.reflect.NativeMethodAccessorImpl.invoke0(Native Method)
	at sun.reflect.NativeMethodAccessorImpl.invoke(NativeMethodAccessorImpl.java:62)
	at sun.reflect.DelegatingMethodAccessorImpl.invoke(DelegatingMethodAccessorImpl.java:43)
	at java.lang.reflect.Method.invoke(Method.java:498)
	at org.springframework.web.method.support.InvocableHandlerMethod.doInvoke(InvocableHandlerMethod.java:190)
	at org.springframework.web.method.support.InvocableHandlerMethod.invokeForRequest(InvocableHandlerMethod.java:138)
	at org.springframework.web.servlet.mvc.method.annotation.ServletInvocableHandlerMethod.invokeAndHandle(ServletInvocableHandlerMethod.java:105)
	at org.springframework.web.servlet.mvc.method.annotation.RequestMappingHandlerAdapter.invokeHandlerMethod(RequestMappingHandlerAdapter.java:878)
	at org.springframework.web.servlet.mvc.method.annotation.RequestMappingHandlerAdapter.handleInternal(RequestMappingHandlerAdapter.java:792)
	at org.springframework.web.servlet.mvc.method.AbstractHandlerMethodAdapter.handle(AbstractHandlerMethodAdapter.java:87)
	at org.springframework.web.servlet.DispatcherServlet.doDispatch(DispatcherServlet.java:1040)
	at org.springframework.web.servlet.DispatcherServlet.doService(DispatcherServlet.java:943)
	at org.springframework.web.servlet.FrameworkServlet.processRequest(FrameworkServlet.java:1006)
	at org.springframework.web.servlet.FrameworkServlet.doPost(FrameworkServlet.java:909)
	at javax.servlet.http.HttpServlet.service(HttpServlet.java:652)
	at org.springframework.web.servlet.FrameworkServlet.service(FrameworkServlet.java:883)
	at javax.servlet.http.HttpServlet.service(HttpServlet.java:733)
	at org.apache.catalina.core.ApplicationFilterChain.internalDoFilter(ApplicationFilterChain.java:231)
	at org.apache.catalina.core.ApplicationFilterChain.doFilter(ApplicationFilterChain.java:166)
	at org.apache.tomcat.websocket.server.WsFilter.doFilter(WsFilter.java:53)
	at org.apache.catalina.core.ApplicationFilterChain.internalDoFilter(ApplicationFilterChain.java:193)
	at org.apache.catalina.core.ApplicationFilterChain.doFilter(ApplicationFilterChain.java:166)
	at com.chenfan.ccp.plug.log.config.FilterConfig$CustomFilter.traceHttp(FilterConfig.java:144)
	at com.chenfan.ccp.plug.log.config.FilterConfig$CustomFilter.doFilter(FilterConfig.java:200)
	at org.apache.catalina.core.ApplicationFilterChain.internalDoFilter(ApplicationFilterChain.java:193)
	at org.apache.catalina.core.ApplicationFilterChain.doFilter(ApplicationFilterChain.java:166)
	at org.springframework.web.filter.RequestContextFilter.doFilterInternal(RequestContextFilter.java:100)
	at org.springframework.web.filter.OncePerRequestFilter.doFilter(OncePerRequestFilter.java:119)
	at org.apache.catalina.core.ApplicationFilterChain.internalDoFilter(ApplicationFilterChain.java:193)
	at org.apache.catalina.core.ApplicationFilterChain.doFilter(ApplicationFilterChain.java:166)
	at org.springframework.web.filter.FormContentFilter.doFilterInternal(FormContentFilter.java:93)
	at org.springframework.web.filter.OncePerRequestFilter.doFilter(OncePerRequestFilter.java:119)
	at org.apache.catalina.core.ApplicationFilterChain.internalDoFilter(ApplicationFilterChain.java:193)
	at org.apache.catalina.core.ApplicationFilterChain.doFilter(ApplicationFilterChain.java:166)
	at org.springframework.session.web.http.SessionRepositoryFilter.doFilterInternal(SessionRepositoryFilter.java:141)
	at org.springframework.session.web.http.OncePerRequestFilter.doFilter(OncePerRequestFilter.java:82)
	at org.apache.catalina.core.ApplicationFilterChain.internalDoFilter(ApplicationFilterChain.java:193)
	at org.apache.catalina.core.ApplicationFilterChain.doFilter(ApplicationFilterChain.java:166)
	at org.springframework.boot.actuate.metrics.web.servlet.WebMvcMetricsFilter.doFilterInternal(WebMvcMetricsFilter.java:109)
	at org.springframework.web.filter.OncePerRequestFilter.doFilter(OncePerRequestFilter.java:119)
	at org.apache.catalina.core.ApplicationFilterChain.internalDoFilter(ApplicationFilterChain.java:193)
	at org.apache.catalina.core.ApplicationFilterChain.doFilter(ApplicationFilterChain.java:166)
	at org.springframework.web.filter.CharacterEncodingFilter.doFilterInternal(CharacterEncodingFilter.java:201)
	at org.springframework.web.filter.OncePerRequestFilter.doFilter(OncePerRequestFilter.java:119)
	at org.apache.catalina.core.ApplicationFilterChain.internalDoFilter(ApplicationFilterChain.java:193)
	at org.apache.catalina.core.ApplicationFilterChain.doFilter(ApplicationFilterChain.java:166)
	at org.apache.catalina.core.StandardWrapperValve.invoke(StandardWrapperValve.java:202)
	at org.apache.catalina.core.StandardContextValve.invoke(StandardContextValve.java:96)
	at org.apache.catalina.authenticator.AuthenticatorBase.invoke(AuthenticatorBase.java:541)
	at org.apache.catalina.core.StandardHostValve.invoke(StandardHostValve.java:139)
	at org.apache.catalina.valves.ErrorReportValve.invoke(ErrorReportValve.java:92)
	at org.apache.catalina.core.StandardEngineValve.invoke(StandardEngineValve.java:74)
	at org.apache.catalina.connector.CoyoteAdapter.service(CoyoteAdapter.java:343)
	at org.apache.coyote.http11.Http11Processor.service(Http11Processor.java:373)
	at org.apache.coyote.AbstractProcessorLight.process(AbstractProcessorLight.java:65)
	at org.apache.coyote.AbstractProtocol$ConnectionHandler.process(AbstractProtocol.java:868)
	at org.apache.tomcat.util.net.NioEndpoint$SocketProcessor.doRun(NioEndpoint.java:1589)
	at org.apache.tomcat.util.net.SocketProcessorBase.run(SocketProcessorBase.java:49)
	at java.util.concurrent.ThreadPoolExecutor.runWorker(ThreadPoolExecutor.java:1149)
	at java.util.concurrent.ThreadPoolExecutor$Worker.run(ThreadPoolExecutor.java:624)
	at org.apache.tomcat.util.threads.TaskThread$WrappingRunnable.run(TaskThread.java:61)
	at java.lang.Thread.run(Thread.java:748)
05-24  17:21:01.475  INFO  -|EBvUbagQUvMyNje7|- [HTTP_LOG] [http-nio-8092-exec-2] => RequestParams:     860578763365700={    "approvalId": 1,    "param": "{\"className\":\"CfInvoiceHeader\",\"json\":\"{\"a\":\"a\",\"b\":\"b\"}\"}",    "eventType": 1,    "approvalFlag": true,    "approvalFinished": 0,    "nextApprovalUserId": "cc1",    "nextApprovalUserName": "cc2",    "className": "CfInvoiceHeader"}
05-24  17:21:01.476  INFO  -|EBvUbagQUvMyNje7|- [HTTP_LOG] [http-nio-8092-exec-2] => Total:             8918ms
05-24  17:21:01.476  INFO  -|EBvUbagQUvMyNje7|- [HTTP_LOG] [http-nio-8092-exec-2] =>                           //                      
05-24  17:21:01.476  INFO  -|EBvUbagQUvMyNje7|- [HTTP_LOG] [http-nio-8092-exec-2] =>                          //                       
05-24  17:21:01.476  INFO  -|EBvUbagQUvMyNje7|- [HTTP_LOG] [http-nio-8092-exec-2] => ========================//                        



05-24  17:21:18.717  INFO  -||- [com.alibaba.nacos.client.config.impl.ClientWorker] [com.alibaba.nacos.client.Worker.longPolling.fixed-10.228.81.30_3848-test] => get changedGroupKeys:[]
05-24  17:21:24.921  INFO  -|EBvUbagQUvMyNjFl|- [HTTP_LOG] [http-nio-8092-exec-3] => ========================\\                      
05-24  17:21:24.922  INFO  -|EBvUbagQUvMyNjFl|- [HTTP_LOG] [http-nio-8092-exec-3] =>                          \\                     
05-24  17:21:24.922  INFO  -|EBvUbagQUvMyNjFl|- [HTTP_LOG] [http-nio-8092-exec-3] =>                           \\                    
05-24  17:21:24.922  INFO  -|EBvUbagQUvMyNjFl|- [HTTP_LOG] [http-nio-8092-exec-3] => RequestURI:        /callback
05-24  17:21:25.770  INFO  -|EBvUbagQUvMyNjFl|- [com.chenfan.finance.controller.common.CallbackController] [http-nio-8092-exec-3] => callback-> {    "approvalId": 1,    "param": "\"className\":\"CfInvoiceHeader\",\"json\":\"{\"a\":\"a\",\"b\":\"b\"}\"",    "eventType": 1,    "approvalFlag": true,    "approvalFinished": 0,    "nextApprovalUserId": "cc1",    "nextApprovalUserName": "cc2",    "className": "CfInvoiceHeader"}
05-24  17:21:29.040  ERROR -|EBvUbagQUvMyNjFl|- [com.chenfan.common.exception.GlobalDefaultExceptionHandler] [http-nio-8092-exec-3] => [[Exception, ERROR, syntax error, expect {, actual string, pos 0, fastjson-version 1.2.70]] {}: {}
com.alibaba.fastjson.JSONException: syntax error, expect {, actual string, pos 0, fastjson-version 1.2.70
	at com.alibaba.fastjson.parser.deserializer.JavaBeanDeserializer.deserialze(JavaBeanDeserializer.java:503)
	at com.alibaba.fastjson.parser.deserializer.JavaBeanDeserializer.parseRest(JavaBeanDeserializer.java:1576)
	at com.alibaba.fastjson.parser.deserializer.FastjsonASMDeserializer_7_ApprovalJson.deserialze(Unknown Source)
	at com.alibaba.fastjson.parser.deserializer.JavaBeanDeserializer.deserialze(JavaBeanDeserializer.java:284)
	at com.alibaba.fastjson.parser.DefaultJSONParser.parseObject(DefaultJSONParser.java:688)
	at com.alibaba.fastjson.JSON.parseObject(JSON.java:396)
	at com.alibaba.fastjson.JSON.parseObject(JSON.java:300)
	at com.alibaba.fastjson.JSON.parseObject(JSON.java:573)
	at com.chenfan.finance.controller.common.CallbackController.callback(CallbackController.java:91)
	at sun.reflect.NativeMethodAccessorImpl.invoke0(Native Method)
	at sun.reflect.NativeMethodAccessorImpl.invoke(NativeMethodAccessorImpl.java:62)
	at sun.reflect.DelegatingMethodAccessorImpl.invoke(DelegatingMethodAccessorImpl.java:43)
	at java.lang.reflect.Method.invoke(Method.java:498)
	at org.springframework.web.method.support.InvocableHandlerMethod.doInvoke(InvocableHandlerMethod.java:190)
	at org.springframework.web.method.support.InvocableHandlerMethod.invokeForRequest(InvocableHandlerMethod.java:138)
	at org.springframework.web.servlet.mvc.method.annotation.ServletInvocableHandlerMethod.invokeAndHandle(ServletInvocableHandlerMethod.java:105)
	at org.springframework.web.servlet.mvc.method.annotation.RequestMappingHandlerAdapter.invokeHandlerMethod(RequestMappingHandlerAdapter.java:878)
	at org.springframework.web.servlet.mvc.method.annotation.RequestMappingHandlerAdapter.handleInternal(RequestMappingHandlerAdapter.java:792)
	at org.springframework.web.servlet.mvc.method.AbstractHandlerMethodAdapter.handle(AbstractHandlerMethodAdapter.java:87)
	at org.springframework.web.servlet.DispatcherServlet.doDispatch(DispatcherServlet.java:1040)
	at org.springframework.web.servlet.DispatcherServlet.doService(DispatcherServlet.java:943)
	at org.springframework.web.servlet.FrameworkServlet.processRequest(FrameworkServlet.java:1006)
	at org.springframework.web.servlet.FrameworkServlet.doPost(FrameworkServlet.java:909)
	at javax.servlet.http.HttpServlet.service(HttpServlet.java:652)
	at org.springframework.web.servlet.FrameworkServlet.service(FrameworkServlet.java:883)
	at javax.servlet.http.HttpServlet.service(HttpServlet.java:733)
	at org.apache.catalina.core.ApplicationFilterChain.internalDoFilter(ApplicationFilterChain.java:231)
	at org.apache.catalina.core.ApplicationFilterChain.doFilter(ApplicationFilterChain.java:166)
	at org.apache.tomcat.websocket.server.WsFilter.doFilter(WsFilter.java:53)
	at org.apache.catalina.core.ApplicationFilterChain.internalDoFilter(ApplicationFilterChain.java:193)
	at org.apache.catalina.core.ApplicationFilterChain.doFilter(ApplicationFilterChain.java:166)
	at com.chenfan.ccp.plug.log.config.FilterConfig$CustomFilter.traceHttp(FilterConfig.java:144)
	at com.chenfan.ccp.plug.log.config.FilterConfig$CustomFilter.doFilter(FilterConfig.java:200)
	at org.apache.catalina.core.ApplicationFilterChain.internalDoFilter(ApplicationFilterChain.java:193)
	at org.apache.catalina.core.ApplicationFilterChain.doFilter(ApplicationFilterChain.java:166)
	at org.springframework.web.filter.RequestContextFilter.doFilterInternal(RequestContextFilter.java:100)
	at org.springframework.web.filter.OncePerRequestFilter.doFilter(OncePerRequestFilter.java:119)
	at org.apache.catalina.core.ApplicationFilterChain.internalDoFilter(ApplicationFilterChain.java:193)
	at org.apache.catalina.core.ApplicationFilterChain.doFilter(ApplicationFilterChain.java:166)
	at org.springframework.web.filter.FormContentFilter.doFilterInternal(FormContentFilter.java:93)
	at org.springframework.web.filter.OncePerRequestFilter.doFilter(OncePerRequestFilter.java:119)
	at org.apache.catalina.core.ApplicationFilterChain.internalDoFilter(ApplicationFilterChain.java:193)
	at org.apache.catalina.core.ApplicationFilterChain.doFilter(ApplicationFilterChain.java:166)
	at org.springframework.session.web.http.SessionRepositoryFilter.doFilterInternal(SessionRepositoryFilter.java:141)
	at org.springframework.session.web.http.OncePerRequestFilter.doFilter(OncePerRequestFilter.java:82)
	at org.apache.catalina.core.ApplicationFilterChain.internalDoFilter(ApplicationFilterChain.java:193)
	at org.apache.catalina.core.ApplicationFilterChain.doFilter(ApplicationFilterChain.java:166)
	at org.springframework.boot.actuate.metrics.web.servlet.WebMvcMetricsFilter.doFilterInternal(WebMvcMetricsFilter.java:109)
	at org.springframework.web.filter.OncePerRequestFilter.doFilter(OncePerRequestFilter.java:119)
	at org.apache.catalina.core.ApplicationFilterChain.internalDoFilter(ApplicationFilterChain.java:193)
	at org.apache.catalina.core.ApplicationFilterChain.doFilter(ApplicationFilterChain.java:166)
	at org.springframework.web.filter.CharacterEncodingFilter.doFilterInternal(CharacterEncodingFilter.java:201)
	at org.springframework.web.filter.OncePerRequestFilter.doFilter(OncePerRequestFilter.java:119)
	at org.apache.catalina.core.ApplicationFilterChain.internalDoFilter(ApplicationFilterChain.java:193)
	at org.apache.catalina.core.ApplicationFilterChain.doFilter(ApplicationFilterChain.java:166)
	at org.apache.catalina.core.StandardWrapperValve.invoke(StandardWrapperValve.java:202)
	at org.apache.catalina.core.StandardContextValve.invoke(StandardContextValve.java:96)
	at org.apache.catalina.authenticator.AuthenticatorBase.invoke(AuthenticatorBase.java:541)
	at org.apache.catalina.core.StandardHostValve.invoke(StandardHostValve.java:139)
	at org.apache.catalina.valves.ErrorReportValve.invoke(ErrorReportValve.java:92)
	at org.apache.catalina.core.StandardEngineValve.invoke(StandardEngineValve.java:74)
	at org.apache.catalina.connector.CoyoteAdapter.service(CoyoteAdapter.java:343)
	at org.apache.coyote.http11.Http11Processor.service(Http11Processor.java:373)
	at org.apache.coyote.AbstractProcessorLight.process(AbstractProcessorLight.java:65)
	at org.apache.coyote.AbstractProtocol$ConnectionHandler.process(AbstractProtocol.java:868)
	at org.apache.tomcat.util.net.NioEndpoint$SocketProcessor.doRun(NioEndpoint.java:1589)
	at org.apache.tomcat.util.net.SocketProcessorBase.run(SocketProcessorBase.java:49)
	at java.util.concurrent.ThreadPoolExecutor.runWorker(ThreadPoolExecutor.java:1149)
	at java.util.concurrent.ThreadPoolExecutor$Worker.run(ThreadPoolExecutor.java:624)
	at org.apache.tomcat.util.threads.TaskThread$WrappingRunnable.run(TaskThread.java:61)
	at java.lang.Thread.run(Thread.java:748)
05-24  17:21:29.041  INFO  -|EBvUbagQUvMyNjFl|- [HTTP_LOG] [http-nio-8092-exec-3] => RequestParams:     860611129333400={    "approvalId": 1,    "param": "\"className\":\"CfInvoiceHeader\",\"json\":\"{\"a\":\"a\",\"b\":\"b\"}\"",    "eventType": 1,    "approvalFlag": true,    "approvalFinished": 0,    "nextApprovalUserId": "cc1",    "nextApprovalUserName": "cc2",    "className": "CfInvoiceHeader"}
05-24  17:21:29.041  INFO  -|EBvUbagQUvMyNjFl|- [HTTP_LOG] [http-nio-8092-exec-3] => Total:             4120ms
05-24  17:21:29.041  INFO  -|EBvUbagQUvMyNjFl|- [HTTP_LOG] [http-nio-8092-exec-3] =>                           //                      
05-24  17:21:29.041  INFO  -|EBvUbagQUvMyNjFl|- [HTTP_LOG] [http-nio-8092-exec-3] =>                          //                       
05-24  17:21:29.041  INFO  -|EBvUbagQUvMyNjFl|- [HTTP_LOG] [http-nio-8092-exec-3] => ========================//                        



05-24  17:21:44.113  INFO  -||- [org.springframework.scheduling.concurrent.ThreadPoolTaskScheduler] [SpringContextShutdownHook] => Shutting down ExecutorService 'sheduleClearMemory'
05-24  17:21:44.117  INFO  -||- [com.alibaba.cloud.nacos.registry.NacosServiceRegistry] [SpringContextShutdownHook] => De-registering from Nacos Server now...
05-24  17:21:44.117  INFO  -||- [com.alibaba.nacos.client.naming] [SpringContextShutdownHook] => [BEAT] removing beat: TEST_GROUP@@chenfan-cloud-finance:10.228.84.57:8092 from beat map.
05-24  17:21:44.117  INFO  -||- [com.alibaba.nacos.client.naming] [SpringContextShutdownHook] => [DEREGISTER-SERVICE] test deregistering service TEST_GROUP@@chenfan-cloud-finance with instance: {"clusterName":"DEFAULT","enabled":true,"ephemeral":true,"healthy":true,"instanceHeartBeatInterval":5000,"instanceHeartBeatTimeOut":15000,"instanceIdGenerator":"simple","ip":"10.228.84.57","ipDeleteTimeout":30000,"metadata":{},"port":8092,"weight":1.0}
05-24  17:21:44.120  INFO  -||- [com.alibaba.cloud.nacos.registry.NacosServiceRegistry] [SpringContextShutdownHook] => De-registration finished.
05-24  17:21:44.123  INFO  -||- [com.xxl.job.core.server.EmbedServer] [Thread-84] => >>>>>>>>>>> xxl-job remoting server stop.
05-24  17:21:44.130  INFO  -||- [com.xxl.job.core.thread.ExecutorRegistryThread] [xxl-job, executor ExecutorRegistryThread] => >>>>>>>>>>> xxl-job registry-remove success, registryParam:RegistryParam{registryGroup='EXECUTOR', registryKey='chenfan-finance', registryValue='http://10.228.84.57:10000/'}, registryResult:ReturnT [code=200, msg=null, content=null]
05-24  17:21:44.130  INFO  -||- [com.xxl.job.core.thread.ExecutorRegistryThread] [xxl-job, executor ExecutorRegistryThread] => >>>>>>>>>>> xxl-job, executor registry thread destory.
05-24  17:21:44.130  INFO  -||- [com.xxl.job.core.server.EmbedServer] [SpringContextShutdownHook] => >>>>>>>>>>> xxl-job remoting server destroy success.
05-24  17:21:44.131  INFO  -||- [com.xxl.job.core.thread.TriggerCallbackThread] [xxl-job, executor TriggerCallbackThread] => >>>>>>>>>>> xxl-job, executor callback thread destory.
05-24  17:21:44.131  INFO  -||- [com.xxl.job.core.thread.TriggerCallbackThread] [Thread-83] => >>>>>>>>>>> xxl-job, executor retry callback thread destory.
05-24  17:21:44.132  INFO  -||- [org.springframework.scheduling.concurrent.ThreadPoolTaskScheduler] [SpringContextShutdownHook] => Shutting down ExecutorService 'sheduleClearMemory'
05-24  17:21:44.145  INFO  -||- [RocketmqRemoting] [NettyClientSelector_1] => closeChannel: close the connection to remote address[10.228.81.30:9876] result: true
05-24  17:21:44.145  INFO  -||- [RocketmqRemoting] [NettyClientSelector_1] => closeChannel: close the connection to remote address[10.228.81.30:10911] result: true
05-24  17:21:44.145  INFO  -||- [RocketmqRemoting] [NettyClientSelector_1] => closeChannel: close the connection to remote address[10.228.81.30:10909] result: true
05-24  17:21:44.150  INFO  -||- [RocketmqRemoting] [NettyClientSelector_1] => closeChannel: close the connection to remote address[10.228.81.30:9876] result: true
05-24  17:21:44.151  INFO  -||- [RocketmqRemoting] [NettyClientSelector_1] => closeChannel: close the connection to remote address[10.228.81.30:10911] result: true
05-24  17:21:44.151  INFO  -||- [RocketmqRemoting] [NettyClientSelector_1] => closeChannel: close the connection to remote address[10.228.81.30:10909] result: true
05-24  17:21:44.155  INFO  -||- [org.springframework.orm.jpa.LocalContainerEntityManagerFactoryBean] [SpringContextShutdownHook] => Closing JPA EntityManagerFactory for persistence unit 'default'
05-24  17:21:44.157  INFO  -||- [com.alibaba.druid.pool.DruidDataSource] [SpringContextShutdownHook] => {dataSource-1} closing ...
05-24  17:21:44.163  INFO  -||- [com.alibaba.druid.pool.DruidDataSource] [SpringContextShutdownHook] => {dataSource-1} closed
